# JRE version: OpenJDK Runtime Environment Corretto-19.0.2.7.1 (19.0.2+7) (build 19.0.2+7-FR)
# Java VM: OpenJDK 64-Bit Server VM Corretto-19.0.2.7.1 (19.0.2+7-FR, mixed mode, sharing, tiered, compressed oops, compressed class ptrs, g1 gc, windows-amd64)
GC Precious Log:
 CardTable entry size: 512
 Card Set container configuration: InlinePtr #cards 5 size 8 Array Of Cards #cards 12 size 40 Howl #buckets 4 coarsen threshold 1843 Howl Bitmap #cards 512 size 80 coarsen threshold 460 Card regions per heap region 1 cards per card region 2048
 CPUs: 8 total, 8 available
 Memory: 7926M
 Large Page Support: Disabled
 NUMA Support: Disabled
 Compressed Oops: Enabled (32-bit)
 Heap Region Size: 1M
 Heap Min Capacity: 8M
 Heap Initial Capacity: 124M
 Heap Max Capacity: 1982M
 Pre-touch: Disabled
 Parallel Workers: 8
 Concurrent Workers: 2
 Concurrent Refinement Workers: 8
 Periodic GC: Disabled
Heap:
 garbage-first heap   total 51200K, used 39748K [0x0000000084200000, 0x0000000100000000)
  region size 1024K, 18 young (18432K), 1 survivors (1024K)
 Metaspace       used 46311K, committed 46976K, reserved 1114112K
  class space    used 5587K, committed 5888K, reserved 1048576K
GC Heap History (20 events):
Event: 8.538 GC heap before
{Heap before GC invocations=8 (full 0):
 garbage-first heap   total 51200K, used 26325K [0x0000000084200000, 0x0000000100000000)
  region size 1024K, 11 young (11264K), 3 survivors (3072K)
 Metaspace       used 35409K, committed 35968K, reserved 1114112K
  class space    used 4522K, committed 4800K, reserved 1048576K
}
Event: 8.541 GC heap after
{Heap after GC invocations=9 (full 0):
 garbage-first heap   total 51200K, used 20368K [0x0000000084200000, 0x0000000100000000)
  region size 1024K, 2 young (2048K), 2 survivors (2048K)
 Metaspace       used 35409K, committed 35968K, reserved 1114112K
  class space    used 4522K, committed 4800K, reserved 1048576K
}
Event: 35.247 GC heap before
{Heap before GC invocations=10 (full 0):
 garbage-first heap   total 51200K, used 36752K [0x0000000084200000, 0x0000000100000000)
  region size 1024K, 19 young (19456K), 2 survivors (2048K)
 Metaspace       used 38407K, committed 39104K, reserved 1114112K
  class space    used 4924K, committed 5248K, reserved 1048576K
}
Event: 35.253 GC heap after
{Heap after GC invocations=11 (full 0):
 garbage-first heap   total 51200K, used 21862K [0x0000000084200000, 0x0000000100000000)
  region size 1024K, 3 young (3072K), 3 survivors (3072K)
 Metaspace       used 38407K, committed 39104K, reserved 1114112K
  class space    used 4924K, committed 5248K, reserved 1048576K
}
Event: 35.293 GC heap before
{Heap before GC invocations=11 (full 0):
 garbage-first heap   total 51200K, used 22886K [0x0000000084200000, 0x0000000100000000)
  region size 1024K, 4 young (4096K), 3 survivors (3072K)
 Metaspace       used 38717K, committed 39360K, reserved 1114112K
  class space    used 4962K, committed 5248K, reserved 1048576K
}
Event: 35.296 GC heap after
{Heap after GC invocations=12 (full 0):
 garbage-first heap   total 51200K, used 21894K [0x0000000084200000, 0x0000000100000000)
  region size 1024K, 1 young (1024K), 1 survivors (1024K)
 Metaspace       used 38717K, committed 39360K, reserved 1114112K
  class space    used 4962K, committed 5248K, reserved 1048576K
}
Event: 251.666 GC heap before
{Heap before GC invocations=12 (full 0):
 garbage-first heap   total 51200K, used 38278K [0x0000000084200000, 0x0000000100000000)
  region size 1024K, 18 young (18432K), 1 survivors (1024K)
 Metaspace       used 42153K, committed 42816K, reserved 1114112K
  class space    used 5375K, committed 5696K, reserved 1048576K
}
Event: 251.686 GC heap after
{Heap after GC invocations=13 (full 0):
 garbage-first heap   total 51200K, used 22479K [0x0000000084200000, 0x0000000100000000)
  region size 1024K, 2 young (2048K), 2 survivors (2048K)
 Metaspace       used 42153K, committed 42816K, reserved 1114112K
  class space    used 5375K, committed 5696K, reserved 1048576K
}
Event: 270.651 GC heap before
{Heap before GC invocations=13 (full 0):
 garbage-first heap   total 51200K, used 39887K [0x0000000084200000, 0x0000000100000000)
  region size 1024K, 19 young (19456K), 2 survivors (2048K)
 Metaspace       used 44089K, committed 44736K, reserved 1114112K
  class space    used 5576K, committed 5888K, reserved 1048576K
}
Event: 270.666 GC heap after
{Heap after GC invocations=14 (full 0):
 garbage-first heap   total 51200K, used 23495K [0x0000000084200000, 0x0000000100000000)
  region size 1024K, 3 young (3072K), 3 survivors (3072K)
 Metaspace       used 44089K, committed 44736K, reserved 1114112K
  class space    used 5576K, committed 5888K, reserved 1048576K
}
Event: 319.870 GC heap before
{Heap before GC invocations=14 (full 0):
 garbage-first heap   total 51200K, used 39879K [0x0000000084200000, 0x0000000100000000)
  region size 1024K, 19 young (19456K), 3 survivors (3072K)
 Metaspace       used 44930K, committed 45568K, reserved 1114112K
  class space    used 5584K, committed 5888K, reserved 1048576K
}
Event: 319.880 GC heap after
{Heap after GC invocations=15 (full 0):
 garbage-first heap   total 51200K, used 23524K [0x0000000084200000, 0x0000000100000000)
  region size 1024K, 2 young (2048K), 2 survivors (2048K)
 Metaspace       used 44930K, committed 45568K, reserved 1114112K
  class space    used 5584K, committed 5888K, reserved 1048576K
}
Event: 485.285 GC heap before
{Heap before GC invocations=15 (full 0):
 garbage-first heap   total 51200K, used 40932K [0x0000000084200000, 0x0000000100000000)
  region size 1024K, 19 young (19456K), 2 survivors (2048K)
 Metaspace       used 45403K, committed 46080K, reserved 1114112K
  class space    used 5585K, committed 5888K, reserved 1048576K
}
Event: 485.305 GC heap after
{Heap after GC invocations=16 (full 0):
 garbage-first heap   total 51200K, used 23473K [0x0000000084200000, 0x0000000100000000)
  region size 1024K, 2 young (2048K), 2 survivors (2048K)
 Metaspace       used 45403K, committed 46080K, reserved 1114112K
  class space    used 5585K, committed 5888K, reserved 1048576K
}
Event: 489.932 GC heap before
{Heap before GC invocations=16 (full 0):
 garbage-first heap   total 51200K, used 40881K [0x0000000084200000, 0x0000000100000000)
  region size 1024K, 19 young (19456K), 2 survivors (2048K)
 Metaspace       used 46122K, committed 46720K, reserved 1114112K
  class space    used 5586K, committed 5888K, reserved 1048576K
}
Event: 489.938 GC heap after
{Heap after GC invocations=17 (full 0):
 garbage-first heap   total 51200K, used 23481K [0x0000000084200000, 0x0000000100000000)
  region size 1024K, 2 young (2048K), 2 survivors (2048K)
 Metaspace       used 46122K, committed 46720K, reserved 1114112K
  class space    used 5586K, committed 5888K, reserved 1048576K
}
Event: 500.906 GC heap before
{Heap before GC invocations=17 (full 0):
 garbage-first heap   total 51200K, used 41913K [0x0000000084200000, 0x0000000100000000)
  region size 1024K, 20 young (20480K), 2 survivors (2048K)
 Metaspace       used 46188K, committed 46784K, reserved 1114112K
  class space    used 5586K, committed 5888K, reserved 1048576K
}
Event: 500.909 GC heap after
{Heap after GC invocations=18 (full 0):
 garbage-first heap   total 51200K, used 23481K [0x0000000084200000, 0x0000000100000000)
  region size 1024K, 2 young (2048K), 2 survivors (2048K)
 Metaspace       used 46188K, committed 46784K, reserved 1114112K
  class space    used 5586K, committed 5888K, reserved 1048576K
}
Event: 714.198 GC heap before
{Heap before GC invocations=18 (full 0):
 garbage-first heap   total 51200K, used 41913K [0x0000000084200000, 0x0000000100000000)
  region size 1024K, 20 young (20480K), 2 survivors (2048K)
 Metaspace       used 46274K, committed 46912K, reserved 1114112K
  class space    used 5587K, committed 5888K, reserved 1048576K
}
Event: 714.243 GC heap after
{Heap after GC invocations=19 (full 0):
 garbage-first heap   total 51200K, used 23364K [0x0000000084200000, 0x0000000100000000)
  region size 1024K, 1 young (1024K), 1 survivors (1024K)
 Metaspace       used 46274K, committed 46912K, reserved 1114112K
  class space    used 5587K, committed 5888K, reserved 1048576K
}

