# JRE version: OpenJDK Runtime Environment Corretto-19.0.2.7.1 (19.0.2+7) (build 19.0.2+7-FR)
# Java VM: OpenJDK 64-Bit Server VM Corretto-19.0.2.7.1 (19.0.2+7-FR, mixed mode, sharing, tiered, compressed oops, compressed class ptrs, g1 gc, windows-amd64)
GC Precious Log:
 CardTable entry size: 512
 Card Set container configuration: InlinePtr #cards 5 size 8 Array Of Cards #cards 12 size 40 Howl #buckets 4 coarsen threshold 1843 Howl Bitmap #cards 512 size 80 coarsen threshold 460 Card regions per heap region 1 cards per card region 2048
 CPUs: 8 total, 8 available
 Memory: 7926M
 Large Page Support: Disabled
 NUMA Support: Disabled
 Compressed Oops: Enabled (32-bit)
 Heap Region Size: 1M
 Heap Min Capacity: 8M
 Heap Initial Capacity: 124M
 Heap Max Capacity: 1982M
 Pre-touch: Disabled
 Parallel Workers: 8
 Concurrent Workers: 2
 Concurrent Refinement Workers: 8
 Periodic GC: Disabled
Heap:
 garbage-first heap   total 84992K, used 25403K [0x0000000084200000, 0x0000000100000000)
  region size 1024K, 4 young (4096K), 3 survivors (3072K)
 Metaspace       used 48662K, committed 49344K, reserved 1114112K
  class space    used 6113K, committed 6400K, reserved 1048576K
GC Heap History (20 events):
Event: 4.632 GC heap before
{Heap before GC invocations=2 (full 0):
 garbage-first heap   total 126976K, used 57712K [0x0000000084200000, 0x0000000100000000)
  region size 1024K, 52 young (53248K), 3 survivors (3072K)
 Metaspace       used 21124K, committed 21504K, reserved 1114112K
  class space    used 2554K, committed 2752K, reserved 1048576K
}
Event: 4.639 GC heap after
{Heap after GC invocations=3 (full 0):
 garbage-first heap   total 126976K, used 13380K [0x0000000084200000, 0x0000000100000000)
  region size 1024K, 7 young (7168K), 7 survivors (7168K)
 Metaspace       used 21124K, committed 21504K, reserved 1114112K
  class space    used 2554K, committed 2752K, reserved 1048576K
}
Event: 5.772 GC heap before
{Heap before GC invocations=4 (full 0):
 garbage-first heap   total 51200K, used 36932K [0x0000000084200000, 0x0000000100000000)
  region size 1024K, 30 young (30720K), 7 survivors (7168K)
 Metaspace       used 25474K, committed 25984K, reserved 1114112K
  class space    used 3133K, committed 3392K, reserved 1048576K
}
Event: 5.781 GC heap after
{Heap after GC invocations=5 (full 0):
 garbage-first heap   total 51200K, used 15696K [0x0000000084200000, 0x0000000100000000)
  region size 1024K, 3 young (3072K), 3 survivors (3072K)
 Metaspace       used 25474K, committed 25984K, reserved 1114112K
  class space    used 3133K, committed 3392K, reserved 1048576K
}
Event: 5.831 GC heap before
{Heap before GC invocations=5 (full 0):
 garbage-first heap   total 51200K, used 16720K [0x0000000084200000, 0x0000000100000000)
  region size 1024K, 4 young (4096K), 3 survivors (3072K)
 Metaspace       used 25622K, committed 26112K, reserved 1114112K
  class space    used 3170K, committed 3392K, reserved 1048576K
}
Event: 5.835 GC heap after
{Heap after GC invocations=6 (full 0):
 garbage-first heap   total 51200K, used 16093K [0x0000000084200000, 0x0000000100000000)
  region size 1024K, 1 young (1024K), 1 survivors (1024K)
 Metaspace       used 25622K, committed 26112K, reserved 1114112K
  class space    used 3170K, committed 3392K, reserved 1048576K
}
Event: 6.735 GC heap before
{Heap before GC invocations=6 (full 0):
 garbage-first heap   total 51200K, used 33501K [0x0000000084200000, 0x0000000100000000)
  region size 1024K, 19 young (19456K), 1 survivors (1024K)
 Metaspace       used 29571K, committed 30080K, reserved 1114112K
  class space    used 3652K, committed 3904K, reserved 1048576K
}
Event: 6.739 GC heap after
{Heap after GC invocations=7 (full 0):
 garbage-first heap   total 51200K, used 17448K [0x0000000084200000, 0x0000000100000000)
  region size 1024K, 2 young (2048K), 2 survivors (2048K)
 Metaspace       used 29571K, committed 30080K, reserved 1114112K
  class space    used 3652K, committed 3904K, reserved 1048576K
}
Event: 7.635 GC heap before
{Heap before GC invocations=7 (full 0):
 garbage-first heap   total 51200K, used 35880K [0x0000000084200000, 0x0000000100000000)
  region size 1024K, 20 young (20480K), 2 survivors (2048K)
 Metaspace       used 33997K, committed 34560K, reserved 1114112K
  class space    used 4301K, committed 4544K, reserved 1048576K
}
Event: 7.640 GC heap after
{Heap after GC invocations=8 (full 0):
 garbage-first heap   total 51200K, used 19035K [0x0000000084200000, 0x0000000100000000)
  region size 1024K, 2 young (2048K), 2 survivors (2048K)
 Metaspace       used 33997K, committed 34560K, reserved 1114112K
  class space    used 4301K, committed 4544K, reserved 1048576K
}
Event: 7.855 GC heap before
{Heap before GC invocations=8 (full 0):
 garbage-first heap   total 51200K, used 26203K [0x0000000084200000, 0x0000000100000000)
  region size 1024K, 10 young (10240K), 2 survivors (2048K)
 Metaspace       used 35472K, committed 35968K, reserved 1114112K
  class space    used 4518K, committed 4736K, reserved 1048576K
}
Event: 7.860 GC heap after
{Heap after GC invocations=9 (full 0):
 garbage-first heap   total 51200K, used 19954K [0x0000000084200000, 0x0000000100000000)
  region size 1024K, 1 young (1024K), 1 survivors (1024K)
 Metaspace       used 35472K, committed 35968K, reserved 1114112K
  class space    used 4518K, committed 4736K, reserved 1048576K
}
Event: 9.023 GC heap before
{Heap before GC invocations=10 (full 0):
 garbage-first heap   total 51200K, used 38386K [0x0000000084200000, 0x0000000100000000)
  region size 1024K, 19 young (19456K), 1 survivors (1024K)
 Metaspace       used 38104K, committed 38656K, reserved 1114112K
  class space    used 4872K, committed 5120K, reserved 1048576K
}
Event: 9.028 GC heap after
{Heap after GC invocations=11 (full 0):
 garbage-first heap   total 51200K, used 22024K [0x0000000084200000, 0x0000000100000000)
  region size 1024K, 3 young (3072K), 3 survivors (3072K)
 Metaspace       used 38104K, committed 38656K, reserved 1114112K
  class space    used 4872K, committed 5120K, reserved 1048576K
}
Event: 9.075 GC heap before
{Heap before GC invocations=11 (full 0):
 garbage-first heap   total 51200K, used 23048K [0x0000000084200000, 0x0000000100000000)
  region size 1024K, 4 young (4096K), 3 survivors (3072K)
 Metaspace       used 38278K, committed 38848K, reserved 1114112K
  class space    used 4892K, committed 5120K, reserved 1048576K
}
Event: 9.080 GC heap after
{Heap after GC invocations=12 (full 0):
 garbage-first heap   total 51200K, used 21880K [0x0000000084200000, 0x0000000100000000)
  region size 1024K, 1 young (1024K), 1 survivors (1024K)
 Metaspace       used 38278K, committed 38848K, reserved 1114112K
  class space    used 4892K, committed 5120K, reserved 1048576K
}
Event: 36.405 GC heap before
{Heap before GC invocations=12 (full 0):
 garbage-first heap   total 51200K, used 37240K [0x0000000084200000, 0x0000000100000000)
  region size 1024K, 17 young (17408K), 1 survivors (1024K)
 Metaspace       used 40856K, committed 41472K, reserved 1114112K
  class space    used 5264K, committed 5568K, reserved 1048576K
}
Event: 36.414 GC heap after
{Heap after GC invocations=13 (full 0):
 garbage-first heap   total 84992K, used 22994K [0x0000000084200000, 0x0000000100000000)
  region size 1024K, 2 young (2048K), 2 survivors (2048K)
 Metaspace       used 40856K, committed 41472K, reserved 1114112K
  class space    used 5264K, committed 5568K, reserved 1048576K
}
Event: 138.196 GC heap before
{Heap before GC invocations=13 (full 0):
 garbage-first heap   total 84992K, used 62930K [0x0000000084200000, 0x0000000100000000)
  region size 1024K, 41 young (41984K), 2 survivors (2048K)
 Metaspace       used 46400K, committed 47040K, reserved 1114112K
  class space    used 5963K, committed 6272K, reserved 1048576K
}
Event: 138.205 GC heap after
{Heap after GC invocations=14 (full 0):
 garbage-first heap   total 84992K, used 25123K [0x0000000084200000, 0x0000000100000000)
  region size 1024K, 4 young (4096K), 4 survivors (4096K)
 Metaspace       used 46400K, committed 47040K, reserved 1114112K
  class space    used 5963K, committed 6272K, reserved 1048576K
}

