# JRE version: OpenJDK Runtime Environment Corretto-19.0.2.7.1 (19.0.2+7) (build 19.0.2+7-FR)
# Java VM: OpenJDK 64-Bit Server VM Corretto-19.0.2.7.1 (19.0.2+7-FR, mixed mode, sharing, tiered, compressed oops, compressed class ptrs, g1 gc, windows-amd64)
GC Precious Log:
 CardTable entry size: 512
 Card Set container configuration: InlinePtr #cards 5 size 8 Array Of Cards #cards 12 size 40 Howl #buckets 4 coarsen threshold 1843 Howl Bitmap #cards 512 size 80 coarsen threshold 460 Card regions per heap region 1 cards per card region 2048
 CPUs: 8 total, 8 available
 Memory: 7926M
 Large Page Support: Disabled
 NUMA Support: Disabled
 Compressed Oops: Enabled (32-bit)
 Heap Region Size: 1M
 Heap Min Capacity: 8M
 Heap Initial Capacity: 124M
 Heap Max Capacity: 1982M
 Pre-touch: Disabled
 Parallel Workers: 8
 Concurrent Workers: 2
 Concurrent Refinement Workers: 8
 Periodic GC: Disabled
Heap:
 garbage-first heap   total 67584K, used 31000K [0x0000000084200000, 0x0000000100000000)
  region size 1024K, 11 young (11264K), 1 survivors (1024K)
 Metaspace       used 41894K, committed 42432K, reserved 1114112K
  class space    used 5378K, committed 5632K, reserved 1048576K
GC Heap History (20 events):
Event: 0.751 GC heap before
{Heap before GC invocations=0 (full 0):
 garbage-first heap   total 126976K, used 22528K [0x0000000084200000, 0x0000000100000000)
  region size 1024K, 23 young (23552K), 0 survivors (0K)
 Metaspace       used 5640K, committed 5824K, reserved 1114112K
  class space    used 638K, committed 704K, reserved 1048576K
}
Event: 0.760 GC heap after
{Heap after GC invocations=1 (full 0):
 garbage-first heap   total 126976K, used 6379K [0x0000000084200000, 0x0000000100000000)
  region size 1024K, 3 young (3072K), 3 survivors (3072K)
 Metaspace       used 5640K, committed 5824K, reserved 1114112K
  class space    used 638K, committed 704K, reserved 1048576K
}
Event: 1.250 GC heap before
{Heap before GC invocations=1 (full 0):
 garbage-first heap   total 126976K, used 35051K [0x0000000084200000, 0x0000000100000000)
  region size 1024K, 32 young (32768K), 3 survivors (3072K)
 Metaspace       used 13224K, committed 13568K, reserved 1114112K
  class space    used 1557K, committed 1728K, reserved 1048576K
}
Event: 1.254 GC heap after
{Heap after GC invocations=2 (full 0):
 garbage-first heap   total 126976K, used 10017K [0x0000000084200000, 0x0000000100000000)
  region size 1024K, 3 young (3072K), 3 survivors (3072K)
 Metaspace       used 13224K, committed 13568K, reserved 1114112K
  class space    used 1557K, committed 1728K, reserved 1048576K
}
Event: 2.335 GC heap before
{Heap before GC invocations=2 (full 0):
 garbage-first heap   total 126976K, used 55073K [0x0000000084200000, 0x0000000100000000)
  region size 1024K, 49 young (50176K), 3 survivors (3072K)
 Metaspace       used 21112K, committed 21504K, reserved 1114112K
  class space    used 2555K, committed 2752K, reserved 1048576K
}
Event: 2.341 GC heap after
{Heap after GC invocations=3 (full 0):
 garbage-first heap   total 126976K, used 13716K [0x0000000084200000, 0x0000000100000000)
  region size 1024K, 7 young (7168K), 7 survivors (7168K)
 Metaspace       used 21112K, committed 21504K, reserved 1114112K
  class space    used 2555K, committed 2752K, reserved 1048576K
}
Event: 2.888 GC heap before
{Heap before GC invocations=4 (full 0):
 garbage-first heap   total 51200K, used 37268K [0x0000000084200000, 0x0000000100000000)
  region size 1024K, 30 young (30720K), 7 survivors (7168K)
 Metaspace       used 25373K, committed 25728K, reserved 1114112K
  class space    used 3119K, committed 3264K, reserved 1048576K
}
Event: 2.893 GC heap after
{Heap after GC invocations=5 (full 0):
 garbage-first heap   total 51200K, used 15897K [0x0000000084200000, 0x0000000100000000)
  region size 1024K, 3 young (3072K), 3 survivors (3072K)
 Metaspace       used 25373K, committed 25728K, reserved 1114112K
  class space    used 3119K, committed 3264K, reserved 1048576K
}
Event: 2.914 GC heap before
{Heap before GC invocations=5 (full 0):
 garbage-first heap   total 51200K, used 16921K [0x0000000084200000, 0x0000000100000000)
  region size 1024K, 4 young (4096K), 3 survivors (3072K)
 Metaspace       used 25510K, committed 25984K, reserved 1114112K
  class space    used 3148K, committed 3392K, reserved 1048576K
}
Event: 2.916 GC heap after
{Heap after GC invocations=6 (full 0):
 garbage-first heap   total 51200K, used 15796K [0x0000000084200000, 0x0000000100000000)
  region size 1024K, 1 young (1024K), 1 survivors (1024K)
 Metaspace       used 25510K, committed 25984K, reserved 1114112K
  class space    used 3148K, committed 3392K, reserved 1048576K
}
Event: 3.379 GC heap before
{Heap before GC invocations=6 (full 0):
 garbage-first heap   total 51200K, used 34228K [0x0000000084200000, 0x0000000100000000)
  region size 1024K, 20 young (20480K), 1 survivors (1024K)
 Metaspace       used 29682K, committed 30208K, reserved 1114112K
  class space    used 3669K, committed 3904K, reserved 1048576K
}
Event: 3.381 GC heap after
{Heap after GC invocations=7 (full 0):
 garbage-first heap   total 51200K, used 17242K [0x0000000084200000, 0x0000000100000000)
  region size 1024K, 2 young (2048K), 2 survivors (2048K)
 Metaspace       used 29682K, committed 30208K, reserved 1114112K
  class space    used 3669K, committed 3904K, reserved 1048576K
}
Event: 3.727 GC heap before
{Heap before GC invocations=7 (full 0):
 garbage-first heap   total 51200K, used 35674K [0x0000000084200000, 0x0000000100000000)
  region size 1024K, 21 young (21504K), 2 survivors (2048K)
 Metaspace       used 34265K, committed 34816K, reserved 1114112K
  class space    used 4332K, committed 4608K, reserved 1048576K
}
Event: 3.732 GC heap after
{Heap after GC invocations=8 (full 0):
 garbage-first heap   total 51200K, used 19015K [0x0000000084200000, 0x0000000100000000)
  region size 1024K, 2 young (2048K), 2 survivors (2048K)
 Metaspace       used 34265K, committed 34816K, reserved 1114112K
  class space    used 4332K, committed 4608K, reserved 1048576K
}
Event: 3.829 GC heap before
{Heap before GC invocations=8 (full 0):
 garbage-first heap   total 51200K, used 25159K [0x0000000084200000, 0x0000000100000000)
  region size 1024K, 9 young (9216K), 2 survivors (2048K)
 Metaspace       used 35474K, committed 35968K, reserved 1114112K
  class space    used 4519K, committed 4736K, reserved 1048576K
}
Event: 3.831 GC heap after
{Heap after GC invocations=9 (full 0):
 garbage-first heap   total 67584K, used 19879K [0x0000000084200000, 0x0000000100000000)
  region size 1024K, 1 young (1024K), 1 survivors (1024K)
 Metaspace       used 35474K, committed 35968K, reserved 1114112K
  class space    used 4519K, committed 4736K, reserved 1048576K
}
Event: 4.514 GC heap before
{Heap before GC invocations=10 (full 0):
 garbage-first heap   total 67584K, used 47527K [0x0000000084200000, 0x0000000100000000)
  region size 1024K, 29 young (29696K), 1 survivors (1024K)
 Metaspace       used 39712K, committed 40256K, reserved 1114112K
  class space    used 5105K, committed 5376K, reserved 1048576K
}
Event: 4.517 GC heap after
{Heap after GC invocations=11 (full 0):
 garbage-first heap   total 67584K, used 22650K [0x0000000084200000, 0x0000000100000000)
  region size 1024K, 4 young (4096K), 4 survivors (4096K)
 Metaspace       used 39712K, committed 40256K, reserved 1114112K
  class space    used 5105K, committed 5376K, reserved 1048576K
}
Event: 4.548 GC heap before
{Heap before GC invocations=11 (full 0):
 garbage-first heap   total 67584K, used 23674K [0x0000000084200000, 0x0000000100000000)
  region size 1024K, 5 young (5120K), 4 survivors (4096K)
 Metaspace       used 39912K, committed 40448K, reserved 1114112K
  class space    used 5133K, committed 5376K, reserved 1048576K
}
Event: 4.554 GC heap after
{Heap after GC invocations=12 (full 0):
 garbage-first heap   total 67584K, used 22808K [0x0000000084200000, 0x0000000100000000)
  region size 1024K, 1 young (1024K), 1 survivors (1024K)
 Metaspace       used 39912K, committed 40448K, reserved 1114112K
  class space    used 5133K, committed 5376K, reserved 1048576K
}

