# JRE version: OpenJDK Runtime Environment Corretto-19.0.2.7.1 (19.0.2+7) (build 19.0.2+7-FR)
# Java VM: OpenJDK 64-Bit Server VM Corretto-19.0.2.7.1 (19.0.2+7-FR, mixed mode, sharing, tiered, compressed oops, compressed class ptrs, g1 gc, windows-amd64)
GC Precious Log:
 CardTable entry size: 512
 Card Set container configuration: InlinePtr #cards 5 size 8 Array Of Cards #cards 12 size 40 Howl #buckets 4 coarsen threshold 1843 Howl Bitmap #cards 512 size 80 coarsen threshold 460 Card regions per heap region 1 cards per card region 2048
 CPUs: 8 total, 8 available
 Memory: 7926M
 Large Page Support: Disabled
 NUMA Support: Disabled
 Compressed Oops: Enabled (32-bit)
 Heap Region Size: 1M
 Heap Min Capacity: 8M
 Heap Initial Capacity: 124M
 Heap Max Capacity: 1982M
 Pre-touch: Disabled
 Parallel Workers: 8
 Concurrent Workers: 2
 Concurrent Refinement Workers: 8
 Periodic GC: Disabled
Heap:
 garbage-first heap   total 70656K, used 29964K [0x0000000084200000, 0x0000000100000000)
  region size 1024K, 10 young (10240K), 3 survivors (3072K)
 Metaspace       used 45299K, committed 45952K, reserved 1114112K
  class space    used 5793K, committed 6080K, reserved 1048576K
GC Heap History (20 events):
Event: 1.243 GC heap before
{Heap before GC invocations=1 (full 0):
 garbage-first heap   total 126976K, used 35238K [0x0000000084200000, 0x0000000100000000)
  region size 1024K, 32 young (32768K), 3 survivors (3072K)
 Metaspace       used 13197K, committed 13568K, reserved 1114112K
  class space    used 1551K, committed 1728K, reserved 1048576K
}
Event: 1.248 GC heap after
{Heap after GC invocations=2 (full 0):
 garbage-first heap   total 126976K, used 9535K [0x0000000084200000, 0x0000000100000000)
  region size 1024K, 3 young (3072K), 3 survivors (3072K)
 Metaspace       used 13197K, committed 13568K, reserved 1114112K
  class space    used 1551K, committed 1728K, reserved 1048576K
}
Event: 2.025 GC heap before
{Heap before GC invocations=2 (full 0):
 garbage-first heap   total 126976K, used 55615K [0x0000000084200000, 0x0000000100000000)
  region size 1024K, 50 young (51200K), 3 survivors (3072K)
 Metaspace       used 21138K, committed 21504K, reserved 1114112K
  class space    used 2556K, committed 2752K, reserved 1048576K
}
Event: 2.032 GC heap after
{Heap after GC invocations=3 (full 0):
 garbage-first heap   total 126976K, used 13405K [0x0000000084200000, 0x0000000100000000)
  region size 1024K, 7 young (7168K), 7 survivors (7168K)
 Metaspace       used 21138K, committed 21504K, reserved 1114112K
  class space    used 2556K, committed 2752K, reserved 1048576K
}
Event: 2.546 GC heap before
{Heap before GC invocations=4 (full 0):
 garbage-first heap   total 51200K, used 36957K [0x0000000084200000, 0x0000000100000000)
  region size 1024K, 30 young (30720K), 7 survivors (7168K)
 Metaspace       used 25446K, committed 25984K, reserved 1114112K
  class space    used 3125K, committed 3392K, reserved 1048576K
}
Event: 2.552 GC heap after
{Heap after GC invocations=5 (full 0):
 garbage-first heap   total 51200K, used 15472K [0x0000000084200000, 0x0000000100000000)
  region size 1024K, 3 young (3072K), 3 survivors (3072K)
 Metaspace       used 25446K, committed 25984K, reserved 1114112K
  class space    used 3125K, committed 3392K, reserved 1048576K
}
Event: 2.567 GC heap before
{Heap before GC invocations=5 (full 0):
 garbage-first heap   total 51200K, used 16496K [0x0000000084200000, 0x0000000100000000)
  region size 1024K, 4 young (4096K), 3 survivors (3072K)
 Metaspace       used 25588K, committed 26048K, reserved 1114112K
  class space    used 3159K, committed 3392K, reserved 1048576K
}
Event: 2.570 GC heap after
{Heap after GC invocations=6 (full 0):
 garbage-first heap   total 51200K, used 15858K [0x0000000084200000, 0x0000000100000000)
  region size 1024K, 1 young (1024K), 1 survivors (1024K)
 Metaspace       used 25588K, committed 26048K, reserved 1114112K
  class space    used 3159K, committed 3392K, reserved 1048576K
}
Event: 2.993 GC heap before
{Heap before GC invocations=6 (full 0):
 garbage-first heap   total 51200K, used 34290K [0x0000000084200000, 0x0000000100000000)
  region size 1024K, 20 young (20480K), 1 survivors (1024K)
 Metaspace       used 29818K, committed 30336K, reserved 1114112K
  class space    used 3686K, committed 3904K, reserved 1048576K
}
Event: 2.996 GC heap after
{Heap after GC invocations=7 (full 0):
 garbage-first heap   total 51200K, used 17273K [0x0000000084200000, 0x0000000100000000)
  region size 1024K, 2 young (2048K), 2 survivors (2048K)
 Metaspace       used 29818K, committed 30336K, reserved 1114112K
  class space    used 3686K, committed 3904K, reserved 1048576K
}
Event: 3.308 GC heap before
{Heap before GC invocations=7 (full 0):
 garbage-first heap   total 51200K, used 35705K [0x0000000084200000, 0x0000000100000000)
  region size 1024K, 21 young (21504K), 2 survivors (2048K)
 Metaspace       used 34324K, committed 34880K, reserved 1114112K
  class space    used 4338K, committed 4608K, reserved 1048576K
}
Event: 3.312 GC heap after
{Heap after GC invocations=8 (full 0):
 garbage-first heap   total 51200K, used 19042K [0x0000000084200000, 0x0000000100000000)
  region size 1024K, 2 young (2048K), 2 survivors (2048K)
 Metaspace       used 34324K, committed 34880K, reserved 1114112K
  class space    used 4338K, committed 4608K, reserved 1048576K
}
Event: 3.412 GC heap before
{Heap before GC invocations=8 (full 0):
 garbage-first heap   total 51200K, used 24162K [0x0000000084200000, 0x0000000100000000)
  region size 1024K, 8 young (8192K), 2 survivors (2048K)
 Metaspace       used 35477K, committed 35968K, reserved 1114112K
  class space    used 4518K, committed 4736K, reserved 1048576K
}
Event: 3.414 GC heap after
{Heap after GC invocations=9 (full 0):
 garbage-first heap   total 51200K, used 19863K [0x0000000084200000, 0x0000000100000000)
  region size 1024K, 1 young (1024K), 1 survivors (1024K)
 Metaspace       used 35477K, committed 35968K, reserved 1114112K
  class space    used 4518K, committed 4736K, reserved 1048576K
}
Event: 3.779 GC heap before
{Heap before GC invocations=10 (full 0):
 garbage-first heap   total 51200K, used 37271K [0x0000000084200000, 0x0000000100000000)
  region size 1024K, 19 young (19456K), 1 survivors (1024K)
 Metaspace       used 38079K, committed 38656K, reserved 1114112K
  class space    used 4868K, committed 5120K, reserved 1048576K
}
Event: 3.781 GC heap after
{Heap after GC invocations=11 (full 0):
 garbage-first heap   total 70656K, used 21846K [0x0000000084200000, 0x0000000100000000)
  region size 1024K, 3 young (3072K), 3 survivors (3072K)
 Metaspace       used 38079K, committed 38656K, reserved 1114112K
  class space    used 4868K, committed 5120K, reserved 1048576K
}
Event: 3.790 GC heap before
{Heap before GC invocations=11 (full 0):
 garbage-first heap   total 70656K, used 22870K [0x0000000084200000, 0x0000000100000000)
  region size 1024K, 4 young (4096K), 3 survivors (3072K)
 Metaspace       used 38244K, committed 38784K, reserved 1114112K
  class space    used 4882K, committed 5120K, reserved 1048576K
}
Event: 3.792 GC heap after
{Heap after GC invocations=12 (full 0):
 garbage-first heap   total 70656K, used 21686K [0x0000000084200000, 0x0000000100000000)
  region size 1024K, 1 young (1024K), 1 survivors (1024K)
 Metaspace       used 38244K, committed 38784K, reserved 1114112K
  class space    used 4882K, committed 5120K, reserved 1048576K
}
Event: 37.906 GC heap before
{Heap before GC invocations=12 (full 0):
 garbage-first heap   total 70656K, used 52406K [0x0000000084200000, 0x0000000100000000)
  region size 1024K, 31 young (31744K), 1 survivors (1024K)
 Metaspace       used 44420K, committed 44992K, reserved 1114112K
  class space    used 5713K, committed 5952K, reserved 1048576K
}
Event: 37.910 GC heap after
{Heap after GC invocations=13 (full 0):
 garbage-first heap   total 70656K, used 23820K [0x0000000084200000, 0x0000000100000000)
  region size 1024K, 3 young (3072K), 3 survivors (3072K)
 Metaspace       used 44420K, committed 44992K, reserved 1114112K
  class space    used 5713K, committed 5952K, reserved 1048576K
}

