# JRE version: OpenJDK Runtime Environment Corretto-19.0.2.7.1 (19.0.2+7) (build 19.0.2+7-FR)
# Java VM: OpenJDK 64-Bit Server VM Corretto-19.0.2.7.1 (19.0.2+7-FR, mixed mode, sharing, tiered, compressed oops, compressed class ptrs, g1 gc, windows-amd64)
GC Precious Log:
 CardTable entry size: 512
 Card Set container configuration: InlinePtr #cards 5 size 8 Array Of Cards #cards 12 size 40 Howl #buckets 4 coarsen threshold 1843 Howl Bitmap #cards 512 size 80 coarsen threshold 460 Card regions per heap region 1 cards per card region 2048
 CPUs: 8 total, 8 available
 Memory: 7926M
 Large Page Support: Disabled
 NUMA Support: Disabled
 Compressed Oops: Enabled (32-bit)
 Heap Region Size: 1M
 Heap Min Capacity: 8M
 Heap Initial Capacity: 124M
 Heap Max Capacity: 1982M
 Pre-touch: Disabled
 Parallel Workers: 8
 Concurrent Workers: 2
 Concurrent Refinement Workers: 8
 Periodic GC: Disabled
Heap:
 garbage-first heap   total 96256K, used 48790K [0x0000000084200000, 0x0000000100000000)
  region size 1024K, 28 young (28672K), 4 survivors (4096K)
 Metaspace       used 49273K, committed 49920K, reserved 1114112K
  class space    used 5996K, committed 6272K, reserved 1048576K
GC Heap History (20 events):
Event: 6.346 GC heap before
{Heap before GC invocations=4 (full 0):
 garbage-first heap   total 51200K, used 36890K [0x0000000084200000, 0x0000000100000000)
  region size 1024K, 30 young (30720K), 7 survivors (7168K)
 Metaspace       used 25415K, committed 25920K, reserved 1114112K
  class space    used 3119K, committed 3328K, reserved 1048576K
}
Event: 6.356 GC heap after
{Heap after GC invocations=5 (full 0):
 garbage-first heap   total 51200K, used 15501K [0x0000000084200000, 0x0000000100000000)
  region size 1024K, 3 young (3072K), 3 survivors (3072K)
 Metaspace       used 25415K, committed 25920K, reserved 1114112K
  class space    used 3119K, committed 3328K, reserved 1048576K
}
Event: 6.384 GC heap before
{Heap before GC invocations=5 (full 0):
 garbage-first heap   total 51200K, used 16525K [0x0000000084200000, 0x0000000100000000)
  region size 1024K, 4 young (4096K), 3 survivors (3072K)
 Metaspace       used 25552K, committed 26048K, reserved 1114112K
  class space    used 3152K, committed 3392K, reserved 1048576K
}
Event: 6.389 GC heap after
{Heap after GC invocations=6 (full 0):
 garbage-first heap   total 51200K, used 15934K [0x0000000084200000, 0x0000000100000000)
  region size 1024K, 1 young (1024K), 1 survivors (1024K)
 Metaspace       used 25552K, committed 26048K, reserved 1114112K
  class space    used 3152K, committed 3392K, reserved 1048576K
}
Event: 7.257 GC heap before
{Heap before GC invocations=6 (full 0):
 garbage-first heap   total 51200K, used 34366K [0x0000000084200000, 0x0000000100000000)
  region size 1024K, 20 young (20480K), 1 survivors (1024K)
 Metaspace       used 29779K, committed 30272K, reserved 1114112K
  class space    used 3682K, committed 3904K, reserved 1048576K
}
Event: 7.261 GC heap after
{Heap after GC invocations=7 (full 0):
 garbage-first heap   total 51200K, used 17386K [0x0000000084200000, 0x0000000100000000)
  region size 1024K, 2 young (2048K), 2 survivors (2048K)
 Metaspace       used 29779K, committed 30272K, reserved 1114112K
  class space    used 3682K, committed 3904K, reserved 1048576K
}
Event: 7.993 GC heap before
{Heap before GC invocations=7 (full 0):
 garbage-first heap   total 51200K, used 35818K [0x0000000084200000, 0x0000000100000000)
  region size 1024K, 21 young (21504K), 2 survivors (2048K)
 Metaspace       used 34286K, committed 34880K, reserved 1114112K
  class space    used 4332K, committed 4608K, reserved 1048576K
}
Event: 7.998 GC heap after
{Heap after GC invocations=8 (full 0):
 garbage-first heap   total 51200K, used 19129K [0x0000000084200000, 0x0000000100000000)
  region size 1024K, 2 young (2048K), 2 survivors (2048K)
 Metaspace       used 34286K, committed 34880K, reserved 1114112K
  class space    used 4332K, committed 4608K, reserved 1048576K
}
Event: 8.210 GC heap before
{Heap before GC invocations=8 (full 0):
 garbage-first heap   total 51200K, used 24249K [0x0000000084200000, 0x0000000100000000)
  region size 1024K, 8 young (8192K), 2 survivors (2048K)
 Metaspace       used 35500K, committed 35968K, reserved 1114112K
  class space    used 4519K, committed 4736K, reserved 1048576K
}
Event: 8.214 GC heap after
{Heap after GC invocations=9 (full 0):
 garbage-first heap   total 51200K, used 19834K [0x0000000084200000, 0x0000000100000000)
  region size 1024K, 1 young (1024K), 1 survivors (1024K)
 Metaspace       used 35500K, committed 35968K, reserved 1114112K
  class space    used 4519K, committed 4736K, reserved 1048576K
}
Event: 8.964 GC heap before
{Heap before GC invocations=10 (full 0):
 garbage-first heap   total 51200K, used 38266K [0x0000000084200000, 0x0000000100000000)
  region size 1024K, 19 young (19456K), 1 survivors (1024K)
 Metaspace       used 38140K, committed 38656K, reserved 1114112K
  class space    used 4869K, committed 5120K, reserved 1048576K
}
Event: 8.969 GC heap after
{Heap after GC invocations=11 (full 0):
 garbage-first heap   total 51200K, used 21891K [0x0000000084200000, 0x0000000100000000)
  region size 1024K, 3 young (3072K), 3 survivors (3072K)
 Metaspace       used 38140K, committed 38656K, reserved 1114112K
  class space    used 4869K, committed 5120K, reserved 1048576K
}
Event: 8.992 GC heap before
{Heap before GC invocations=11 (full 0):
 garbage-first heap   total 51200K, used 22915K [0x0000000084200000, 0x0000000100000000)
  region size 1024K, 4 young (4096K), 3 survivors (3072K)
 Metaspace       used 38298K, committed 38848K, reserved 1114112K
  class space    used 4887K, committed 5120K, reserved 1048576K
}
Event: 8.995 GC heap after
{Heap after GC invocations=12 (full 0):
 garbage-first heap   total 51200K, used 21678K [0x0000000084200000, 0x0000000100000000)
  region size 1024K, 1 young (1024K), 1 survivors (1024K)
 Metaspace       used 38298K, committed 38848K, reserved 1114112K
  class space    used 4887K, committed 5120K, reserved 1048576K
}
Event: 37.452 GC heap before
{Heap before GC invocations=12 (full 0):
 garbage-first heap   total 51200K, used 38062K [0x0000000084200000, 0x0000000100000000)
  region size 1024K, 17 young (17408K), 1 survivors (1024K)
 Metaspace       used 40936K, committed 41536K, reserved 1114112K
  class space    used 5263K, committed 5568K, reserved 1048576K
}
Event: 37.460 GC heap after
{Heap after GC invocations=13 (full 0):
 garbage-first heap   total 96256K, used 22769K [0x0000000084200000, 0x0000000100000000)
  region size 1024K, 2 young (2048K), 2 survivors (2048K)
 Metaspace       used 40936K, committed 41536K, reserved 1114112K
  class space    used 5263K, committed 5568K, reserved 1048576K
}
Event: 355.609 GC heap before
{Heap before GC invocations=13 (full 0):
 garbage-first heap   total 96256K, used 70897K [0x0000000084200000, 0x0000000100000000)
  region size 1024K, 50 young (51200K), 2 survivors (2048K)
 Metaspace       used 46941K, committed 47616K, reserved 1114112K
  class space    used 5918K, committed 6208K, reserved 1048576K
}
Event: 355.628 GC heap after
{Heap after GC invocations=14 (full 0):
 garbage-first heap   total 96256K, used 25042K [0x0000000084200000, 0x0000000100000000)
  region size 1024K, 4 young (4096K), 4 survivors (4096K)
 Metaspace       used 46941K, committed 47616K, reserved 1114112K
  class space    used 5918K, committed 6208K, reserved 1048576K
}
Event: 511.382 GC heap before
{Heap before GC invocations=14 (full 0):
 garbage-first heap   total 96256K, used 72146K [0x0000000084200000, 0x0000000100000000)
  region size 1024K, 51 young (52224K), 4 survivors (4096K)
 Metaspace       used 48845K, committed 49472K, reserved 1114112K
  class space    used 5996K, committed 6272K, reserved 1048576K
}
Event: 511.405 GC heap after
{Heap after GC invocations=15 (full 0):
 garbage-first heap   total 96256K, used 25238K [0x0000000084200000, 0x0000000100000000)
  region size 1024K, 4 young (4096K), 4 survivors (4096K)
 Metaspace       used 48845K, committed 49472K, reserved 1114112K
  class space    used 5996K, committed 6272K, reserved 1048576K
}

