# JRE version: OpenJDK Runtime Environment Corretto-19.0.2.7.1 (19.0.2+7) (build 19.0.2+7-FR)
# Java VM: OpenJDK 64-Bit Server VM Corretto-19.0.2.7.1 (19.0.2+7-FR, mixed mode, sharing, tiered, compressed oops, compressed class ptrs, g1 gc, windows-amd64)
GC Precious Log:
 CardTable entry size: 512
 Card Set container configuration: InlinePtr #cards 5 size 8 Array Of Cards #cards 12 size 40 Howl #buckets 4 coarsen threshold 1843 Howl Bitmap #cards 512 size 80 coarsen threshold 460 Card regions per heap region 1 cards per card region 2048
 CPUs: 8 total, 8 available
 Memory: 7926M
 Large Page Support: Disabled
 NUMA Support: Disabled
 Compressed Oops: Enabled (32-bit)
 Heap Region Size: 1M
 Heap Min Capacity: 8M
 Heap Initial Capacity: 124M
 Heap Max Capacity: 1982M
 Pre-touch: Disabled
 Parallel Workers: 8
 Concurrent Workers: 2
 Concurrent Refinement Workers: 8
 Periodic GC: Disabled
Heap:
 garbage-first heap   total 55296K, used 37946K [0x0000000084200000, 0x0000000100000000)
  region size 1024K, 17 young (17408K), 2 survivors (2048K)
 Metaspace       used 45580K, committed 46208K, reserved 1114112K
  class space    used 5869K, committed 6144K, reserved 1048576K
GC Heap History (20 events):
Event: 3.049 GC heap before
{Heap before GC invocations=1 (full 0):
 garbage-first heap   total 126976K, used 34466K [0x0000000084200000, 0x0000000100000000)
  region size 1024K, 31 young (31744K), 3 survivors (3072K)
 Metaspace       used 12984K, committed 13312K, reserved 1114112K
  class space    used 1530K, committed 1664K, reserved 1048576K
}
Event: 3.056 GC heap after
{Heap after GC invocations=2 (full 0):
 garbage-first heap   total 126976K, used 10066K [0x0000000084200000, 0x0000000100000000)
  region size 1024K, 3 young (3072K), 3 survivors (3072K)
 Metaspace       used 12984K, committed 13312K, reserved 1114112K
  class space    used 1530K, committed 1664K, reserved 1048576K
}
Event: 5.503 GC heap before
{Heap before GC invocations=2 (full 0):
 garbage-first heap   total 126976K, used 56146K [0x0000000084200000, 0x0000000100000000)
  region size 1024K, 50 young (51200K), 3 survivors (3072K)
 Metaspace       used 21069K, committed 21504K, reserved 1114112K
  class space    used 2532K, committed 2688K, reserved 1048576K
}
Event: 5.514 GC heap after
{Heap after GC invocations=3 (full 0):
 garbage-first heap   total 126976K, used 13746K [0x0000000084200000, 0x0000000100000000)
  region size 1024K, 7 young (7168K), 7 survivors (7168K)
 Metaspace       used 21069K, committed 21504K, reserved 1114112K
  class space    used 2532K, committed 2688K, reserved 1048576K
}
Event: 6.924 GC heap before
{Heap before GC invocations=4 (full 0):
 garbage-first heap   total 55296K, used 39346K [0x0000000084200000, 0x0000000100000000)
  region size 1024K, 32 young (32768K), 7 survivors (7168K)
 Metaspace       used 25625K, committed 26112K, reserved 1114112K
  class space    used 3164K, committed 3392K, reserved 1048576K
}
Event: 6.933 GC heap after
{Heap after GC invocations=5 (full 0):
 garbage-first heap   total 55296K, used 16088K [0x0000000084200000, 0x0000000100000000)
  region size 1024K, 3 young (3072K), 3 survivors (3072K)
 Metaspace       used 25625K, committed 26112K, reserved 1114112K
  class space    used 3164K, committed 3392K, reserved 1048576K
}
Event: 6.952 GC heap before
{Heap before GC invocations=5 (full 0):
 garbage-first heap   total 55296K, used 17112K [0x0000000084200000, 0x0000000100000000)
  region size 1024K, 4 young (4096K), 3 survivors (3072K)
 Metaspace       used 25755K, committed 26240K, reserved 1114112K
  class space    used 3200K, committed 3456K, reserved 1048576K
}
Event: 6.957 GC heap after
{Heap after GC invocations=6 (full 0):
 garbage-first heap   total 55296K, used 16323K [0x0000000084200000, 0x0000000100000000)
  region size 1024K, 1 young (1024K), 1 survivors (1024K)
 Metaspace       used 25755K, committed 26240K, reserved 1114112K
  class space    used 3200K, committed 3456K, reserved 1048576K
}
Event: 8.028 GC heap before
{Heap before GC invocations=6 (full 0):
 garbage-first heap   total 55296K, used 35779K [0x0000000084200000, 0x0000000100000000)
  region size 1024K, 21 young (21504K), 1 survivors (1024K)
 Metaspace       used 30284K, committed 30784K, reserved 1114112K
  class space    used 3737K, committed 3968K, reserved 1048576K
}
Event: 8.034 GC heap after
{Heap after GC invocations=7 (full 0):
 garbage-first heap   total 55296K, used 17869K [0x0000000084200000, 0x0000000100000000)
  region size 1024K, 2 young (2048K), 2 survivors (2048K)
 Metaspace       used 30284K, committed 30784K, reserved 1114112K
  class space    used 3737K, committed 3968K, reserved 1048576K
}
Event: 9.342 GC heap before
{Heap before GC invocations=7 (full 0):
 garbage-first heap   total 55296K, used 38349K [0x0000000084200000, 0x0000000100000000)
  region size 1024K, 22 young (22528K), 2 survivors (2048K)
 Metaspace       used 34973K, committed 35520K, reserved 1114112K
  class space    used 4422K, committed 4672K, reserved 1048576K
}
Event: 9.351 GC heap after
{Heap after GC invocations=8 (full 0):
 garbage-first heap   total 55296K, used 19976K [0x0000000084200000, 0x0000000100000000)
  region size 1024K, 3 young (3072K), 3 survivors (3072K)
 Metaspace       used 34973K, committed 35520K, reserved 1114112K
  class space    used 4422K, committed 4672K, reserved 1048576K
}
Event: 9.551 GC heap before
{Heap before GC invocations=8 (full 0):
 garbage-first heap   total 55296K, used 22024K [0x0000000084200000, 0x0000000100000000)
  region size 1024K, 6 young (6144K), 3 survivors (3072K)
 Metaspace       used 35510K, committed 35968K, reserved 1114112K
  class space    used 4516K, committed 4736K, reserved 1048576K
}
Event: 9.555 GC heap after
{Heap after GC invocations=9 (full 0):
 garbage-first heap   total 55296K, used 20322K [0x0000000084200000, 0x0000000100000000)
  region size 1024K, 1 young (1024K), 1 survivors (1024K)
 Metaspace       used 35510K, committed 35968K, reserved 1114112K
  class space    used 4516K, committed 4736K, reserved 1048576K
}
Event: 10.807 GC heap before
{Heap before GC invocations=10 (full 0):
 garbage-first heap   total 55296K, used 39778K [0x0000000084200000, 0x0000000100000000)
  region size 1024K, 20 young (20480K), 1 survivors (1024K)
 Metaspace       used 38313K, committed 38848K, reserved 1114112K
  class space    used 4887K, committed 5120K, reserved 1048576K
}
Event: 10.813 GC heap after
{Heap after GC invocations=11 (full 0):
 garbage-first heap   total 55296K, used 22299K [0x0000000084200000, 0x0000000100000000)
  region size 1024K, 3 young (3072K), 3 survivors (3072K)
 Metaspace       used 38313K, committed 38848K, reserved 1114112K
  class space    used 4887K, committed 5120K, reserved 1048576K
}
Event: 10.879 GC heap before
{Heap before GC invocations=11 (full 0):
 garbage-first heap   total 55296K, used 23323K [0x0000000084200000, 0x0000000100000000)
  region size 1024K, 4 young (4096K), 3 survivors (3072K)
 Metaspace       used 38517K, committed 39104K, reserved 1114112K
  class space    used 4915K, committed 5184K, reserved 1048576K
}
Event: 10.889 GC heap after
{Heap after GC invocations=12 (full 0):
 garbage-first heap   total 55296K, used 22069K [0x0000000084200000, 0x0000000100000000)
  region size 1024K, 1 young (1024K), 1 survivors (1024K)
 Metaspace       used 38517K, committed 39104K, reserved 1114112K
  class space    used 4915K, committed 5184K, reserved 1048576K
}
Event: 28.623 GC heap before
{Heap before GC invocations=12 (full 0):
 garbage-first heap   total 55296K, used 39477K [0x0000000084200000, 0x0000000100000000)
  region size 1024K, 19 young (19456K), 1 survivors (1024K)
 Metaspace       used 42030K, committed 42688K, reserved 1114112K
  class space    used 5392K, committed 5696K, reserved 1048576K
}
Event: 28.632 GC heap after
{Heap after GC invocations=13 (full 0):
 garbage-first heap   total 55296K, used 23610K [0x0000000084200000, 0x0000000100000000)
  region size 1024K, 2 young (2048K), 2 survivors (2048K)
 Metaspace       used 42030K, committed 42688K, reserved 1114112K
  class space    used 5392K, committed 5696K, reserved 1048576K
}

