# JRE version: OpenJDK Runtime Environment Corretto-19.0.2.7.1 (19.0.2+7) (build 19.0.2+7-FR)
# Java VM: OpenJDK 64-Bit Server VM Corretto-19.0.2.7.1 (19.0.2+7-FR, mixed mode, sharing, tiered, compressed oops, compressed class ptrs, g1 gc, windows-amd64)
GC Precious Log:
 CardTable entry size: 512
 Card Set container configuration: InlinePtr #cards 5 size 8 Array Of Cards #cards 12 size 40 Howl #buckets 4 coarsen threshold 1843 Howl Bitmap #cards 512 size 80 coarsen threshold 460 Card regions per heap region 1 cards per card region 2048
 CPUs: 8 total, 8 available
 Memory: 7926M
 Large Page Support: Disabled
 NUMA Support: Disabled
 Compressed Oops: Enabled (32-bit)
 Heap Region Size: 1M
 Heap Min Capacity: 8M
 Heap Initial Capacity: 124M
 Heap Max Capacity: 1982M
 Pre-touch: Disabled
 Parallel Workers: 8
 Concurrent Workers: 2
 Concurrent Refinement Workers: 8
 Periodic GC: Disabled
Heap:
 garbage-first heap   total 55296K, used 36336K [0x0000000084200000, 0x0000000100000000)
  region size 1024K, 14 young (14336K), 1 survivors (1024K)
 Metaspace       used 46724K, committed 47424K, reserved 1114112K
  class space    used 5630K, committed 5952K, reserved 1048576K
GC Heap History (20 events):
Event: 1125.384 GC heap before
{Heap before GC invocations=21 (full 0):
 garbage-first heap   total 55296K, used 45377K [0x0000000084200000, 0x0000000100000000)
  region size 1024K, 23 young (23552K), 2 survivors (2048K)
 Metaspace       used 46459K, committed 47104K, reserved 1114112K
  class space    used 5594K, committed 5888K, reserved 1048576K
}
Event: 1125.390 GC heap after
{Heap after GC invocations=22 (full 0):
 garbage-first heap   total 55296K, used 23818K [0x0000000084200000, 0x0000000100000000)
  region size 1024K, 2 young (2048K), 2 survivors (2048K)
 Metaspace       used 46459K, committed 47104K, reserved 1114112K
  class space    used 5594K, committed 5888K, reserved 1048576K
}
Event: 1291.881 GC heap before
{Heap before GC invocations=22 (full 0):
 garbage-first heap   total 55296K, used 45322K [0x0000000084200000, 0x0000000100000000)
  region size 1024K, 23 young (23552K), 2 survivors (2048K)
 Metaspace       used 46489K, committed 47104K, reserved 1114112K
  class space    used 5595K, committed 5888K, reserved 1048576K
}
Event: 1291.894 GC heap after
{Heap after GC invocations=23 (full 0):
 garbage-first heap   total 55296K, used 24003K [0x0000000084200000, 0x0000000100000000)
  region size 1024K, 2 young (2048K), 2 survivors (2048K)
 Metaspace       used 46489K, committed 47104K, reserved 1114112K
  class space    used 5595K, committed 5888K, reserved 1048576K
}
Event: 1339.675 GC heap before
{Heap before GC invocations=23 (full 0):
 garbage-first heap   total 55296K, used 45507K [0x0000000084200000, 0x0000000100000000)
  region size 1024K, 23 young (23552K), 2 survivors (2048K)
 Metaspace       used 46494K, committed 47104K, reserved 1114112K
  class space    used 5596K, committed 5888K, reserved 1048576K
}
Event: 1339.680 GC heap after
{Heap after GC invocations=24 (full 0):
 garbage-first heap   total 55296K, used 23896K [0x0000000084200000, 0x0000000100000000)
  region size 1024K, 2 young (2048K), 2 survivors (2048K)
 Metaspace       used 46494K, committed 47104K, reserved 1114112K
  class space    used 5596K, committed 5888K, reserved 1048576K
}
Event: 1349.205 GC heap before
{Heap before GC invocations=24 (full 0):
 garbage-first heap   total 55296K, used 45400K [0x0000000084200000, 0x0000000100000000)
  region size 1024K, 23 young (23552K), 2 survivors (2048K)
 Metaspace       used 46494K, committed 47104K, reserved 1114112K
  class space    used 5596K, committed 5888K, reserved 1048576K
}
Event: 1349.208 GC heap after
{Heap after GC invocations=25 (full 0):
 garbage-first heap   total 55296K, used 23877K [0x0000000084200000, 0x0000000100000000)
  region size 1024K, 2 young (2048K), 2 survivors (2048K)
 Metaspace       used 46494K, committed 47104K, reserved 1114112K
  class space    used 5596K, committed 5888K, reserved 1048576K
}
Event: 1362.011 GC heap before
{Heap before GC invocations=25 (full 0):
 garbage-first heap   total 55296K, used 45381K [0x0000000084200000, 0x0000000100000000)
  region size 1024K, 23 young (23552K), 2 survivors (2048K)
 Metaspace       used 46495K, committed 47104K, reserved 1114112K
  class space    used 5596K, committed 5888K, reserved 1048576K
}
Event: 1362.015 GC heap after
{Heap after GC invocations=26 (full 0):
 garbage-first heap   total 55296K, used 23901K [0x0000000084200000, 0x0000000100000000)
  region size 1024K, 2 young (2048K), 2 survivors (2048K)
 Metaspace       used 46495K, committed 47104K, reserved 1114112K
  class space    used 5596K, committed 5888K, reserved 1048576K
}
Event: 1395.088 GC heap before
{Heap before GC invocations=26 (full 0):
 garbage-first heap   total 55296K, used 45405K [0x0000000084200000, 0x0000000100000000)
  region size 1024K, 23 young (23552K), 2 survivors (2048K)
 Metaspace       used 46495K, committed 47104K, reserved 1114112K
  class space    used 5596K, committed 5888K, reserved 1048576K
}
Event: 1395.091 GC heap after
{Heap after GC invocations=27 (full 0):
 garbage-first heap   total 55296K, used 23907K [0x0000000084200000, 0x0000000100000000)
  region size 1024K, 2 young (2048K), 2 survivors (2048K)
 Metaspace       used 46495K, committed 47104K, reserved 1114112K
  class space    used 5596K, committed 5888K, reserved 1048576K
}
Event: 1534.949 GC heap before
{Heap before GC invocations=27 (full 0):
 garbage-first heap   total 55296K, used 45411K [0x0000000084200000, 0x0000000100000000)
  region size 1024K, 23 young (23552K), 2 survivors (2048K)
 Metaspace       used 46501K, committed 47104K, reserved 1114112K
  class space    used 5596K, committed 5888K, reserved 1048576K
}
Event: 1535.039 GC heap after
{Heap after GC invocations=28 (full 0):
 garbage-first heap   total 55296K, used 23778K [0x0000000084200000, 0x0000000100000000)
  region size 1024K, 2 young (2048K), 2 survivors (2048K)
 Metaspace       used 46501K, committed 47104K, reserved 1114112K
  class space    used 5596K, committed 5888K, reserved 1048576K
}
Event: 1545.995 GC heap before
{Heap before GC invocations=28 (full 0):
 garbage-first heap   total 55296K, used 45282K [0x0000000084200000, 0x0000000100000000)
  region size 1024K, 23 young (23552K), 2 survivors (2048K)
 Metaspace       used 46719K, committed 47424K, reserved 1114112K
  class space    used 5630K, committed 5952K, reserved 1048576K
}
Event: 1546.004 GC heap after
{Heap after GC invocations=29 (full 0):
 garbage-first heap   total 55296K, used 24071K [0x0000000084200000, 0x0000000100000000)
  region size 1024K, 1 young (1024K), 1 survivors (1024K)
 Metaspace       used 46719K, committed 47424K, reserved 1114112K
  class space    used 5630K, committed 5952K, reserved 1048576K
}
Event: 1549.128 GC heap before
{Heap before GC invocations=29 (full 0):
 garbage-first heap   total 55296K, used 47623K [0x0000000084200000, 0x0000000100000000)
  region size 1024K, 24 young (24576K), 1 survivors (1024K)
 Metaspace       used 46719K, committed 47424K, reserved 1114112K
  class space    used 5630K, committed 5952K, reserved 1048576K
}
Event: 1549.130 GC heap after
{Heap after GC invocations=30 (full 0):
 garbage-first heap   total 55296K, used 24075K [0x0000000084200000, 0x0000000100000000)
  region size 1024K, 1 young (1024K), 1 survivors (1024K)
 Metaspace       used 46719K, committed 47424K, reserved 1114112K
  class space    used 5630K, committed 5952K, reserved 1048576K
}
Event: 1556.838 GC heap before
{Heap before GC invocations=30 (full 0):
 garbage-first heap   total 55296K, used 46603K [0x0000000084200000, 0x0000000100000000)
  region size 1024K, 23 young (23552K), 1 survivors (1024K)
 Metaspace       used 46722K, committed 47424K, reserved 1114112K
  class space    used 5630K, committed 5952K, reserved 1048576K
}
Event: 1556.840 GC heap after
{Heap after GC invocations=31 (full 0):
 garbage-first heap   total 55296K, used 24048K [0x0000000084200000, 0x0000000100000000)
  region size 1024K, 1 young (1024K), 1 survivors (1024K)
 Metaspace       used 46722K, committed 47424K, reserved 1114112K
  class space    used 5630K, committed 5952K, reserved 1048576K
}

