# JRE version: OpenJDK Runtime Environment Corretto-19.0.2.7.1 (19.0.2+7) (build 19.0.2+7-FR)
# Java VM: OpenJDK 64-Bit Server VM Corretto-19.0.2.7.1 (19.0.2+7-FR, mixed mode, sharing, tiered, compressed oops, compressed class ptrs, g1 gc, windows-amd64)
GC Precious Log:
 CardTable entry size: 512
 Card Set container configuration: InlinePtr #cards 5 size 8 Array Of Cards #cards 12 size 40 Howl #buckets 4 coarsen threshold 1843 Howl Bitmap #cards 512 size 80 coarsen threshold 460 Card regions per heap region 1 cards per card region 2048
 CPUs: 8 total, 8 available
 Memory: 7926M
 Large Page Support: Disabled
 NUMA Support: Disabled
 Compressed Oops: Enabled (32-bit)
 Heap Region Size: 1M
 Heap Min Capacity: 8M
 Heap Initial Capacity: 124M
 Heap Max Capacity: 1982M
 Pre-touch: Disabled
 Parallel Workers: 8
 Concurrent Workers: 2
 Concurrent Refinement Workers: 8
 Periodic GC: Disabled
Heap:
 garbage-first heap   total 61440K, used 33896K [0x0000000084200000, 0x0000000100000000)
  region size 1024K, 13 young (13312K), 1 survivors (1024K)
 Metaspace       used 45404K, committed 46016K, reserved 1114112K
  class space    used 5465K, committed 5760K, reserved 1048576K
GC Heap History (20 events):
Event: 162.318 GC heap before
{Heap before GC invocations=14 (full 0):
 garbage-first heap   total 51200K, used 39521K [0x0000000084200000, 0x0000000100000000)
  region size 1024K, 17 young (17408K), 1 survivors (1024K)
 Metaspace       used 43993K, committed 44608K, reserved 1114112K
  class space    used 5462K, committed 5760K, reserved 1048576K
}
Event: 162.322 GC heap after
{Heap after GC invocations=15 (full 0):
 garbage-first heap   total 51200K, used 23191K [0x0000000084200000, 0x0000000100000000)
  region size 1024K, 1 young (1024K), 1 survivors (1024K)
 Metaspace       used 43993K, committed 44608K, reserved 1114112K
  class space    used 5462K, committed 5760K, reserved 1048576K
}
Event: 193.387 GC heap before
{Heap before GC invocations=16 (full 0):
 garbage-first heap   total 51200K, used 40599K [0x0000000084200000, 0x0000000100000000)
  region size 1024K, 18 young (18432K), 1 survivors (1024K)
 Metaspace       used 45016K, committed 45632K, reserved 1114112K
  class space    used 5463K, committed 5760K, reserved 1048576K
}
Event: 193.390 GC heap after
{Heap after GC invocations=17 (full 0):
 garbage-first heap   total 51200K, used 23251K [0x0000000084200000, 0x0000000100000000)
  region size 1024K, 1 young (1024K), 1 survivors (1024K)
 Metaspace       used 45016K, committed 45632K, reserved 1114112K
  class space    used 5463K, committed 5760K, reserved 1048576K
}
Event: 193.425 GC heap before
{Heap before GC invocations=17 (full 0):
 garbage-first heap   total 51200K, used 24275K [0x0000000084200000, 0x0000000100000000)
  region size 1024K, 2 young (2048K), 1 survivors (1024K)
 Metaspace       used 45018K, committed 45632K, reserved 1114112K
  class space    used 5463K, committed 5760K, reserved 1048576K
}
Event: 193.436 GC heap after
{Heap after GC invocations=18 (full 0):
 garbage-first heap   total 51200K, used 22960K [0x0000000084200000, 0x0000000100000000)
  region size 1024K, 1 young (1024K), 1 survivors (1024K)
 Metaspace       used 45018K, committed 45632K, reserved 1114112K
  class space    used 5463K, committed 5760K, reserved 1048576K
}
Event: 196.062 GC heap before
{Heap before GC invocations=18 (full 0):
 garbage-first heap   total 51200K, used 40368K [0x0000000084200000, 0x0000000100000000)
  region size 1024K, 18 young (18432K), 1 survivors (1024K)
 Metaspace       used 45116K, committed 45696K, reserved 1114112K
  class space    used 5464K, committed 5760K, reserved 1048576K
}
Event: 196.066 GC heap after
{Heap after GC invocations=19 (full 0):
 garbage-first heap   total 61440K, used 22975K [0x0000000084200000, 0x0000000100000000)
  region size 1024K, 1 young (1024K), 1 survivors (1024K)
 Metaspace       used 45116K, committed 45696K, reserved 1114112K
  class space    used 5464K, committed 5760K, reserved 1048576K
}
Event: 387.206 GC heap before
{Heap before GC invocations=20 (full 0):
 garbage-first heap   total 61440K, used 49599K [0x0000000084200000, 0x0000000100000000)
  region size 1024K, 27 young (27648K), 1 survivors (1024K)
 Metaspace       used 45227K, committed 45888K, reserved 1114112K
  class space    used 5464K, committed 5760K, reserved 1048576K
}
Event: 387.220 GC heap after
{Heap after GC invocations=21 (full 0):
 garbage-first heap   total 61440K, used 23002K [0x0000000084200000, 0x0000000100000000)
  region size 1024K, 1 young (1024K), 1 survivors (1024K)
 Metaspace       used 45227K, committed 45888K, reserved 1114112K
  class space    used 5464K, committed 5760K, reserved 1048576K
}
Event: 387.350 GC heap before
{Heap before GC invocations=21 (full 0):
 garbage-first heap   total 61440K, used 25050K [0x0000000084200000, 0x0000000100000000)
  region size 1024K, 3 young (3072K), 1 survivors (1024K)
 Metaspace       used 45261K, committed 45888K, reserved 1114112K
  class space    used 5464K, committed 5760K, reserved 1048576K
}
Event: 387.371 GC heap after
{Heap after GC invocations=22 (full 0):
 garbage-first heap   total 61440K, used 22830K [0x0000000084200000, 0x0000000100000000)
  region size 1024K, 1 young (1024K), 1 survivors (1024K)
 Metaspace       used 45261K, committed 45888K, reserved 1114112K
  class space    used 5464K, committed 5760K, reserved 1048576K
}
Event: 475.454 GC heap before
{Heap before GC invocations=22 (full 0):
 garbage-first heap   total 61440K, used 51502K [0x0000000084200000, 0x0000000100000000)
  region size 1024K, 29 young (29696K), 1 survivors (1024K)
 Metaspace       used 45343K, committed 46016K, reserved 1114112K
  class space    used 5464K, committed 5760K, reserved 1048576K
}
Event: 475.469 GC heap after
{Heap after GC invocations=23 (full 0):
 garbage-first heap   total 61440K, used 22801K [0x0000000084200000, 0x0000000100000000)
  region size 1024K, 1 young (1024K), 1 survivors (1024K)
 Metaspace       used 45343K, committed 46016K, reserved 1114112K
  class space    used 5464K, committed 5760K, reserved 1048576K
}
Event: 494.050 GC heap before
{Heap before GC invocations=24 (full 0):
 garbage-first heap   total 61440K, used 51473K [0x0000000084200000, 0x0000000100000000)
  region size 1024K, 29 young (29696K), 1 survivors (1024K)
 Metaspace       used 45400K, committed 46016K, reserved 1114112K
  class space    used 5465K, committed 5760K, reserved 1048576K
}
Event: 494.054 GC heap after
{Heap after GC invocations=25 (full 0):
 garbage-first heap   total 61440K, used 22819K [0x0000000084200000, 0x0000000100000000)
  region size 1024K, 1 young (1024K), 1 survivors (1024K)
 Metaspace       used 45400K, committed 46016K, reserved 1114112K
  class space    used 5465K, committed 5760K, reserved 1048576K
}
Event: 494.124 GC heap before
{Heap before GC invocations=25 (full 0):
 garbage-first heap   total 61440K, used 24867K [0x0000000084200000, 0x0000000100000000)
  region size 1024K, 3 young (3072K), 1 survivors (1024K)
 Metaspace       used 45402K, committed 46016K, reserved 1114112K
  class space    used 5465K, committed 5760K, reserved 1048576K
}
Event: 494.130 GC heap after
{Heap after GC invocations=26 (full 0):
 garbage-first heap   total 61440K, used 22695K [0x0000000084200000, 0x0000000100000000)
  region size 1024K, 1 young (1024K), 1 survivors (1024K)
 Metaspace       used 45402K, committed 46016K, reserved 1114112K
  class space    used 5465K, committed 5760K, reserved 1048576K
}
Event: 502.190 GC heap before
{Heap before GC invocations=26 (full 0):
 garbage-first heap   total 61440K, used 51367K [0x0000000084200000, 0x0000000100000000)
  region size 1024K, 29 young (29696K), 1 survivors (1024K)
 Metaspace       used 45404K, committed 46016K, reserved 1114112K
  class space    used 5465K, committed 5760K, reserved 1048576K
}
Event: 502.196 GC heap after
{Heap after GC invocations=27 (full 0):
 garbage-first heap   total 61440K, used 22632K [0x0000000084200000, 0x0000000100000000)
  region size 1024K, 1 young (1024K), 1 survivors (1024K)
 Metaspace       used 45404K, committed 46016K, reserved 1114112K
  class space    used 5465K, committed 5760K, reserved 1048576K
}

