# JRE version: OpenJDK Runtime Environment Corretto-19.0.2.7.1 (19.0.2+7) (build 19.0.2+7-FR)
# Java VM: OpenJDK 64-Bit Server VM Corretto-19.0.2.7.1 (19.0.2+7-FR, mixed mode, sharing, tiered, compressed oops, compressed class ptrs, g1 gc, windows-amd64)
GC Precious Log:
 CardTable entry size: 512
 Card Set container configuration: InlinePtr #cards 5 size 8 Array Of Cards #cards 12 size 40 Howl #buckets 4 coarsen threshold 1843 Howl Bitmap #cards 512 size 80 coarsen threshold 460 Card regions per heap region 1 cards per card region 2048
 CPUs: 8 total, 8 available
 Memory: 7926M
 Large Page Support: Disabled
 NUMA Support: Disabled
 Compressed Oops: Enabled (32-bit)
 Heap Region Size: 1M
 Heap Min Capacity: 8M
 Heap Initial Capacity: 124M
 Heap Max Capacity: 1982M
 Pre-touch: Disabled
 Parallel Workers: 8
 Concurrent Workers: 2
 Concurrent Refinement Workers: 8
 Periodic GC: Disabled
Heap:
 garbage-first heap   total 72704K, used 46589K [0x0000000084200000, 0x0000000100000000)
  region size 1024K, 26 young (26624K), 4 survivors (4096K)
 Metaspace       used 47774K, committed 48448K, reserved 1114112K
  class space    used 5999K, committed 6272K, reserved 1048576K
GC Heap History (20 events):
Event: 7.024 GC heap before
{Heap before GC invocations=2 (full 0):
 garbage-first heap   total 126976K, used 55687K [0x0000000084200000, 0x0000000100000000)
  region size 1024K, 50 young (51200K), 3 survivors (3072K)
 Metaspace       used 21127K, committed 21504K, reserved 1114112K
  class space    used 2551K, committed 2752K, reserved 1048576K
}
Event: 7.030 GC heap after
{Heap after GC invocations=3 (full 0):
 garbage-first heap   total 126976K, used 13357K [0x0000000084200000, 0x0000000100000000)
  region size 1024K, 7 young (7168K), 7 survivors (7168K)
 Metaspace       used 21127K, committed 21504K, reserved 1114112K
  class space    used 2551K, committed 2752K, reserved 1048576K
}
Event: 7.564 GC heap before
{Heap before GC invocations=4 (full 0):
 garbage-first heap   total 51200K, used 36909K [0x0000000084200000, 0x0000000100000000)
  region size 1024K, 30 young (30720K), 7 survivors (7168K)
 Metaspace       used 25417K, committed 25984K, reserved 1114112K
  class space    used 3119K, committed 3392K, reserved 1048576K
}
Event: 7.570 GC heap after
{Heap after GC invocations=5 (full 0):
 garbage-first heap   total 51200K, used 15480K [0x0000000084200000, 0x0000000100000000)
  region size 1024K, 3 young (3072K), 3 survivors (3072K)
 Metaspace       used 25417K, committed 25984K, reserved 1114112K
  class space    used 3119K, committed 3392K, reserved 1048576K
}
Event: 7.587 GC heap before
{Heap before GC invocations=5 (full 0):
 garbage-first heap   total 51200K, used 16504K [0x0000000084200000, 0x0000000100000000)
  region size 1024K, 4 young (4096K), 3 survivors (3072K)
 Metaspace       used 25556K, committed 26048K, reserved 1114112K
  class space    used 3157K, committed 3392K, reserved 1048576K
}
Event: 7.589 GC heap after
{Heap after GC invocations=6 (full 0):
 garbage-first heap   total 51200K, used 15685K [0x0000000084200000, 0x0000000100000000)
  region size 1024K, 1 young (1024K), 1 survivors (1024K)
 Metaspace       used 25556K, committed 26048K, reserved 1114112K
  class space    used 3157K, committed 3392K, reserved 1048576K
}
Event: 8.155 GC heap before
{Heap before GC invocations=6 (full 0):
 garbage-first heap   total 51200K, used 34117K [0x0000000084200000, 0x0000000100000000)
  region size 1024K, 20 young (20480K), 1 survivors (1024K)
 Metaspace       used 29767K, committed 30272K, reserved 1114112K
  class space    used 3682K, committed 3904K, reserved 1048576K
}
Event: 8.158 GC heap after
{Heap after GC invocations=7 (full 0):
 garbage-first heap   total 51200K, used 17075K [0x0000000084200000, 0x0000000100000000)
  region size 1024K, 2 young (2048K), 2 survivors (2048K)
 Metaspace       used 29767K, committed 30272K, reserved 1114112K
  class space    used 3682K, committed 3904K, reserved 1048576K
}
Event: 8.667 GC heap before
{Heap before GC invocations=7 (full 0):
 garbage-first heap   total 51200K, used 35507K [0x0000000084200000, 0x0000000100000000)
  region size 1024K, 21 young (21504K), 2 survivors (2048K)
 Metaspace       used 34324K, committed 34880K, reserved 1114112K
  class space    used 4338K, committed 4608K, reserved 1048576K
}
Event: 8.670 GC heap after
{Heap after GC invocations=8 (full 0):
 garbage-first heap   total 51200K, used 18932K [0x0000000084200000, 0x0000000100000000)
  region size 1024K, 2 young (2048K), 2 survivors (2048K)
 Metaspace       used 34324K, committed 34880K, reserved 1114112K
  class space    used 4338K, committed 4608K, reserved 1048576K
}
Event: 8.833 GC heap before
{Heap before GC invocations=8 (full 0):
 garbage-first heap   total 51200K, used 23028K [0x0000000084200000, 0x0000000100000000)
  region size 1024K, 8 young (8192K), 2 survivors (2048K)
 Metaspace       used 35476K, committed 35968K, reserved 1114112K
  class space    used 4518K, committed 4736K, reserved 1048576K
}
Event: 8.836 GC heap after
{Heap after GC invocations=9 (full 0):
 garbage-first heap   total 51200K, used 19547K [0x0000000084200000, 0x0000000100000000)
  region size 1024K, 1 young (1024K), 1 survivors (1024K)
 Metaspace       used 35476K, committed 35968K, reserved 1114112K
  class space    used 4518K, committed 4736K, reserved 1048576K
}
Event: 9.310 GC heap before
{Heap before GC invocations=10 (full 0):
 garbage-first heap   total 51200K, used 36955K [0x0000000084200000, 0x0000000100000000)
  region size 1024K, 19 young (19456K), 1 survivors (1024K)
 Metaspace       used 38095K, committed 38656K, reserved 1114112K
  class space    used 4869K, committed 5120K, reserved 1048576K
}
Event: 9.312 GC heap after
{Heap after GC invocations=11 (full 0):
 garbage-first heap   total 72704K, used 21601K [0x0000000084200000, 0x0000000100000000)
  region size 1024K, 3 young (3072K), 3 survivors (3072K)
 Metaspace       used 38095K, committed 38656K, reserved 1114112K
  class space    used 4869K, committed 5120K, reserved 1048576K
}
Event: 9.326 GC heap before
{Heap before GC invocations=11 (full 0):
 garbage-first heap   total 72704K, used 22625K [0x0000000084200000, 0x0000000100000000)
  region size 1024K, 4 young (4096K), 3 survivors (3072K)
 Metaspace       used 38269K, committed 38784K, reserved 1114112K
  class space    used 4887K, committed 5120K, reserved 1048576K
}
Event: 9.329 GC heap after
{Heap after GC invocations=12 (full 0):
 garbage-first heap   total 72704K, used 21683K [0x0000000084200000, 0x0000000100000000)
  region size 1024K, 1 young (1024K), 1 survivors (1024K)
 Metaspace       used 38269K, committed 38784K, reserved 1114112K
  class space    used 4887K, committed 5120K, reserved 1048576K
}
Event: 110.437 GC heap before
{Heap before GC invocations=12 (full 0):
 garbage-first heap   total 72704K, used 52403K [0x0000000084200000, 0x0000000100000000)
  region size 1024K, 32 young (32768K), 1 survivors (1024K)
 Metaspace       used 44277K, committed 44864K, reserved 1114112K
  class space    used 5698K, committed 5952K, reserved 1048576K
}
Event: 110.443 GC heap after
{Heap after GC invocations=13 (full 0):
 garbage-first heap   total 72704K, used 23685K [0x0000000084200000, 0x0000000100000000)
  region size 1024K, 3 young (3072K), 3 survivors (3072K)
 Metaspace       used 44277K, committed 44864K, reserved 1114112K
  class space    used 5698K, committed 5952K, reserved 1048576K
}
Event: 551.042 GC heap before
{Heap before GC invocations=13 (full 0):
 garbage-first heap   total 72704K, used 53381K [0x0000000084200000, 0x0000000100000000)
  region size 1024K, 33 young (33792K), 3 survivors (3072K)
 Metaspace       used 46899K, committed 47552K, reserved 1114112K
  class space    used 5994K, committed 6272K, reserved 1048576K
}
Event: 551.066 GC heap after
{Heap after GC invocations=14 (full 0):
 garbage-first heap   total 72704K, used 25085K [0x0000000084200000, 0x0000000100000000)
  region size 1024K, 4 young (4096K), 4 survivors (4096K)
 Metaspace       used 46899K, committed 47552K, reserved 1114112K
  class space    used 5994K, committed 6272K, reserved 1048576K
}

