# JRE version: OpenJDK Runtime Environment Corretto-19.0.2.7.1 (19.0.2+7) (build 19.0.2+7-FR)
# Java VM: OpenJDK 64-Bit Server VM Corretto-19.0.2.7.1 (19.0.2+7-FR, mixed mode, sharing, tiered, compressed oops, compressed class ptrs, g1 gc, windows-amd64)
GC Precious Log:
 CardTable entry size: 512
 Card Set container configuration: InlinePtr #cards 5 size 8 Array Of Cards #cards 12 size 40 Howl #buckets 4 coarsen threshold 1843 Howl Bitmap #cards 512 size 80 coarsen threshold 460 Card regions per heap region 1 cards per card region 2048
 CPUs: 8 total, 8 available
 Memory: 7926M
 Large Page Support: Disabled
 NUMA Support: Disabled
 Compressed Oops: Enabled (32-bit)
 Heap Region Size: 1M
 Heap Min Capacity: 8M
 Heap Initial Capacity: 124M
 Heap Max Capacity: 1982M
 Pre-touch: Disabled
 Parallel Workers: 8
 Concurrent Workers: 2
 Concurrent Refinement Workers: 8
 Periodic GC: Disabled
Heap:
 garbage-first heap   total 51200K, used 35785K [0x0000000084200000, 0x0000000100000000)
  region size 1024K, 15 young (15360K), 2 survivors (2048K)
 Metaspace       used 46723K, committed 47360K, reserved 1114112K
  class space    used 5651K, committed 5952K, reserved 1048576K
GC Heap History (20 events):
Event: 57.236 GC heap before
{Heap before GC invocations=10 (full 0):
 garbage-first heap   total 51200K, used 37709K [0x0000000084200000, 0x0000000100000000)
  region size 1024K, 19 young (19456K), 2 survivors (2048K)
 Metaspace       used 38015K, committed 38656K, reserved 1114112K
  class space    used 4879K, committed 5184K, reserved 1048576K
}
Event: 57.239 GC heap after
{Heap after GC invocations=11 (full 0):
 garbage-first heap   total 51200K, used 21639K [0x0000000084200000, 0x0000000100000000)
  region size 1024K, 3 young (3072K), 3 survivors (3072K)
 Metaspace       used 38015K, committed 38656K, reserved 1114112K
  class space    used 4879K, committed 5184K, reserved 1048576K
}
Event: 83.279 GC heap before
{Heap before GC invocations=11 (full 0):
 garbage-first heap   total 51200K, used 22663K [0x0000000084200000, 0x0000000100000000)
  region size 1024K, 4 young (4096K), 3 survivors (3072K)
 Metaspace       used 38035K, committed 38656K, reserved 1114112K
  class space    used 4882K, committed 5184K, reserved 1048576K
}
Event: 83.286 GC heap after
{Heap after GC invocations=12 (full 0):
 garbage-first heap   total 51200K, used 21464K [0x0000000084200000, 0x0000000100000000)
  region size 1024K, 1 young (1024K), 1 survivors (1024K)
 Metaspace       used 38035K, committed 38656K, reserved 1114112K
  class space    used 4882K, committed 5184K, reserved 1048576K
}
Event: 141.387 GC heap before
{Heap before GC invocations=12 (full 0):
 garbage-first heap   total 51200K, used 37848K [0x0000000084200000, 0x0000000100000000)
  region size 1024K, 18 young (18432K), 1 survivors (1024K)
 Metaspace       used 42414K, committed 43072K, reserved 1114112K
  class space    used 5448K, committed 5760K, reserved 1048576K
}
Event: 141.393 GC heap after
{Heap after GC invocations=13 (full 0):
 garbage-first heap   total 51200K, used 22255K [0x0000000084200000, 0x0000000100000000)
  region size 1024K, 2 young (2048K), 2 survivors (2048K)
 Metaspace       used 42414K, committed 43072K, reserved 1114112K
  class space    used 5448K, committed 5760K, reserved 1048576K
}
Event: 151.529 GC heap before
{Heap before GC invocations=13 (full 0):
 garbage-first heap   total 51200K, used 39663K [0x0000000084200000, 0x0000000100000000)
  region size 1024K, 19 young (19456K), 2 survivors (2048K)
 Metaspace       used 44356K, committed 45056K, reserved 1114112K
  class space    used 5641K, committed 5952K, reserved 1048576K
}
Event: 151.531 GC heap after
{Heap after GC invocations=14 (full 0):
 garbage-first heap   total 51200K, used 23390K [0x0000000084200000, 0x0000000100000000)
  region size 1024K, 3 young (3072K), 3 survivors (3072K)
 Metaspace       used 44356K, committed 45056K, reserved 1114112K
  class space    used 5641K, committed 5952K, reserved 1048576K
}
Event: 272.171 GC heap before
{Heap before GC invocations=14 (full 0):
 garbage-first heap   total 51200K, used 39774K [0x0000000084200000, 0x0000000100000000)
  region size 1024K, 19 young (19456K), 3 survivors (3072K)
 Metaspace       used 45175K, committed 45824K, reserved 1114112K
  class space    used 5648K, committed 5952K, reserved 1048576K
}
Event: 272.207 GC heap after
{Heap after GC invocations=15 (full 0):
 garbage-first heap   total 51200K, used 23405K [0x0000000084200000, 0x0000000100000000)
  region size 1024K, 2 young (2048K), 2 survivors (2048K)
 Metaspace       used 45175K, committed 45824K, reserved 1114112K
  class space    used 5648K, committed 5952K, reserved 1048576K
}
Event: 276.593 GC heap before
{Heap before GC invocations=15 (full 0):
 garbage-first heap   total 51200K, used 40813K [0x0000000084200000, 0x0000000100000000)
  region size 1024K, 19 young (19456K), 2 survivors (2048K)
 Metaspace       used 46221K, committed 46912K, reserved 1114112K
  class space    used 5650K, committed 5952K, reserved 1048576K
}
Event: 276.597 GC heap after
{Heap after GC invocations=16 (full 0):
 garbage-first heap   total 51200K, used 23469K [0x0000000084200000, 0x0000000100000000)
  region size 1024K, 2 young (2048K), 2 survivors (2048K)
 Metaspace       used 46221K, committed 46912K, reserved 1114112K
  class space    used 5650K, committed 5952K, reserved 1048576K
}
Event: 279.346 GC heap before
{Heap before GC invocations=16 (full 0):
 garbage-first heap   total 51200K, used 40877K [0x0000000084200000, 0x0000000100000000)
  region size 1024K, 19 young (19456K), 2 survivors (2048K)
 Metaspace       used 46671K, committed 47296K, reserved 1114112K
  class space    used 5650K, committed 5952K, reserved 1048576K
}
Event: 279.350 GC heap after
{Heap after GC invocations=17 (full 0):
 garbage-first heap   total 51200K, used 23433K [0x0000000084200000, 0x0000000100000000)
  region size 1024K, 2 young (2048K), 2 survivors (2048K)
 Metaspace       used 46671K, committed 47296K, reserved 1114112K
  class space    used 5650K, committed 5952K, reserved 1048576K
}
Event: 350.242 GC heap before
{Heap before GC invocations=17 (full 0):
 garbage-first heap   total 51200K, used 41865K [0x0000000084200000, 0x0000000100000000)
  region size 1024K, 20 young (20480K), 2 survivors (2048K)
 Metaspace       used 46707K, committed 47360K, reserved 1114112K
  class space    used 5650K, committed 5952K, reserved 1048576K
}
Event: 350.245 GC heap after
{Heap after GC invocations=18 (full 0):
 garbage-first heap   total 51200K, used 23430K [0x0000000084200000, 0x0000000100000000)
  region size 1024K, 2 young (2048K), 2 survivors (2048K)
 Metaspace       used 46707K, committed 47360K, reserved 1114112K
  class space    used 5650K, committed 5952K, reserved 1048576K
}
Event: 363.376 GC heap before
{Heap before GC invocations=18 (full 0):
 garbage-first heap   total 51200K, used 41862K [0x0000000084200000, 0x0000000100000000)
  region size 1024K, 20 young (20480K), 2 survivors (2048K)
 Metaspace       used 46712K, committed 47360K, reserved 1114112K
  class space    used 5650K, committed 5952K, reserved 1048576K
}
Event: 363.386 GC heap after
{Heap after GC invocations=19 (full 0):
 garbage-first heap   total 51200K, used 23530K [0x0000000084200000, 0x0000000100000000)
  region size 1024K, 2 young (2048K), 2 survivors (2048K)
 Metaspace       used 46712K, committed 47360K, reserved 1114112K
  class space    used 5650K, committed 5952K, reserved 1048576K
}
Event: 467.301 GC heap before
{Heap before GC invocations=19 (full 0):
 garbage-first heap   total 51200K, used 42986K [0x0000000084200000, 0x0000000100000000)
  region size 1024K, 21 young (21504K), 2 survivors (2048K)
 Metaspace       used 46723K, committed 47360K, reserved 1114112K
  class space    used 5651K, committed 5952K, reserved 1048576K
}
Event: 467.322 GC heap after
{Heap after GC invocations=20 (full 0):
 garbage-first heap   total 51200K, used 23497K [0x0000000084200000, 0x0000000100000000)
  region size 1024K, 2 young (2048K), 2 survivors (2048K)
 Metaspace       used 46723K, committed 47360K, reserved 1114112K
  class space    used 5651K, committed 5952K, reserved 1048576K
}

