# JRE version: OpenJDK Runtime Environment Corretto-19.0.2.7.1 (19.0.2+7) (build 19.0.2+7-FR)
# Java VM: OpenJDK 64-Bit Server VM Corretto-19.0.2.7.1 (19.0.2+7-FR, mixed mode, sharing, tiered, compressed oops, compressed class ptrs, g1 gc, windows-amd64)
GC Precious Log:
 CardTable entry size: 512
 Card Set container configuration: InlinePtr #cards 5 size 8 Array Of Cards #cards 12 size 40 Howl #buckets 4 coarsen threshold 1843 Howl Bitmap #cards 512 size 80 coarsen threshold 460 Card regions per heap region 1 cards per card region 2048
 CPUs: 8 total, 8 available
 Memory: 7926M
 Large Page Support: Disabled
 NUMA Support: Disabled
 Compressed Oops: Enabled (32-bit)
 Heap Region Size: 1M
 Heap Min Capacity: 8M
 Heap Initial Capacity: 124M
 Heap Max Capacity: 1982M
 Pre-touch: Disabled
 Parallel Workers: 8
 Concurrent Workers: 2
 Concurrent Refinement Workers: 8
 Periodic GC: Disabled
Heap:
 garbage-first heap   total 102400K, used 43931K [0x0000000084200000, 0x0000000100000000)
  region size 1024K, 23 young (23552K), 4 survivors (4096K)
 Metaspace       used 49139K, committed 49792K, reserved 1114112K
  class space    used 6053K, committed 6336K, reserved 1048576K
GC Heap History (20 events):
Event: 5.262 GC heap before
{Heap before GC invocations=4 (full 0):
 garbage-first heap   total 51200K, used 37073K [0x0000000084200000, 0x0000000100000000)
  region size 1024K, 30 young (30720K), 7 survivors (7168K)
 Metaspace       used 25437K, committed 25920K, reserved 1114112K
  class space    used 3122K, committed 3328K, reserved 1048576K
}
Event: 5.270 GC heap after
{Heap after GC invocations=5 (full 0):
 garbage-first heap   total 51200K, used 15626K [0x0000000084200000, 0x0000000100000000)
  region size 1024K, 3 young (3072K), 3 survivors (3072K)
 Metaspace       used 25437K, committed 25920K, reserved 1114112K
  class space    used 3122K, committed 3328K, reserved 1048576K
}
Event: 5.286 GC heap before
{Heap before GC invocations=5 (full 0):
 garbage-first heap   total 51200K, used 16650K [0x0000000084200000, 0x0000000100000000)
  region size 1024K, 4 young (4096K), 3 survivors (3072K)
 Metaspace       used 25558K, committed 26048K, reserved 1114112K
  class space    used 3155K, committed 3392K, reserved 1048576K
}
Event: 5.290 GC heap after
{Heap after GC invocations=6 (full 0):
 garbage-first heap   total 51200K, used 16088K [0x0000000084200000, 0x0000000100000000)
  region size 1024K, 1 young (1024K), 1 survivors (1024K)
 Metaspace       used 25558K, committed 26048K, reserved 1114112K
  class space    used 3155K, committed 3392K, reserved 1048576K
}
Event: 5.952 GC heap before
{Heap before GC invocations=6 (full 0):
 garbage-first heap   total 51200K, used 33496K [0x0000000084200000, 0x0000000100000000)
  region size 1024K, 19 young (19456K), 1 survivors (1024K)
 Metaspace       used 29482K, committed 29952K, reserved 1114112K
  class space    used 3632K, committed 3840K, reserved 1048576K
}
Event: 5.956 GC heap after
{Heap after GC invocations=7 (full 0):
 garbage-first heap   total 51200K, used 17443K [0x0000000084200000, 0x0000000100000000)
  region size 1024K, 2 young (2048K), 2 survivors (2048K)
 Metaspace       used 29482K, committed 29952K, reserved 1114112K
  class space    used 3632K, committed 3840K, reserved 1048576K
}
Event: 6.528 GC heap before
{Heap before GC invocations=7 (full 0):
 garbage-first heap   total 51200K, used 34851K [0x0000000084200000, 0x0000000100000000)
  region size 1024K, 20 young (20480K), 2 survivors (2048K)
 Metaspace       used 33979K, committed 34496K, reserved 1114112K
  class space    used 4288K, committed 4544K, reserved 1048576K
}
Event: 6.532 GC heap after
{Heap after GC invocations=8 (full 0):
 garbage-first heap   total 51200K, used 19104K [0x0000000084200000, 0x0000000100000000)
  region size 1024K, 2 young (2048K), 2 survivors (2048K)
 Metaspace       used 33979K, committed 34496K, reserved 1114112K
  class space    used 4288K, committed 4544K, reserved 1048576K
}
Event: 6.729 GC heap before
{Heap before GC invocations=8 (full 0):
 garbage-first heap   total 51200K, used 26272K [0x0000000084200000, 0x0000000100000000)
  region size 1024K, 10 young (10240K), 2 survivors (2048K)
 Metaspace       used 35490K, committed 35968K, reserved 1114112K
  class space    used 4514K, committed 4736K, reserved 1048576K
}
Event: 6.732 GC heap after
{Heap after GC invocations=9 (full 0):
 garbage-first heap   total 51200K, used 20037K [0x0000000084200000, 0x0000000100000000)
  region size 1024K, 1 young (1024K), 1 survivors (1024K)
 Metaspace       used 35490K, committed 35968K, reserved 1114112K
  class space    used 4514K, committed 4736K, reserved 1048576K
}
Event: 7.337 GC heap before
{Heap before GC invocations=10 (full 0):
 garbage-first heap   total 51200K, used 37445K [0x0000000084200000, 0x0000000100000000)
  region size 1024K, 19 young (19456K), 1 survivors (1024K)
 Metaspace       used 38132K, committed 38720K, reserved 1114112K
  class space    used 4868K, committed 5120K, reserved 1048576K
}
Event: 7.341 GC heap after
{Heap after GC invocations=11 (full 0):
 garbage-first heap   total 51200K, used 22103K [0x0000000084200000, 0x0000000100000000)
  region size 1024K, 3 young (3072K), 3 survivors (3072K)
 Metaspace       used 38132K, committed 38720K, reserved 1114112K
  class space    used 4868K, committed 5120K, reserved 1048576K
}
Event: 7.356 GC heap before
{Heap before GC invocations=11 (full 0):
 garbage-first heap   total 51200K, used 23127K [0x0000000084200000, 0x0000000100000000)
  region size 1024K, 4 young (4096K), 3 survivors (3072K)
 Metaspace       used 38278K, committed 38848K, reserved 1114112K
  class space    used 4881K, committed 5120K, reserved 1048576K
}
Event: 7.359 GC heap after
{Heap after GC invocations=12 (full 0):
 garbage-first heap   total 51200K, used 22065K [0x0000000084200000, 0x0000000100000000)
  region size 1024K, 1 young (1024K), 1 survivors (1024K)
 Metaspace       used 38278K, committed 38848K, reserved 1114112K
  class space    used 4881K, committed 5120K, reserved 1048576K
}
Event: 11.404 GC heap before
{Heap before GC invocations=12 (full 0):
 garbage-first heap   total 51200K, used 37425K [0x0000000084200000, 0x0000000100000000)
  region size 1024K, 17 young (17408K), 1 survivors (1024K)
 Metaspace       used 41275K, committed 41856K, reserved 1114112K
  class space    used 5297K, committed 5568K, reserved 1048576K
}
Event: 11.407 GC heap after
{Heap after GC invocations=13 (full 0):
 garbage-first heap   total 102400K, used 23281K [0x0000000084200000, 0x0000000100000000)
  region size 1024K, 2 young (2048K), 2 survivors (2048K)
 Metaspace       used 41275K, committed 41856K, reserved 1114112K
  class space    used 5297K, committed 5568K, reserved 1048576K
}
Event: 311.906 GC heap before
{Heap before GC invocations=13 (full 0):
 garbage-first heap   total 102400K, used 77553K [0x0000000084200000, 0x0000000100000000)
  region size 1024K, 56 young (57344K), 2 survivors (2048K)
 Metaspace       used 47061K, committed 47744K, reserved 1114112K
  class space    used 5987K, committed 6272K, reserved 1048576K
}
Event: 311.968 GC heap after
{Heap after GC invocations=14 (full 0):
 garbage-first heap   total 102400K, used 25388K [0x0000000084200000, 0x0000000100000000)
  region size 1024K, 4 young (4096K), 4 survivors (4096K)
 Metaspace       used 47061K, committed 47744K, reserved 1114112K
  class space    used 5987K, committed 6272K, reserved 1048576K
}
Event: 893.857 GC heap before
{Heap before GC invocations=14 (full 0):
 garbage-first heap   total 102400K, used 77612K [0x0000000084200000, 0x0000000100000000)
  region size 1024K, 56 young (57344K), 4 survivors (4096K)
 Metaspace       used 48454K, committed 49088K, reserved 1114112K
  class space    used 6052K, committed 6336K, reserved 1048576K
}
Event: 893.930 GC heap after
{Heap after GC invocations=15 (full 0):
 garbage-first heap   total 102400K, used 25499K [0x0000000084200000, 0x0000000100000000)
  region size 1024K, 4 young (4096K), 4 survivors (4096K)
 Metaspace       used 48454K, committed 49088K, reserved 1114112K
  class space    used 6052K, committed 6336K, reserved 1048576K
}

