# JRE version: OpenJDK Runtime Environment Corretto-19.0.2.7.1 (19.0.2+7) (build 19.0.2+7-FR)
# Java VM: OpenJDK 64-Bit Server VM Corretto-19.0.2.7.1 (19.0.2+7-FR, mixed mode, sharing, tiered, compressed oops, compressed class ptrs, g1 gc, windows-amd64)
GC Precious Log:
 CardTable entry size: 512
 Card Set container configuration: InlinePtr #cards 5 size 8 Array Of Cards #cards 12 size 40 Howl #buckets 4 coarsen threshold 1843 Howl Bitmap #cards 512 size 80 coarsen threshold 460 Card regions per heap region 1 cards per card region 2048
 CPUs: 8 total, 8 available
 Memory: 7926M
 Large Page Support: Disabled
 NUMA Support: Disabled
 Compressed Oops: Enabled (32-bit)
 Heap Region Size: 1M
 Heap Min Capacity: 8M
 Heap Initial Capacity: 124M
 Heap Max Capacity: 1982M
 Pre-touch: Disabled
 Parallel Workers: 8
 Concurrent Workers: 2
 Concurrent Refinement Workers: 8
 Periodic GC: Disabled
Heap:
 garbage-first heap   total 51200K, used 24165K [0x0000000084200000, 0x0000000100000000)
  region size 1024K, 3 young (3072K), 1 survivors (1024K)
 Metaspace       used 46395K, committed 47040K, reserved 1114112K
  class space    used 5618K, committed 5952K, reserved 1048576K
GC Heap History (20 events):
Event: 5.864 GC heap before
{Heap before GC invocations=7 (full 0):
 garbage-first heap   total 51200K, used 34668K [0x0000000084200000, 0x0000000100000000)
  region size 1024K, 20 young (20480K), 2 survivors (2048K)
 Metaspace       used 33968K, committed 34560K, reserved 1114112K
  class space    used 4338K, committed 4608K, reserved 1048576K
}
Event: 5.868 GC heap after
{Heap after GC invocations=8 (full 0):
 garbage-first heap   total 51200K, used 19206K [0x0000000084200000, 0x0000000100000000)
  region size 1024K, 3 young (3072K), 3 survivors (3072K)
 Metaspace       used 33968K, committed 34560K, reserved 1114112K
  class space    used 4338K, committed 4608K, reserved 1048576K
}
Event: 6.214 GC heap before
{Heap before GC invocations=8 (full 0):
 garbage-first heap   total 51200K, used 27398K [0x0000000084200000, 0x0000000100000000)
  region size 1024K, 12 young (12288K), 3 survivors (3072K)
 Metaspace       used 35425K, committed 35968K, reserved 1114112K
  class space    used 4526K, committed 4800K, reserved 1048576K
}
Event: 6.219 GC heap after
{Heap after GC invocations=9 (full 0):
 garbage-first heap   total 51200K, used 20322K [0x0000000084200000, 0x0000000100000000)
  region size 1024K, 2 young (2048K), 2 survivors (2048K)
 Metaspace       used 35425K, committed 35968K, reserved 1114112K
  class space    used 4526K, committed 4800K, reserved 1048576K
}
Event: 18.370 GC heap before
{Heap before GC invocations=10 (full 0):
 garbage-first heap   total 51200K, used 36706K [0x0000000084200000, 0x0000000100000000)
  region size 1024K, 19 young (19456K), 2 survivors (2048K)
 Metaspace       used 38400K, committed 39040K, reserved 1114112K
  class space    used 4923K, committed 5248K, reserved 1048576K
}
Event: 18.374 GC heap after
{Heap after GC invocations=11 (full 0):
 garbage-first heap   total 51200K, used 21880K [0x0000000084200000, 0x0000000100000000)
  region size 1024K, 3 young (3072K), 3 survivors (3072K)
 Metaspace       used 38400K, committed 39040K, reserved 1114112K
  class space    used 4923K, committed 5248K, reserved 1048576K
}
Event: 18.441 GC heap before
{Heap before GC invocations=11 (full 0):
 garbage-first heap   total 51200K, used 22904K [0x0000000084200000, 0x0000000100000000)
  region size 1024K, 4 young (4096K), 3 survivors (3072K)
 Metaspace       used 38686K, committed 39296K, reserved 1114112K
  class space    used 4962K, committed 5248K, reserved 1048576K
}
Event: 18.447 GC heap after
{Heap after GC invocations=12 (full 0):
 garbage-first heap   total 51200K, used 21761K [0x0000000084200000, 0x0000000100000000)
  region size 1024K, 1 young (1024K), 1 survivors (1024K)
 Metaspace       used 38686K, committed 39296K, reserved 1114112K
  class space    used 4962K, committed 5248K, reserved 1048576K
}
Event: 38.625 GC heap before
{Heap before GC invocations=12 (full 0):
 garbage-first heap   total 51200K, used 38145K [0x0000000084200000, 0x0000000100000000)
  region size 1024K, 18 young (18432K), 1 survivors (1024K)
 Metaspace       used 42906K, committed 43584K, reserved 1114112K
  class space    used 5485K, committed 5824K, reserved 1048576K
}
Event: 38.629 GC heap after
{Heap after GC invocations=13 (full 0):
 garbage-first heap   total 51200K, used 22906K [0x0000000084200000, 0x0000000100000000)
  region size 1024K, 2 young (2048K), 2 survivors (2048K)
 Metaspace       used 42906K, committed 43584K, reserved 1114112K
  class space    used 5485K, committed 5824K, reserved 1048576K
}
Event: 39.477 GC heap before
{Heap before GC invocations=13 (full 0):
 garbage-first heap   total 51200K, used 39290K [0x0000000084200000, 0x0000000100000000)
  region size 1024K, 18 young (18432K), 2 survivors (2048K)
 Metaspace       used 43901K, committed 44480K, reserved 1114112K
  class space    used 5544K, committed 5824K, reserved 1048576K
}
Event: 39.480 GC heap after
{Heap after GC invocations=14 (full 0):
 garbage-first heap   total 51200K, used 23430K [0x0000000084200000, 0x0000000100000000)
  region size 1024K, 3 young (3072K), 3 survivors (3072K)
 Metaspace       used 43901K, committed 44480K, reserved 1114112K
  class space    used 5544K, committed 5824K, reserved 1048576K
}
Event: 232.511 GC heap before
{Heap before GC invocations=14 (full 0):
 garbage-first heap   total 51200K, used 38790K [0x0000000084200000, 0x0000000100000000)
  region size 1024K, 19 young (19456K), 3 survivors (3072K)
 Metaspace       used 45014K, committed 45760K, reserved 1114112K
  class space    used 5617K, committed 5952K, reserved 1048576K
}
Event: 232.545 GC heap after
{Heap after GC invocations=15 (full 0):
 garbage-first heap   total 51200K, used 23559K [0x0000000084200000, 0x0000000100000000)
  region size 1024K, 1 young (1024K), 1 survivors (1024K)
 Metaspace       used 45014K, committed 45760K, reserved 1114112K
  class space    used 5617K, committed 5952K, reserved 1048576K
}
Event: 247.363 GC heap before
{Heap before GC invocations=15 (full 0):
 garbage-first heap   total 51200K, used 40967K [0x0000000084200000, 0x0000000100000000)
  region size 1024K, 18 young (18432K), 1 survivors (1024K)
 Metaspace       used 45458K, committed 46144K, reserved 1114112K
  class space    used 5618K, committed 5952K, reserved 1048576K
}
Event: 247.370 GC heap after
{Heap after GC invocations=16 (full 0):
 garbage-first heap   total 51200K, used 23561K [0x0000000084200000, 0x0000000100000000)
  region size 1024K, 1 young (1024K), 1 survivors (1024K)
 Metaspace       used 45458K, committed 46144K, reserved 1114112K
  class space    used 5618K, committed 5952K, reserved 1048576K
}
Event: 417.735 GC heap before
{Heap before GC invocations=17 (full 0):
 garbage-first heap   total 51200K, used 40969K [0x0000000084200000, 0x0000000100000000)
  region size 1024K, 18 young (18432K), 1 survivors (1024K)
 Metaspace       used 46280K, committed 46912K, reserved 1114112K
  class space    used 5618K, committed 5952K, reserved 1048576K
}
Event: 417.748 GC heap after
{Heap after GC invocations=18 (full 0):
 garbage-first heap   total 51200K, used 23503K [0x0000000084200000, 0x0000000100000000)
  region size 1024K, 1 young (1024K), 1 survivors (1024K)
 Metaspace       used 46280K, committed 46912K, reserved 1114112K
  class space    used 5618K, committed 5952K, reserved 1048576K
}
Event: 417.914 GC heap before
{Heap before GC invocations=18 (full 0):
 garbage-first heap   total 51200K, used 24527K [0x0000000084200000, 0x0000000100000000)
  region size 1024K, 2 young (2048K), 1 survivors (1024K)
 Metaspace       used 46302K, committed 46976K, reserved 1114112K
  class space    used 5618K, committed 5952K, reserved 1048576K
}
Event: 417.950 GC heap after
{Heap after GC invocations=19 (full 0):
 garbage-first heap   total 51200K, used 23130K [0x0000000084200000, 0x0000000100000000)
  region size 1024K, 1 young (1024K), 1 survivors (1024K)
 Metaspace       used 46302K, committed 46976K, reserved 1114112K
  class space    used 5618K, committed 5952K, reserved 1048576K
}

