# JRE version: OpenJDK Runtime Environment Corretto-19.0.2.7.1 (19.0.2+7) (build 19.0.2+7-FR)
# Java VM: OpenJDK 64-Bit Server VM Corretto-19.0.2.7.1 (19.0.2+7-FR, mixed mode, sharing, tiered, compressed oops, compressed class ptrs, g1 gc, windows-amd64)
GC Precious Log:
 CardTable entry size: 512
 Card Set container configuration: InlinePtr #cards 5 size 8 Array Of Cards #cards 12 size 40 Howl #buckets 4 coarsen threshold 1843 Howl Bitmap #cards 512 size 80 coarsen threshold 460 Card regions per heap region 1 cards per card region 2048
 CPUs: 8 total, 8 available
 Memory: 7926M
 Large Page Support: Disabled
 NUMA Support: Disabled
 Compressed Oops: Enabled (32-bit)
 Heap Region Size: 1M
 Heap Min Capacity: 8M
 Heap Initial Capacity: 124M
 Heap Max Capacity: 1982M
 Pre-touch: Disabled
 Parallel Workers: 8
 Concurrent Workers: 2
 Concurrent Refinement Workers: 8
 Periodic GC: Disabled
Heap:
 garbage-first heap   total 94208K, used 57492K [0x0000000084200000, 0x0000000100000000)
  region size 1024K, 36 young (36864K), 4 survivors (4096K)
 Metaspace       used 48772K, committed 49408K, reserved 1114112K
  class space    used 6108K, committed 6400K, reserved 1048576K
GC Heap History (20 events):
Event: 3.350 GC heap before
{Heap before GC invocations=2 (full 0):
 garbage-first heap   total 126976K, used 54949K [0x0000000084200000, 0x0000000100000000)
  region size 1024K, 49 young (50176K), 3 survivors (3072K)
 Metaspace       used 21100K, committed 21504K, reserved 1114112K
  class space    used 2552K, committed 2752K, reserved 1048576K
}
Event: 3.356 GC heap after
{Heap after GC invocations=3 (full 0):
 garbage-first heap   total 126976K, used 13595K [0x0000000084200000, 0x0000000100000000)
  region size 1024K, 7 young (7168K), 7 survivors (7168K)
 Metaspace       used 21100K, committed 21504K, reserved 1114112K
  class space    used 2552K, committed 2752K, reserved 1048576K
}
Event: 4.701 GC heap before
{Heap before GC invocations=4 (full 0):
 garbage-first heap   total 51200K, used 37147K [0x0000000084200000, 0x0000000100000000)
  region size 1024K, 30 young (30720K), 7 survivors (7168K)
 Metaspace       used 25394K, committed 25856K, reserved 1114112K
  class space    used 3121K, committed 3328K, reserved 1048576K
}
Event: 4.711 GC heap after
{Heap after GC invocations=5 (full 0):
 garbage-first heap   total 51200K, used 15765K [0x0000000084200000, 0x0000000100000000)
  region size 1024K, 3 young (3072K), 3 survivors (3072K)
 Metaspace       used 25394K, committed 25856K, reserved 1114112K
  class space    used 3121K, committed 3328K, reserved 1048576K
}
Event: 4.780 GC heap before
{Heap before GC invocations=5 (full 0):
 garbage-first heap   total 51200K, used 16789K [0x0000000084200000, 0x0000000100000000)
  region size 1024K, 4 young (4096K), 3 survivors (3072K)
 Metaspace       used 25532K, committed 25984K, reserved 1114112K
  class space    used 3157K, committed 3392K, reserved 1048576K
}
Event: 4.785 GC heap after
{Heap after GC invocations=6 (full 0):
 garbage-first heap   total 51200K, used 16435K [0x0000000084200000, 0x0000000100000000)
  region size 1024K, 1 young (1024K), 1 survivors (1024K)
 Metaspace       used 25532K, committed 25984K, reserved 1114112K
  class space    used 3157K, committed 3392K, reserved 1048576K
}
Event: 5.935 GC heap before
{Heap before GC invocations=6 (full 0):
 garbage-first heap   total 51200K, used 33843K [0x0000000084200000, 0x0000000100000000)
  region size 1024K, 19 young (19456K), 1 survivors (1024K)
 Metaspace       used 29380K, committed 29888K, reserved 1114112K
  class space    used 3624K, committed 3840K, reserved 1048576K
}
Event: 5.940 GC heap after
{Heap after GC invocations=7 (full 0):
 garbage-first heap   total 51200K, used 17811K [0x0000000084200000, 0x0000000100000000)
  region size 1024K, 2 young (2048K), 2 survivors (2048K)
 Metaspace       used 29380K, committed 29888K, reserved 1114112K
  class space    used 3624K, committed 3840K, reserved 1048576K
}
Event: 7.004 GC heap before
{Heap before GC invocations=7 (full 0):
 garbage-first heap   total 51200K, used 35219K [0x0000000084200000, 0x0000000100000000)
  region size 1024K, 20 young (20480K), 2 survivors (2048K)
 Metaspace       used 33906K, committed 34432K, reserved 1114112K
  class space    used 4292K, committed 4544K, reserved 1048576K
}
Event: 7.009 GC heap after
{Heap after GC invocations=8 (full 0):
 garbage-first heap   total 51200K, used 19444K [0x0000000084200000, 0x0000000100000000)
  region size 1024K, 2 young (2048K), 2 survivors (2048K)
 Metaspace       used 33906K, committed 34432K, reserved 1114112K
  class space    used 4292K, committed 4544K, reserved 1048576K
}
Event: 7.582 GC heap before
{Heap before GC invocations=8 (full 0):
 garbage-first heap   total 51200K, used 26612K [0x0000000084200000, 0x0000000100000000)
  region size 1024K, 11 young (11264K), 2 survivors (2048K)
 Metaspace       used 35505K, committed 35968K, reserved 1114112K
  class space    used 4528K, committed 4736K, reserved 1048576K
}
Event: 7.585 GC heap after
{Heap after GC invocations=9 (full 0):
 garbage-first heap   total 51200K, used 20237K [0x0000000084200000, 0x0000000100000000)
  region size 1024K, 3 young (3072K), 3 survivors (3072K)
 Metaspace       used 35505K, committed 35968K, reserved 1114112K
  class space    used 4528K, committed 4736K, reserved 1048576K
}
Event: 8.771 GC heap before
{Heap before GC invocations=10 (full 0):
 garbage-first heap   total 51200K, used 38669K [0x0000000084200000, 0x0000000100000000)
  region size 1024K, 21 young (21504K), 3 survivors (3072K)
 Metaspace       used 38068K, committed 38592K, reserved 1114112K
  class space    used 4874K, committed 5120K, reserved 1048576K
}
Event: 8.777 GC heap after
{Heap after GC invocations=11 (full 0):
 garbage-first heap   total 51200K, used 22372K [0x0000000084200000, 0x0000000100000000)
  region size 1024K, 3 young (3072K), 3 survivors (3072K)
 Metaspace       used 38068K, committed 38592K, reserved 1114112K
  class space    used 4874K, committed 5120K, reserved 1048576K
}
Event: 8.791 GC heap before
{Heap before GC invocations=11 (full 0):
 garbage-first heap   total 51200K, used 23396K [0x0000000084200000, 0x0000000100000000)
  region size 1024K, 4 young (4096K), 3 survivors (3072K)
 Metaspace       used 38246K, committed 38784K, reserved 1114112K
  class space    used 4895K, committed 5120K, reserved 1048576K
}
Event: 8.795 GC heap after
{Heap after GC invocations=12 (full 0):
 garbage-first heap   total 51200K, used 22531K [0x0000000084200000, 0x0000000100000000)
  region size 1024K, 1 young (1024K), 1 survivors (1024K)
 Metaspace       used 38246K, committed 38784K, reserved 1114112K
  class space    used 4895K, committed 5120K, reserved 1048576K
}
Event: 24.149 GC heap before
{Heap before GC invocations=12 (full 0):
 garbage-first heap   total 51200K, used 37891K [0x0000000084200000, 0x0000000100000000)
  region size 1024K, 17 young (17408K), 1 survivors (1024K)
 Metaspace       used 41064K, committed 41664K, reserved 1114112K
  class space    used 5290K, committed 5568K, reserved 1048576K
}
Event: 24.153 GC heap after
{Heap after GC invocations=13 (full 0):
 garbage-first heap   total 94208K, used 23521K [0x0000000084200000, 0x0000000100000000)
  region size 1024K, 2 young (2048K), 2 survivors (2048K)
 Metaspace       used 41064K, committed 41664K, reserved 1114112K
  class space    used 5290K, committed 5568K, reserved 1048576K
}
Event: 38.149 GC heap before
{Heap before GC invocations=13 (full 0):
 garbage-first heap   total 94208K, used 69601K [0x0000000084200000, 0x0000000100000000)
  region size 1024K, 48 young (49152K), 2 survivors (2048K)
 Metaspace       used 47412K, committed 48064K, reserved 1114112K
  class space    used 6063K, committed 6336K, reserved 1048576K
}
Event: 38.161 GC heap after
{Heap after GC invocations=14 (full 0):
 garbage-first heap   total 94208K, used 25748K [0x0000000084200000, 0x0000000100000000)
  region size 1024K, 4 young (4096K), 4 survivors (4096K)
 Metaspace       used 47412K, committed 48064K, reserved 1114112K
  class space    used 6063K, committed 6336K, reserved 1048576K
}

