# JRE version: OpenJDK Runtime Environment Corretto-19.0.2.7.1 (19.0.2+7) (build 19.0.2+7-FR)
# Java VM: OpenJDK 64-Bit Server VM Corretto-19.0.2.7.1 (19.0.2+7-FR, mixed mode, sharing, tiered, compressed oops, compressed class ptrs, g1 gc, windows-amd64)
GC Precious Log:
 CardTable entry size: 512
 Card Set container configuration: InlinePtr #cards 5 size 8 Array Of Cards #cards 12 size 40 Howl #buckets 4 coarsen threshold 1843 Howl Bitmap #cards 512 size 80 coarsen threshold 460 Card regions per heap region 1 cards per card region 2048
 CPUs: 8 total, 8 available
 Memory: 7926M
 Large Page Support: Disabled
 NUMA Support: Disabled
 Compressed Oops: Enabled (32-bit)
 Heap Region Size: 1M
 Heap Min Capacity: 8M
 Heap Initial Capacity: 124M
 Heap Max Capacity: 1982M
 Pre-touch: Disabled
 Parallel Workers: 8
 Concurrent Workers: 2
 Concurrent Refinement Workers: 8
 Periodic GC: Disabled
Heap:
 garbage-first heap   total 66560K, used 32846K [0x0000000084200000, 0x0000000100000000)
  region size 1024K, 11 young (11264K), 3 survivors (3072K)
 Metaspace       used 47409K, committed 48064K, reserved 1114112K
  class space    used 6052K, committed 6336K, reserved 1048576K
GC Heap History (20 events):
Event: 2.471 GC heap before
{Heap before GC invocations=4 (full 0):
 garbage-first heap   total 51200K, used 36610K [0x0000000084200000, 0x0000000100000000)
  region size 1024K, 30 young (30720K), 7 survivors (7168K)
 Metaspace       used 25355K, committed 25728K, reserved 1114112K
  class space    used 3116K, committed 3264K, reserved 1048576K
}
Event: 2.478 GC heap after
{Heap after GC invocations=5 (full 0):
 garbage-first heap   total 51200K, used 15319K [0x0000000084200000, 0x0000000100000000)
  region size 1024K, 3 young (3072K), 3 survivors (3072K)
 Metaspace       used 25355K, committed 25728K, reserved 1114112K
  class space    used 3116K, committed 3264K, reserved 1048576K
}
Event: 2.503 GC heap before
{Heap before GC invocations=5 (full 0):
 garbage-first heap   total 51200K, used 16343K [0x0000000084200000, 0x0000000100000000)
  region size 1024K, 4 young (4096K), 3 survivors (3072K)
 Metaspace       used 25487K, committed 25984K, reserved 1114112K
  class space    used 3142K, committed 3392K, reserved 1048576K
}
Event: 2.505 GC heap after
{Heap after GC invocations=6 (full 0):
 garbage-first heap   total 51200K, used 15842K [0x0000000084200000, 0x0000000100000000)
  region size 1024K, 1 young (1024K), 1 survivors (1024K)
 Metaspace       used 25487K, committed 25984K, reserved 1114112K
  class space    used 3142K, committed 3392K, reserved 1048576K
}
Event: 2.960 GC heap before
{Heap before GC invocations=6 (full 0):
 garbage-first heap   total 51200K, used 34274K [0x0000000084200000, 0x0000000100000000)
  region size 1024K, 20 young (20480K), 1 survivors (1024K)
 Metaspace       used 29588K, committed 30144K, reserved 1114112K
  class space    used 3659K, committed 3904K, reserved 1048576K
}
Event: 2.963 GC heap after
{Heap after GC invocations=7 (full 0):
 garbage-first heap   total 51200K, used 17331K [0x0000000084200000, 0x0000000100000000)
  region size 1024K, 3 young (3072K), 3 survivors (3072K)
 Metaspace       used 29588K, committed 30144K, reserved 1114112K
  class space    used 3659K, committed 3904K, reserved 1048576K
}
Event: 3.364 GC heap before
{Heap before GC invocations=7 (full 0):
 garbage-first heap   total 51200K, used 35763K [0x0000000084200000, 0x0000000100000000)
  region size 1024K, 21 young (21504K), 3 survivors (3072K)
 Metaspace       used 33908K, committed 34496K, reserved 1114112K
  class space    used 4287K, committed 4544K, reserved 1048576K
}
Event: 3.368 GC heap after
{Heap after GC invocations=8 (full 0):
 garbage-first heap   total 51200K, used 18992K [0x0000000084200000, 0x0000000100000000)
  region size 1024K, 2 young (2048K), 2 survivors (2048K)
 Metaspace       used 33908K, committed 34496K, reserved 1114112K
  class space    used 4287K, committed 4544K, reserved 1048576K
}
Event: 3.498 GC heap before
{Heap before GC invocations=8 (full 0):
 garbage-first heap   total 51200K, used 25136K [0x0000000084200000, 0x0000000100000000)
  region size 1024K, 10 young (10240K), 2 survivors (2048K)
 Metaspace       used 35473K, committed 35968K, reserved 1114112K
  class space    used 4522K, committed 4736K, reserved 1048576K
}
Event: 3.501 GC heap after
{Heap after GC invocations=9 (full 0):
 garbage-first heap   total 66560K, used 20018K [0x0000000084200000, 0x0000000100000000)
  region size 1024K, 1 young (1024K), 1 survivors (1024K)
 Metaspace       used 35473K, committed 35968K, reserved 1114112K
  class space    used 4522K, committed 4736K, reserved 1048576K
}
Event: 4.042 GC heap before
{Heap before GC invocations=10 (full 0):
 garbage-first heap   total 66560K, used 46642K [0x0000000084200000, 0x0000000100000000)
  region size 1024K, 28 young (28672K), 1 survivors (1024K)
 Metaspace       used 39421K, committed 39936K, reserved 1114112K
  class space    used 5069K, committed 5312K, reserved 1048576K
}
Event: 4.046 GC heap after
{Heap after GC invocations=11 (full 0):
 garbage-first heap   total 66560K, used 22713K [0x0000000084200000, 0x0000000100000000)
  region size 1024K, 4 young (4096K), 4 survivors (4096K)
 Metaspace       used 39421K, committed 39936K, reserved 1114112K
  class space    used 5069K, committed 5312K, reserved 1048576K
}
Event: 4.063 GC heap before
{Heap before GC invocations=11 (full 0):
 garbage-first heap   total 66560K, used 23737K [0x0000000084200000, 0x0000000100000000)
  region size 1024K, 5 young (5120K), 4 survivors (4096K)
 Metaspace       used 39594K, committed 40128K, reserved 1114112K
  class space    used 5093K, committed 5312K, reserved 1048576K
}
Event: 4.066 GC heap after
{Heap after GC invocations=12 (full 0):
 garbage-first heap   total 66560K, used 22388K [0x0000000084200000, 0x0000000100000000)
  region size 1024K, 1 young (1024K), 1 survivors (1024K)
 Metaspace       used 39594K, committed 40128K, reserved 1114112K
  class space    used 5093K, committed 5312K, reserved 1048576K
}
Event: 233.931 GC heap before
{Heap before GC invocations=12 (full 0):
 garbage-first heap   total 66560K, used 46964K [0x0000000084200000, 0x0000000100000000)
  region size 1024K, 26 young (26624K), 1 survivors (1024K)
 Metaspace       used 43323K, committed 43904K, reserved 1114112K
  class space    used 5636K, committed 5888K, reserved 1048576K
}
Event: 233.940 GC heap after
{Heap after GC invocations=13 (full 0):
 garbage-first heap   total 66560K, used 23625K [0x0000000084200000, 0x0000000100000000)
  region size 1024K, 2 young (2048K), 2 survivors (2048K)
 Metaspace       used 43323K, committed 43904K, reserved 1114112K
  class space    used 5636K, committed 5888K, reserved 1048576K
}
Event: 330.532 GC heap before
{Heap before GC invocations=13 (full 0):
 garbage-first heap   total 66560K, used 49225K [0x0000000084200000, 0x0000000100000000)
  region size 1024K, 27 young (27648K), 2 survivors (2048K)
 Metaspace       used 45616K, committed 46208K, reserved 1114112K
  class space    used 5885K, committed 6144K, reserved 1048576K
}
Event: 330.538 GC heap after
{Heap after GC invocations=14 (full 0):
 garbage-first heap   total 66560K, used 24775K [0x0000000084200000, 0x0000000100000000)
  region size 1024K, 3 young (3072K), 3 survivors (3072K)
 Metaspace       used 45616K, committed 46208K, reserved 1114112K
  class space    used 5885K, committed 6144K, reserved 1048576K
}
Event: 492.275 GC heap before
{Heap before GC invocations=14 (full 0):
 garbage-first heap   total 66560K, used 49351K [0x0000000084200000, 0x0000000100000000)
  region size 1024K, 28 young (28672K), 3 survivors (3072K)
 Metaspace       used 46936K, committed 47552K, reserved 1114112K
  class space    used 6021K, committed 6272K, reserved 1048576K
}
Event: 492.283 GC heap after
{Heap after GC invocations=15 (full 0):
 garbage-first heap   total 66560K, used 25678K [0x0000000084200000, 0x0000000100000000)
  region size 1024K, 3 young (3072K), 3 survivors (3072K)
 Metaspace       used 46936K, committed 47552K, reserved 1114112K
  class space    used 6021K, committed 6272K, reserved 1048576K
}

