# JRE version: OpenJDK Runtime Environment Corretto-19.0.2.7.1 (19.0.2+7) (build 19.0.2+7-FR)
# Java VM: OpenJDK 64-Bit Server VM Corretto-19.0.2.7.1 (19.0.2+7-FR, mixed mode, sharing, tiered, compressed oops, compressed class ptrs, g1 gc, windows-amd64)
GC Precious Log:
 CardTable entry size: 512
 Card Set container configuration: InlinePtr #cards 5 size 8 Array Of Cards #cards 12 size 40 Howl #buckets 4 coarsen threshold 1843 Howl Bitmap #cards 512 size 80 coarsen threshold 460 Card regions per heap region 1 cards per card region 2048
 CPUs: 8 total, 8 available
 Memory: 7926M
 Large Page Support: Disabled
 NUMA Support: Disabled
 Compressed Oops: Enabled (32-bit)
 Heap Region Size: 1M
 Heap Min Capacity: 8M
 Heap Initial Capacity: 124M
 Heap Max Capacity: 1982M
 Pre-touch: Disabled
 Parallel Workers: 8
 Concurrent Workers: 2
 Concurrent Refinement Workers: 8
 Periodic GC: Disabled
Heap:
 garbage-first heap   total 63488K, used 49349K [0x0000000084200000, 0x0000000100000000)
  region size 1024K, 30 young (30720K), 1 survivors (1024K)
 Metaspace       used 44821K, committed 45440K, reserved 1114112K
  class space    used 5416K, committed 5696K, reserved 1048576K
GC Heap History (20 events):
Event: 12.931 GC heap before
{Heap before GC invocations=10 (full 0):
 garbage-first heap   total 45056K, used 34170K [0x0000000084200000, 0x0000000100000000)
  region size 1024K, 17 young (17408K), 2 survivors (2048K)
 Metaspace       used 38195K, committed 38784K, reserved 1114112K
  class space    used 4910K, committed 5184K, reserved 1048576K
}
Event: 12.934 GC heap after
{Heap after GC invocations=11 (full 0):
 garbage-first heap   total 45056K, used 20186K [0x0000000084200000, 0x0000000100000000)
  region size 1024K, 3 young (3072K), 3 survivors (3072K)
 Metaspace       used 38195K, committed 38784K, reserved 1114112K
  class space    used 4910K, committed 5184K, reserved 1048576K
}
Event: 12.991 GC heap before
{Heap before GC invocations=11 (full 0):
 garbage-first heap   total 45056K, used 21210K [0x0000000084200000, 0x0000000100000000)
  region size 1024K, 4 young (4096K), 3 survivors (3072K)
 Metaspace       used 38492K, committed 39104K, reserved 1114112K
  class space    used 4951K, committed 5248K, reserved 1048576K
}
Event: 12.995 GC heap after
{Heap after GC invocations=12 (full 0):
 garbage-first heap   total 45056K, used 20103K [0x0000000084200000, 0x0000000100000000)
  region size 1024K, 1 young (1024K), 1 survivors (1024K)
 Metaspace       used 38492K, committed 39104K, reserved 1114112K
  class space    used 4951K, committed 5248K, reserved 1048576K
}
Event: 13.574 GC heap before
{Heap before GC invocations=12 (full 0):
 garbage-first heap   total 45056K, used 32391K [0x0000000084200000, 0x0000000100000000)
  region size 1024K, 14 young (14336K), 1 survivors (1024K)
 Metaspace       used 42054K, committed 42688K, reserved 1114112K
  class space    used 5390K, committed 5696K, reserved 1048576K
}
Event: 13.578 GC heap after
{Heap after GC invocations=13 (full 0):
 garbage-first heap   total 63488K, used 20760K [0x0000000084200000, 0x0000000100000000)
  region size 1024K, 2 young (2048K), 2 survivors (2048K)
 Metaspace       used 42054K, committed 42688K, reserved 1114112K
  class space    used 5390K, committed 5696K, reserved 1048576K
}
Event: 17.528 GC heap before
{Heap before GC invocations=14 (full 0):
 garbage-first heap   total 63488K, used 46360K [0x0000000084200000, 0x0000000100000000)
  region size 1024K, 27 young (27648K), 2 survivors (2048K)
 Metaspace       used 43371K, committed 44032K, reserved 1114112K
  class space    used 5408K, committed 5696K, reserved 1048576K
}
Event: 17.532 GC heap after
{Heap after GC invocations=15 (full 0):
 garbage-first heap   total 63488K, used 20853K [0x0000000084200000, 0x0000000100000000)
  region size 1024K, 2 young (2048K), 2 survivors (2048K)
 Metaspace       used 43371K, committed 44032K, reserved 1114112K
  class space    used 5408K, committed 5696K, reserved 1048576K
}
Event: 17.621 GC heap before
{Heap before GC invocations=15 (full 0):
 garbage-first heap   total 63488K, used 21877K [0x0000000084200000, 0x0000000100000000)
  region size 1024K, 3 young (3072K), 2 survivors (2048K)
 Metaspace       used 43397K, committed 44032K, reserved 1114112K
  class space    used 5408K, committed 5696K, reserved 1048576K
}
Event: 17.626 GC heap after
{Heap after GC invocations=16 (full 0):
 garbage-first heap   total 63488K, used 20560K [0x0000000084200000, 0x0000000100000000)
  region size 1024K, 1 young (1024K), 1 survivors (1024K)
 Metaspace       used 43397K, committed 44032K, reserved 1114112K
  class space    used 5408K, committed 5696K, reserved 1048576K
}
Event: 20.651 GC heap before
{Heap before GC invocations=16 (full 0):
 garbage-first heap   total 63488K, used 48208K [0x0000000084200000, 0x0000000100000000)
  region size 1024K, 28 young (28672K), 1 survivors (1024K)
 Metaspace       used 44386K, committed 45056K, reserved 1114112K
  class space    used 5408K, committed 5696K, reserved 1048576K
}
Event: 20.654 GC heap after
{Heap after GC invocations=17 (full 0):
 garbage-first heap   total 63488K, used 20541K [0x0000000084200000, 0x0000000100000000)
  region size 1024K, 1 young (1024K), 1 survivors (1024K)
 Metaspace       used 44386K, committed 45056K, reserved 1114112K
  class space    used 5408K, committed 5696K, reserved 1048576K
}
Event: 23.987 GC heap before
{Heap before GC invocations=17 (full 0):
 garbage-first heap   total 63488K, used 49213K [0x0000000084200000, 0x0000000100000000)
  region size 1024K, 29 young (29696K), 1 survivors (1024K)
 Metaspace       used 44452K, committed 45120K, reserved 1114112K
  class space    used 5408K, committed 5696K, reserved 1048576K
}
Event: 23.991 GC heap after
{Heap after GC invocations=18 (full 0):
 garbage-first heap   total 63488K, used 20547K [0x0000000084200000, 0x0000000100000000)
  region size 1024K, 1 young (1024K), 1 survivors (1024K)
 Metaspace       used 44452K, committed 45120K, reserved 1114112K
  class space    used 5408K, committed 5696K, reserved 1048576K
}
Event: 101.885 GC heap before
{Heap before GC invocations=18 (full 0):
 garbage-first heap   total 63488K, used 50243K [0x0000000084200000, 0x0000000100000000)
  region size 1024K, 30 young (30720K), 1 survivors (1024K)
 Metaspace       used 44614K, committed 45184K, reserved 1114112K
  class space    used 5414K, committed 5696K, reserved 1048576K
}
Event: 101.889 GC heap after
{Heap after GC invocations=19 (full 0):
 garbage-first heap   total 63488K, used 20624K [0x0000000084200000, 0x0000000100000000)
  region size 1024K, 1 young (1024K), 1 survivors (1024K)
 Metaspace       used 44614K, committed 45184K, reserved 1114112K
  class space    used 5414K, committed 5696K, reserved 1048576K
}
Event: 105.274 GC heap before
{Heap before GC invocations=19 (full 0):
 garbage-first heap   total 63488K, used 51344K [0x0000000084200000, 0x0000000100000000)
  region size 1024K, 31 young (31744K), 1 survivors (1024K)
 Metaspace       used 44701K, committed 45312K, reserved 1114112K
  class space    used 5414K, committed 5696K, reserved 1048576K
}
Event: 105.277 GC heap after
{Heap after GC invocations=20 (full 0):
 garbage-first heap   total 63488K, used 20656K [0x0000000084200000, 0x0000000100000000)
  region size 1024K, 1 young (1024K), 1 survivors (1024K)
 Metaspace       used 44701K, committed 45312K, reserved 1114112K
  class space    used 5414K, committed 5696K, reserved 1048576K
}
Event: 108.798 GC heap before
{Heap before GC invocations=20 (full 0):
 garbage-first heap   total 63488K, used 52400K [0x0000000084200000, 0x0000000100000000)
  region size 1024K, 32 young (32768K), 1 survivors (1024K)
 Metaspace       used 44789K, committed 45440K, reserved 1114112K
  class space    used 5416K, committed 5696K, reserved 1048576K
}
Event: 108.801 GC heap after
{Heap after GC invocations=21 (full 0):
 garbage-first heap   total 63488K, used 20677K [0x0000000084200000, 0x0000000100000000)
  region size 1024K, 1 young (1024K), 1 survivors (1024K)
 Metaspace       used 44789K, committed 45440K, reserved 1114112K
  class space    used 5416K, committed 5696K, reserved 1048576K
}

