# JRE version: OpenJDK Runtime Environment Corretto-19.0.2.7.1 (19.0.2+7) (build 19.0.2+7-FR)
# Java VM: OpenJDK 64-Bit Server VM Corretto-19.0.2.7.1 (19.0.2+7-FR, mixed mode, sharing, tiered, compressed oops, compressed class ptrs, g1 gc, windows-amd64)
GC Precious Log:
 CardTable entry size: 512
 Card Set container configuration: InlinePtr #cards 5 size 8 Array Of Cards #cards 12 size 40 Howl #buckets 4 coarsen threshold 1843 Howl Bitmap #cards 512 size 80 coarsen threshold 460 Card regions per heap region 1 cards per card region 2048
 CPUs: 8 total, 8 available
 Memory: 7926M
 Large Page Support: Disabled
 NUMA Support: Disabled
 Compressed Oops: Enabled (32-bit)
 Heap Region Size: 1M
 Heap Min Capacity: 8M
 Heap Initial Capacity: 124M
 Heap Max Capacity: 1982M
 Pre-touch: Disabled
 Parallel Workers: 8
 Concurrent Workers: 2
 Concurrent Refinement Workers: 8
 Periodic GC: Disabled
Heap:
 garbage-first heap   total 63488K, used 32997K [0x0000000084200000, 0x0000000100000000)
  region size 1024K, 14 young (14336K), 1 survivors (1024K)
 Metaspace       used 44494K, committed 45120K, reserved 1114112K
  class space    used 5440K, committed 5696K, reserved 1048576K
GC Heap History (20 events):
Event: 322.524 GC heap before
{Heap before GC invocations=14 (full 0):
 garbage-first heap   total 45056K, used 33968K [0x0000000084200000, 0x0000000100000000)
  region size 1024K, 15 young (15360K), 1 survivors (1024K)
 Metaspace       used 42715K, committed 43328K, reserved 1114112K
  class space    used 5433K, committed 5696K, reserved 1048576K
}
Event: 322.546 GC heap after
{Heap after GC invocations=15 (full 0):
 garbage-first heap   total 63488K, used 21234K [0x0000000084200000, 0x0000000100000000)
  region size 1024K, 2 young (2048K), 2 survivors (2048K)
 Metaspace       used 42715K, committed 43328K, reserved 1114112K
  class space    used 5433K, committed 5696K, reserved 1048576K
}
Event: 322.682 GC heap before
{Heap before GC invocations=15 (full 0):
 garbage-first heap   total 63488K, used 22258K [0x0000000084200000, 0x0000000100000000)
  region size 1024K, 3 young (3072K), 2 survivors (2048K)
 Metaspace       used 42783K, committed 43392K, reserved 1114112K
  class space    used 5433K, committed 5696K, reserved 1048576K
}
Event: 322.711 GC heap after
{Heap after GC invocations=16 (full 0):
 garbage-first heap   total 63488K, used 21065K [0x0000000084200000, 0x0000000100000000)
  region size 1024K, 1 young (1024K), 1 survivors (1024K)
 Metaspace       used 42783K, committed 43392K, reserved 1114112K
  class space    used 5433K, committed 5696K, reserved 1048576K
}
Event: 326.911 GC heap before
{Heap before GC invocations=16 (full 0):
 garbage-first heap   total 63488K, used 46665K [0x0000000084200000, 0x0000000100000000)
  region size 1024K, 27 young (27648K), 1 survivors (1024K)
 Metaspace       used 43508K, committed 44096K, reserved 1114112K
  class space    used 5434K, committed 5696K, reserved 1048576K
}
Event: 326.912 GC heap after
{Heap after GC invocations=17 (full 0):
 garbage-first heap   total 63488K, used 21014K [0x0000000084200000, 0x0000000100000000)
  region size 1024K, 1 young (1024K), 1 survivors (1024K)
 Metaspace       used 43508K, committed 44096K, reserved 1114112K
  class space    used 5434K, committed 5696K, reserved 1048576K
}
Event: 332.504 GC heap before
{Heap before GC invocations=17 (full 0):
 garbage-first heap   total 63488K, used 48662K [0x0000000084200000, 0x0000000100000000)
  region size 1024K, 28 young (28672K), 1 survivors (1024K)
 Metaspace       used 44272K, committed 44864K, reserved 1114112K
  class space    used 5439K, committed 5696K, reserved 1048576K
}
Event: 332.512 GC heap after
{Heap after GC invocations=18 (full 0):
 garbage-first heap   total 63488K, used 21027K [0x0000000084200000, 0x0000000100000000)
  region size 1024K, 1 young (1024K), 1 survivors (1024K)
 Metaspace       used 44272K, committed 44864K, reserved 1114112K
  class space    used 5439K, committed 5696K, reserved 1048576K
}
Event: 337.372 GC heap before
{Heap before GC invocations=19 (full 0):
 garbage-first heap   total 63488K, used 49699K [0x0000000084200000, 0x0000000100000000)
  region size 1024K, 29 young (29696K), 1 survivors (1024K)
 Metaspace       used 44326K, committed 44928K, reserved 1114112K
  class space    used 5439K, committed 5696K, reserved 1048576K
}
Event: 337.374 GC heap after
{Heap after GC invocations=20 (full 0):
 garbage-first heap   total 63488K, used 21013K [0x0000000084200000, 0x0000000100000000)
  region size 1024K, 1 young (1024K), 1 survivors (1024K)
 Metaspace       used 44326K, committed 44928K, reserved 1114112K
  class space    used 5439K, committed 5696K, reserved 1048576K
}
Event: 337.649 GC heap before
{Heap before GC invocations=20 (full 0):
 garbage-first heap   total 63488K, used 23061K [0x0000000084200000, 0x0000000100000000)
  region size 1024K, 3 young (3072K), 1 survivors (1024K)
 Metaspace       used 44326K, committed 44928K, reserved 1114112K
  class space    used 5439K, committed 5696K, reserved 1048576K
}
Event: 337.659 GC heap after
{Heap after GC invocations=21 (full 0):
 garbage-first heap   total 63488K, used 20848K [0x0000000084200000, 0x0000000100000000)
  region size 1024K, 1 young (1024K), 1 survivors (1024K)
 Metaspace       used 44326K, committed 44928K, reserved 1114112K
  class space    used 5439K, committed 5696K, reserved 1048576K
}
Event: 341.734 GC heap before
{Heap before GC invocations=21 (full 0):
 garbage-first heap   total 63488K, used 49520K [0x0000000084200000, 0x0000000100000000)
  region size 1024K, 30 young (30720K), 1 survivors (1024K)
 Metaspace       used 44395K, committed 44992K, reserved 1114112K
  class space    used 5439K, committed 5696K, reserved 1048576K
}
Event: 341.738 GC heap after
{Heap after GC invocations=22 (full 0):
 garbage-first heap   total 63488K, used 20848K [0x0000000084200000, 0x0000000100000000)
  region size 1024K, 1 young (1024K), 1 survivors (1024K)
 Metaspace       used 44395K, committed 44992K, reserved 1114112K
  class space    used 5439K, committed 5696K, reserved 1048576K
}
Event: 346.572 GC heap before
{Heap before GC invocations=23 (full 0):
 garbage-first heap   total 63488K, used 51568K [0x0000000084200000, 0x0000000100000000)
  region size 1024K, 31 young (31744K), 1 survivors (1024K)
 Metaspace       used 44444K, committed 45056K, reserved 1114112K
  class space    used 5440K, committed 5696K, reserved 1048576K
}
Event: 346.589 GC heap after
{Heap after GC invocations=24 (full 0):
 garbage-first heap   total 63488K, used 20859K [0x0000000084200000, 0x0000000100000000)
  region size 1024K, 1 young (1024K), 1 survivors (1024K)
 Metaspace       used 44444K, committed 45056K, reserved 1114112K
  class space    used 5440K, committed 5696K, reserved 1048576K
}
Event: 346.885 GC heap before
{Heap before GC invocations=24 (full 0):
 garbage-first heap   total 63488K, used 22907K [0x0000000084200000, 0x0000000100000000)
  region size 1024K, 3 young (3072K), 1 survivors (1024K)
 Metaspace       used 44444K, committed 45056K, reserved 1114112K
  class space    used 5440K, committed 5696K, reserved 1048576K
}
Event: 346.890 GC heap after
{Heap after GC invocations=25 (full 0):
 garbage-first heap   total 63488K, used 20708K [0x0000000084200000, 0x0000000100000000)
  region size 1024K, 1 young (1024K), 1 survivors (1024K)
 Metaspace       used 44444K, committed 45056K, reserved 1114112K
  class space    used 5440K, committed 5696K, reserved 1048576K
}
Event: 353.186 GC heap before
{Heap before GC invocations=25 (full 0):
 garbage-first heap   total 63488K, used 51428K [0x0000000084200000, 0x0000000100000000)
  region size 1024K, 31 young (31744K), 1 survivors (1024K)
 Metaspace       used 44493K, committed 45120K, reserved 1114112K
  class space    used 5440K, committed 5696K, reserved 1048576K
}
Event: 353.189 GC heap after
{Heap after GC invocations=26 (full 0):
 garbage-first heap   total 63488K, used 20709K [0x0000000084200000, 0x0000000100000000)
  region size 1024K, 1 young (1024K), 1 survivors (1024K)
 Metaspace       used 44493K, committed 45120K, reserved 1114112K
  class space    used 5440K, committed 5696K, reserved 1048576K
}

