# JRE version: OpenJDK Runtime Environment Corretto-19.0.2.7.1 (19.0.2+7) (build 19.0.2+7-FR)
# Java VM: OpenJDK 64-Bit Server VM Corretto-19.0.2.7.1 (19.0.2+7-FR, mixed mode, sharing, tiered, compressed oops, compressed class ptrs, g1 gc, windows-amd64)
GC Precious Log:
 CardTable entry size: 512
 Card Set container configuration: InlinePtr #cards 5 size 8 Array Of Cards #cards 12 size 40 Howl #buckets 4 coarsen threshold 1843 Howl Bitmap #cards 512 size 80 coarsen threshold 460 Card regions per heap region 1 cards per card region 2048
 CPUs: 8 total, 8 available
 Memory: 7926M
 Large Page Support: Disabled
 NUMA Support: Disabled
 Compressed Oops: Enabled (32-bit)
 Heap Region Size: 1M
 Heap Min Capacity: 8M
 Heap Initial Capacity: 124M
 Heap Max Capacity: 1982M
 Pre-touch: Disabled
 Parallel Workers: 8
 Concurrent Workers: 2
 Concurrent Refinement Workers: 8
 Periodic GC: Disabled
Heap:
 garbage-first heap   total 101376K, used 46574K [0x0000000084200000, 0x0000000100000000)
  region size 1024K, 26 young (26624K), 4 survivors (4096K)
 Metaspace       used 48304K, committed 48960K, reserved 1114112K
  class space    used 6085K, committed 6400K, reserved 1048576K
GC Heap History (20 events):
Event: 3.805 GC heap before
{Heap before GC invocations=2 (full 0):
 garbage-first heap   total 126976K, used 57598K [0x0000000084200000, 0x0000000100000000)
  region size 1024K, 51 young (52224K), 3 survivors (3072K)
 Metaspace       used 21107K, committed 21504K, reserved 1114112K
  class space    used 2546K, committed 2752K, reserved 1048576K
}
Event: 3.813 GC heap after
{Heap after GC invocations=3 (full 0):
 garbage-first heap   total 126976K, used 13278K [0x0000000084200000, 0x0000000100000000)
  region size 1024K, 7 young (7168K), 7 survivors (7168K)
 Metaspace       used 21107K, committed 21504K, reserved 1114112K
  class space    used 2546K, committed 2752K, reserved 1048576K
}
Event: 4.618 GC heap before
{Heap before GC invocations=4 (full 0):
 garbage-first heap   total 51200K, used 36830K [0x0000000084200000, 0x0000000100000000)
  region size 1024K, 30 young (30720K), 7 survivors (7168K)
 Metaspace       used 25383K, committed 25792K, reserved 1114112K
  class space    used 3113K, committed 3328K, reserved 1048576K
}
Event: 4.626 GC heap after
{Heap after GC invocations=5 (full 0):
 garbage-first heap   total 51200K, used 15416K [0x0000000084200000, 0x0000000100000000)
  region size 1024K, 3 young (3072K), 3 survivors (3072K)
 Metaspace       used 25383K, committed 25792K, reserved 1114112K
  class space    used 3113K, committed 3328K, reserved 1048576K
}
Event: 4.658 GC heap before
{Heap before GC invocations=5 (full 0):
 garbage-first heap   total 51200K, used 16440K [0x0000000084200000, 0x0000000100000000)
  region size 1024K, 4 young (4096K), 3 survivors (3072K)
 Metaspace       used 25509K, committed 26048K, reserved 1114112K
  class space    used 3137K, committed 3392K, reserved 1048576K
}
Event: 4.662 GC heap after
{Heap after GC invocations=6 (full 0):
 garbage-first heap   total 51200K, used 15643K [0x0000000084200000, 0x0000000100000000)
  region size 1024K, 1 young (1024K), 1 survivors (1024K)
 Metaspace       used 25509K, committed 26048K, reserved 1114112K
  class space    used 3137K, committed 3392K, reserved 1048576K
}
Event: 5.419 GC heap before
{Heap before GC invocations=6 (full 0):
 garbage-first heap   total 51200K, used 34075K [0x0000000084200000, 0x0000000100000000)
  region size 1024K, 20 young (20480K), 1 survivors (1024K)
 Metaspace       used 29707K, committed 30208K, reserved 1114112K
  class space    used 3666K, committed 3904K, reserved 1048576K
}
Event: 5.422 GC heap after
{Heap after GC invocations=7 (full 0):
 garbage-first heap   total 51200K, used 17189K [0x0000000084200000, 0x0000000100000000)
  region size 1024K, 2 young (2048K), 2 survivors (2048K)
 Metaspace       used 29707K, committed 30208K, reserved 1114112K
  class space    used 3666K, committed 3904K, reserved 1048576K
}
Event: 6.216 GC heap before
{Heap before GC invocations=7 (full 0):
 garbage-first heap   total 51200K, used 35621K [0x0000000084200000, 0x0000000100000000)
  region size 1024K, 21 young (21504K), 2 survivors (2048K)
 Metaspace       used 34262K, committed 34816K, reserved 1114112K
  class space    used 4324K, committed 4544K, reserved 1048576K
}
Event: 6.224 GC heap after
{Heap after GC invocations=8 (full 0):
 garbage-first heap   total 51200K, used 19002K [0x0000000084200000, 0x0000000100000000)
  region size 1024K, 2 young (2048K), 2 survivors (2048K)
 Metaspace       used 34262K, committed 34816K, reserved 1114112K
  class space    used 4324K, committed 4544K, reserved 1048576K
}
Event: 6.460 GC heap before
{Heap before GC invocations=8 (full 0):
 garbage-first heap   total 51200K, used 25146K [0x0000000084200000, 0x0000000100000000)
  region size 1024K, 9 young (9216K), 2 survivors (2048K)
 Metaspace       used 35484K, committed 35968K, reserved 1114112K
  class space    used 4512K, committed 4736K, reserved 1048576K
}
Event: 6.465 GC heap after
{Heap after GC invocations=9 (full 0):
 garbage-first heap   total 51200K, used 19553K [0x0000000084200000, 0x0000000100000000)
  region size 1024K, 1 young (1024K), 1 survivors (1024K)
 Metaspace       used 35484K, committed 35968K, reserved 1114112K
  class space    used 4512K, committed 4736K, reserved 1048576K
}
Event: 7.237 GC heap before
{Heap before GC invocations=10 (full 0):
 garbage-first heap   total 51200K, used 36961K [0x0000000084200000, 0x0000000100000000)
  region size 1024K, 19 young (19456K), 1 survivors (1024K)
 Metaspace       used 38125K, committed 38720K, reserved 1114112K
  class space    used 4865K, committed 5120K, reserved 1048576K
}
Event: 7.243 GC heap after
{Heap after GC invocations=11 (full 0):
 garbage-first heap   total 51200K, used 21689K [0x0000000084200000, 0x0000000100000000)
  region size 1024K, 3 young (3072K), 3 survivors (3072K)
 Metaspace       used 38125K, committed 38720K, reserved 1114112K
  class space    used 4865K, committed 5120K, reserved 1048576K
}
Event: 7.263 GC heap before
{Heap before GC invocations=11 (full 0):
 garbage-first heap   total 51200K, used 22713K [0x0000000084200000, 0x0000000100000000)
  region size 1024K, 4 young (4096K), 3 survivors (3072K)
 Metaspace       used 38299K, committed 38848K, reserved 1114112K
  class space    used 4881K, committed 5120K, reserved 1048576K
}
Event: 7.267 GC heap after
{Heap after GC invocations=12 (full 0):
 garbage-first heap   total 51200K, used 21440K [0x0000000084200000, 0x0000000100000000)
  region size 1024K, 1 young (1024K), 1 survivors (1024K)
 Metaspace       used 38299K, committed 38848K, reserved 1114112K
  class space    used 4881K, committed 5120K, reserved 1048576K
}
Event: 16.009 GC heap before
{Heap before GC invocations=12 (full 0):
 garbage-first heap   total 51200K, used 36800K [0x0000000084200000, 0x0000000100000000)
  region size 1024K, 17 young (17408K), 1 survivors (1024K)
 Metaspace       used 41068K, committed 41664K, reserved 1114112K
  class space    used 5279K, committed 5568K, reserved 1048576K
}
Event: 16.018 GC heap after
{Heap after GC invocations=13 (full 0):
 garbage-first heap   total 101376K, used 22704K [0x0000000084200000, 0x0000000100000000)
  region size 1024K, 2 young (2048K), 2 survivors (2048K)
 Metaspace       used 41068K, committed 41664K, reserved 1114112K
  class space    used 5279K, committed 5568K, reserved 1048576K
}
Event: 67.489 GC heap before
{Heap before GC invocations=13 (full 0):
 garbage-first heap   total 101376K, used 74928K [0x0000000084200000, 0x0000000100000000)
  region size 1024K, 54 young (55296K), 2 survivors (2048K)
 Metaspace       used 47930K, committed 48576K, reserved 1114112K
  class space    used 6085K, committed 6400K, reserved 1048576K
}
Event: 67.507 GC heap after
{Heap after GC invocations=14 (full 0):
 garbage-first heap   total 101376K, used 25070K [0x0000000084200000, 0x0000000100000000)
  region size 1024K, 4 young (4096K), 4 survivors (4096K)
 Metaspace       used 47930K, committed 48576K, reserved 1114112K
  class space    used 6085K, committed 6400K, reserved 1048576K
}

