# JRE version: OpenJDK Runtime Environment Corretto-19.0.2.7.1 (19.0.2+7) (build 19.0.2+7-FR)
# Java VM: OpenJDK 64-Bit Server VM Corretto-19.0.2.7.1 (19.0.2+7-FR, mixed mode, sharing, tiered, compressed oops, compressed class ptrs, g1 gc, windows-amd64)
GC Precious Log:
 CardTable entry size: 512
 Card Set container configuration: InlinePtr #cards 5 size 8 Array Of Cards #cards 12 size 40 Howl #buckets 4 coarsen threshold 1843 Howl Bitmap #cards 512 size 80 coarsen threshold 460 Card regions per heap region 1 cards per card region 2048
 CPUs: 8 total, 8 available
 Memory: 7926M
 Large Page Support: Disabled
 NUMA Support: Disabled
 Compressed Oops: Enabled (32-bit)
 Heap Region Size: 1M
 Heap Min Capacity: 8M
 Heap Initial Capacity: 124M
 Heap Max Capacity: 1982M
 Pre-touch: Disabled
 Parallel Workers: 8
 Concurrent Workers: 2
 Concurrent Refinement Workers: 8
 Periodic GC: Disabled
Heap:
 garbage-first heap   total 51200K, used 31498K [0x0000000084200000, 0x0000000100000000)
  region size 1024K, 9 young (9216K), 2 survivors (2048K)
 Metaspace       used 47258K, committed 47872K, reserved 1114112K
  class space    used 5976K, committed 6272K, reserved 1048576K
GC Heap History (20 events):
Event: 2.949 GC heap before
{Heap before GC invocations=5 (full 0):
 garbage-first heap   total 51200K, used 16546K [0x0000000084200000, 0x0000000100000000)
  region size 1024K, 4 young (4096K), 3 survivors (3072K)
 Metaspace       used 25530K, committed 26048K, reserved 1114112K
  class space    used 3139K, committed 3392K, reserved 1048576K
}
Event: 2.952 GC heap after
{Heap after GC invocations=6 (full 0):
 garbage-first heap   total 51200K, used 15939K [0x0000000084200000, 0x0000000100000000)
  region size 1024K, 1 young (1024K), 1 survivors (1024K)
 Metaspace       used 25530K, committed 26048K, reserved 1114112K
  class space    used 3139K, committed 3392K, reserved 1048576K
}
Event: 3.417 GC heap before
{Heap before GC invocations=6 (full 0):
 garbage-first heap   total 51200K, used 34371K [0x0000000084200000, 0x0000000100000000)
  region size 1024K, 20 young (20480K), 1 survivors (1024K)
 Metaspace       used 29661K, committed 30144K, reserved 1114112K
  class space    used 3667K, committed 3904K, reserved 1048576K
}
Event: 3.421 GC heap after
{Heap after GC invocations=7 (full 0):
 garbage-first heap   total 51200K, used 17449K [0x0000000084200000, 0x0000000100000000)
  region size 1024K, 3 young (3072K), 3 survivors (3072K)
 Metaspace       used 29661K, committed 30144K, reserved 1114112K
  class space    used 3667K, committed 3904K, reserved 1048576K
}
Event: 3.762 GC heap before
{Heap before GC invocations=7 (full 0):
 garbage-first heap   total 51200K, used 35881K [0x0000000084200000, 0x0000000100000000)
  region size 1024K, 21 young (21504K), 3 survivors (3072K)
 Metaspace       used 33964K, committed 34496K, reserved 1114112K
  class space    used 4291K, committed 4544K, reserved 1048576K
}
Event: 3.765 GC heap after
{Heap after GC invocations=8 (full 0):
 garbage-first heap   total 51200K, used 19149K [0x0000000084200000, 0x0000000100000000)
  region size 1024K, 2 young (2048K), 2 survivors (2048K)
 Metaspace       used 33964K, committed 34496K, reserved 1114112K
  class space    used 4291K, committed 4544K, reserved 1048576K
}
Event: 3.923 GC heap before
{Heap before GC invocations=8 (full 0):
 garbage-first heap   total 51200K, used 25293K [0x0000000084200000, 0x0000000100000000)
  region size 1024K, 10 young (10240K), 2 survivors (2048K)
 Metaspace       used 35473K, committed 35968K, reserved 1114112K
  class space    used 4520K, committed 4736K, reserved 1048576K
}
Event: 3.925 GC heap after
{Heap after GC invocations=9 (full 0):
 garbage-first heap   total 51200K, used 19914K [0x0000000084200000, 0x0000000100000000)
  region size 1024K, 1 young (1024K), 1 survivors (1024K)
 Metaspace       used 35473K, committed 35968K, reserved 1114112K
  class space    used 4520K, committed 4736K, reserved 1048576K
}
Event: 4.311 GC heap before
{Heap before GC invocations=10 (full 0):
 garbage-first heap   total 51200K, used 36298K [0x0000000084200000, 0x0000000100000000)
  region size 1024K, 18 young (18432K), 1 survivors (1024K)
 Metaspace       used 37792K, committed 38272K, reserved 1114112K
  class space    used 4830K, committed 5056K, reserved 1048576K
}
Event: 4.314 GC heap after
{Heap after GC invocations=11 (full 0):
 garbage-first heap   total 51200K, used 21950K [0x0000000084200000, 0x0000000100000000)
  region size 1024K, 3 young (3072K), 3 survivors (3072K)
 Metaspace       used 37792K, committed 38272K, reserved 1114112K
  class space    used 4830K, committed 5056K, reserved 1048576K
}
Event: 4.327 GC heap before
{Heap before GC invocations=11 (full 0):
 garbage-first heap   total 51200K, used 22974K [0x0000000084200000, 0x0000000100000000)
  region size 1024K, 4 young (4096K), 3 survivors (3072K)
 Metaspace       used 37977K, committed 38464K, reserved 1114112K
  class space    used 4852K, committed 5056K, reserved 1048576K
}
Event: 4.330 GC heap after
{Heap after GC invocations=12 (full 0):
 garbage-first heap   total 51200K, used 21652K [0x0000000084200000, 0x0000000100000000)
  region size 1024K, 1 young (1024K), 1 survivors (1024K)
 Metaspace       used 37977K, committed 38464K, reserved 1114112K
  class space    used 4852K, committed 5056K, reserved 1048576K
}
Event: 13.688 GC heap before
{Heap before GC invocations=12 (full 0):
 garbage-first heap   total 51200K, used 37012K [0x0000000084200000, 0x0000000100000000)
  region size 1024K, 17 young (17408K), 1 survivors (1024K)
 Metaspace       used 40742K, committed 41344K, reserved 1114112K
  class space    used 5243K, committed 5504K, reserved 1048576K
}
Event: 13.692 GC heap after
{Heap after GC invocations=13 (full 0):
 garbage-first heap   total 51200K, used 22881K [0x0000000084200000, 0x0000000100000000)
  region size 1024K, 2 young (2048K), 2 survivors (2048K)
 Metaspace       used 40742K, committed 41344K, reserved 1114112K
  class space    used 5243K, committed 5504K, reserved 1048576K
}
Event: 76.388 GC heap before
{Heap before GC invocations=13 (full 0):
 garbage-first heap   total 51200K, used 38241K [0x0000000084200000, 0x0000000100000000)
  region size 1024K, 18 young (18432K), 2 survivors (2048K)
 Metaspace       used 44239K, committed 44864K, reserved 1114112K
  class space    used 5708K, committed 5952K, reserved 1048576K
}
Event: 76.391 GC heap after
{Heap after GC invocations=14 (full 0):
 garbage-first heap   total 51200K, used 23802K [0x0000000084200000, 0x0000000100000000)
  region size 1024K, 3 young (3072K), 3 survivors (3072K)
 Metaspace       used 44239K, committed 44864K, reserved 1114112K
  class space    used 5708K, committed 5952K, reserved 1048576K
}
Event: 167.368 GC heap before
{Heap before GC invocations=14 (full 0):
 garbage-first heap   total 51200K, used 40186K [0x0000000084200000, 0x0000000100000000)
  region size 1024K, 19 young (19456K), 3 survivors (3072K)
 Metaspace       used 45286K, committed 45888K, reserved 1114112K
  class space    used 5800K, committed 6080K, reserved 1048576K
}
Event: 167.370 GC heap after
{Heap after GC invocations=15 (full 0):
 garbage-first heap   total 51200K, used 24661K [0x0000000084200000, 0x0000000100000000)
  region size 1024K, 2 young (2048K), 2 survivors (2048K)
 Metaspace       used 45286K, committed 45888K, reserved 1114112K
  class space    used 5800K, committed 6080K, reserved 1048576K
}
Event: 208.724 GC heap before
{Heap before GC invocations=15 (full 0):
 garbage-first heap   total 51200K, used 40021K [0x0000000084200000, 0x0000000100000000)
  region size 1024K, 17 young (17408K), 2 survivors (2048K)
 Metaspace       used 47051K, committed 47744K, reserved 1114112K
  class space    used 5973K, committed 6272K, reserved 1048576K
}
Event: 208.727 GC heap after
{Heap after GC invocations=16 (full 0):
 garbage-first heap   total 51200K, used 25354K [0x0000000084200000, 0x0000000100000000)
  region size 1024K, 2 young (2048K), 2 survivors (2048K)
 Metaspace       used 47051K, committed 47744K, reserved 1114112K
  class space    used 5973K, committed 6272K, reserved 1048576K
}

