# JRE version: OpenJDK Runtime Environment Corretto-19.0.2.7.1 (19.0.2+7) (build 19.0.2+7-FR)
# Java VM: OpenJDK 64-Bit Server VM Corretto-19.0.2.7.1 (19.0.2+7-FR, mixed mode, sharing, tiered, compressed oops, compressed class ptrs, g1 gc, windows-amd64)
GC Precious Log:
 CardTable entry size: 512
 Card Set container configuration: InlinePtr #cards 5 size 8 Array Of Cards #cards 12 size 40 Howl #buckets 4 coarsen threshold 1843 Howl Bitmap #cards 512 size 80 coarsen threshold 460 Card regions per heap region 1 cards per card region 2048
 CPUs: 8 total, 8 available
 Memory: 7926M
 Large Page Support: Disabled
 NUMA Support: Disabled
 Compressed Oops: Enabled (32-bit)
 Heap Region Size: 1M
 Heap Min Capacity: 8M
 Heap Initial Capacity: 124M
 Heap Max Capacity: 1982M
 Pre-touch: Disabled
 Parallel Workers: 8
 Concurrent Workers: 2
 Concurrent Refinement Workers: 8
 Periodic GC: Disabled
Heap:
 garbage-first heap   total 51200K, used 25712K [0x0000000084200000, 0x0000000100000000)
  region size 1024K, 5 young (5120K), 1 survivors (1024K)
 Metaspace       used 45499K, committed 46208K, reserved 1114112K
  class space    used 5489K, committed 5824K, reserved 1048576K
GC Heap History (20 events):
Event: 78.848 GC heap before
{Heap before GC invocations=16 (full 0):
 garbage-first heap   total 51200K, used 40489K [0x0000000084200000, 0x0000000100000000)
  region size 1024K, 18 young (18432K), 1 survivors (1024K)
 Metaspace       used 45135K, committed 45824K, reserved 1114112K
  class space    used 5478K, committed 5824K, reserved 1048576K
}
Event: 78.850 GC heap after
{Heap after GC invocations=17 (full 0):
 garbage-first heap   total 51200K, used 23120K [0x0000000084200000, 0x0000000100000000)
  region size 1024K, 1 young (1024K), 1 survivors (1024K)
 Metaspace       used 45135K, committed 45824K, reserved 1114112K
  class space    used 5478K, committed 5824K, reserved 1048576K
}
Event: 78.999 GC heap before
{Heap before GC invocations=17 (full 0):
 garbage-first heap   total 51200K, used 24144K [0x0000000084200000, 0x0000000100000000)
  region size 1024K, 2 young (2048K), 1 survivors (1024K)
 Metaspace       used 45136K, committed 45824K, reserved 1114112K
  class space    used 5478K, committed 5824K, reserved 1048576K
}
Event: 79.004 GC heap after
{Heap after GC invocations=18 (full 0):
 garbage-first heap   total 51200K, used 22903K [0x0000000084200000, 0x0000000100000000)
  region size 1024K, 1 young (1024K), 1 survivors (1024K)
 Metaspace       used 45136K, committed 45824K, reserved 1114112K
  class space    used 5478K, committed 5824K, reserved 1048576K
}
Event: 86.654 GC heap before
{Heap before GC invocations=18 (full 0):
 garbage-first heap   total 51200K, used 41335K [0x0000000084200000, 0x0000000100000000)
  region size 1024K, 19 young (19456K), 1 survivors (1024K)
 Metaspace       used 45379K, committed 46080K, reserved 1114112K
  class space    used 5480K, committed 5824K, reserved 1048576K
}
Event: 86.658 GC heap after
{Heap after GC invocations=19 (full 0):
 garbage-first heap   total 51200K, used 22923K [0x0000000084200000, 0x0000000100000000)
  region size 1024K, 1 young (1024K), 1 survivors (1024K)
 Metaspace       used 45379K, committed 46080K, reserved 1114112K
  class space    used 5480K, committed 5824K, reserved 1048576K
}
Event: 114.112 GC heap before
{Heap before GC invocations=20 (full 0):
 garbage-first heap   total 51200K, used 41355K [0x0000000084200000, 0x0000000100000000)
  region size 1024K, 19 young (19456K), 1 survivors (1024K)
 Metaspace       used 45438K, committed 46144K, reserved 1114112K
  class space    used 5488K, committed 5824K, reserved 1048576K
}
Event: 114.119 GC heap after
{Heap after GC invocations=21 (full 0):
 garbage-first heap   total 51200K, used 22854K [0x0000000084200000, 0x0000000100000000)
  region size 1024K, 1 young (1024K), 1 survivors (1024K)
 Metaspace       used 45438K, committed 46144K, reserved 1114112K
  class space    used 5488K, committed 5824K, reserved 1048576K
}
Event: 114.229 GC heap before
{Heap before GC invocations=21 (full 0):
 garbage-first heap   total 51200K, used 23878K [0x0000000084200000, 0x0000000100000000)
  region size 1024K, 2 young (2048K), 1 survivors (1024K)
 Metaspace       used 45438K, committed 46144K, reserved 1114112K
  class space    used 5488K, committed 5824K, reserved 1048576K
}
Event: 114.242 GC heap after
{Heap after GC invocations=22 (full 0):
 garbage-first heap   total 51200K, used 22667K [0x0000000084200000, 0x0000000100000000)
  region size 1024K, 1 young (1024K), 1 survivors (1024K)
 Metaspace       used 45438K, committed 46144K, reserved 1114112K
  class space    used 5488K, committed 5824K, reserved 1048576K
}
Event: 120.520 GC heap before
{Heap before GC invocations=22 (full 0):
 garbage-first heap   total 51200K, used 42123K [0x0000000084200000, 0x0000000100000000)
  region size 1024K, 20 young (20480K), 1 survivors (1024K)
 Metaspace       used 45447K, committed 46144K, reserved 1114112K
  class space    used 5488K, committed 5824K, reserved 1048576K
}
Event: 120.527 GC heap after
{Heap after GC invocations=23 (full 0):
 garbage-first heap   total 51200K, used 22740K [0x0000000084200000, 0x0000000100000000)
  region size 1024K, 1 young (1024K), 1 survivors (1024K)
 Metaspace       used 45447K, committed 46144K, reserved 1114112K
  class space    used 5488K, committed 5824K, reserved 1048576K
}
Event: 151.252 GC heap before
{Heap before GC invocations=23 (full 0):
 garbage-first heap   total 51200K, used 43220K [0x0000000084200000, 0x0000000100000000)
  region size 1024K, 21 young (21504K), 1 survivors (1024K)
 Metaspace       used 45459K, committed 46144K, reserved 1114112K
  class space    used 5489K, committed 5824K, reserved 1048576K
}
Event: 151.258 GC heap after
{Heap after GC invocations=24 (full 0):
 garbage-first heap   total 51200K, used 22744K [0x0000000084200000, 0x0000000100000000)
  region size 1024K, 1 young (1024K), 1 survivors (1024K)
 Metaspace       used 45459K, committed 46144K, reserved 1114112K
  class space    used 5489K, committed 5824K, reserved 1048576K
}
Event: 420.201 GC heap before
{Heap before GC invocations=24 (full 0):
 garbage-first heap   total 51200K, used 43224K [0x0000000084200000, 0x0000000100000000)
  region size 1024K, 21 young (21504K), 1 survivors (1024K)
 Metaspace       used 45499K, committed 46208K, reserved 1114112K
  class space    used 5489K, committed 5824K, reserved 1048576K
}
Event: 420.252 GC heap after
{Heap after GC invocations=25 (full 0):
 garbage-first heap   total 51200K, used 22803K [0x0000000084200000, 0x0000000100000000)
  region size 1024K, 1 young (1024K), 1 survivors (1024K)
 Metaspace       used 45499K, committed 46208K, reserved 1114112K
  class space    used 5489K, committed 5824K, reserved 1048576K
}
Event: 424.720 GC heap before
{Heap before GC invocations=26 (full 0):
 garbage-first heap   total 51200K, used 43283K [0x0000000084200000, 0x0000000100000000)
  region size 1024K, 21 young (21504K), 1 survivors (1024K)
 Metaspace       used 45499K, committed 46208K, reserved 1114112K
  class space    used 5489K, committed 5824K, reserved 1048576K
}
Event: 424.725 GC heap after
{Heap after GC invocations=27 (full 0):
 garbage-first heap   total 51200K, used 22863K [0x0000000084200000, 0x0000000100000000)
  region size 1024K, 1 young (1024K), 1 survivors (1024K)
 Metaspace       used 45499K, committed 46208K, reserved 1114112K
  class space    used 5489K, committed 5824K, reserved 1048576K
}
Event: 424.751 GC heap before
{Heap before GC invocations=27 (full 0):
 garbage-first heap   total 51200K, used 23887K [0x0000000084200000, 0x0000000100000000)
  region size 1024K, 2 young (2048K), 1 survivors (1024K)
 Metaspace       used 45499K, committed 46208K, reserved 1114112K
  class space    used 5489K, committed 5824K, reserved 1048576K
}
Event: 424.764 GC heap after
{Heap after GC invocations=28 (full 0):
 garbage-first heap   total 51200K, used 22640K [0x0000000084200000, 0x0000000100000000)
  region size 1024K, 1 young (1024K), 1 survivors (1024K)
 Metaspace       used 45499K, committed 46208K, reserved 1114112K
  class space    used 5489K, committed 5824K, reserved 1048576K
}

