# JRE version: OpenJDK Runtime Environment Corretto-19.0.2.7.1 (19.0.2+7) (build 19.0.2+7-FR)
# Java VM: OpenJDK 64-Bit Server VM Corretto-19.0.2.7.1 (19.0.2+7-FR, mixed mode, sharing, tiered, compressed oops, compressed class ptrs, g1 gc, windows-amd64)
GC Precious Log:
 CardTable entry size: 512
 Card Set container configuration: InlinePtr #cards 5 size 8 Array Of Cards #cards 12 size 40 Howl #buckets 4 coarsen threshold 1843 Howl Bitmap #cards 512 size 80 coarsen threshold 460 Card regions per heap region 1 cards per card region 2048
 CPUs: 8 total, 8 available
 Memory: 7926M
 Large Page Support: Disabled
 NUMA Support: Disabled
 Compressed Oops: Enabled (32-bit)
 Heap Region Size: 1M
 Heap Min Capacity: 8M
 Heap Initial Capacity: 124M
 Heap Max Capacity: 1982M
 Pre-touch: Disabled
 Parallel Workers: 8
 Concurrent Workers: 2
 Concurrent Refinement Workers: 8
 Periodic GC: Disabled
Heap:
 garbage-first heap   total 83968K, used 37964K [0x0000000084200000, 0x0000000100000000)
  region size 1024K, 19 young (19456K), 1 survivors (1024K)
 Metaspace       used 44696K, committed 45312K, reserved 1114112K
  class space    used 5412K, committed 5696K, reserved 1048576K
GC Heap History (20 events):
Event: 6.708 GC heap before
{Heap before GC invocations=7 (full 0):
 garbage-first heap   total 45056K, used 33013K [0x0000000084200000, 0x0000000100000000)
  region size 1024K, 19 young (19456K), 2 survivors (2048K)
 Metaspace       used 33504K, committed 34048K, reserved 1114112K
  class space    used 4266K, committed 4544K, reserved 1048576K
}
Event: 6.711 GC heap after
{Heap after GC invocations=8 (full 0):
 garbage-first heap   total 45056K, used 17499K [0x0000000084200000, 0x0000000100000000)
  region size 1024K, 2 young (2048K), 2 survivors (2048K)
 Metaspace       used 33504K, committed 34048K, reserved 1114112K
  class space    used 4266K, committed 4544K, reserved 1048576K
}
Event: 7.072 GC heap before
{Heap before GC invocations=8 (full 0):
 garbage-first heap   total 45056K, used 27739K [0x0000000084200000, 0x0000000100000000)
  region size 1024K, 13 young (13312K), 2 survivors (2048K)
 Metaspace       used 35479K, committed 35968K, reserved 1114112K
  class space    used 4548K, committed 4800K, reserved 1048576K
}
Event: 7.076 GC heap after
{Heap after GC invocations=9 (full 0):
 garbage-first heap   total 45056K, used 18765K [0x0000000084200000, 0x0000000100000000)
  region size 1024K, 2 young (2048K), 2 survivors (2048K)
 Metaspace       used 35479K, committed 35968K, reserved 1114112K
  class space    used 4548K, committed 4800K, reserved 1048576K
}
Event: 10.096 GC heap before
{Heap before GC invocations=10 (full 0):
 garbage-first heap   total 45056K, used 34125K [0x0000000084200000, 0x0000000100000000)
  region size 1024K, 17 young (17408K), 2 survivors (2048K)
 Metaspace       used 38250K, committed 38848K, reserved 1114112K
  class space    used 4919K, committed 5184K, reserved 1048576K
}
Event: 10.104 GC heap after
{Heap after GC invocations=11 (full 0):
 garbage-first heap   total 45056K, used 20359K [0x0000000084200000, 0x0000000100000000)
  region size 1024K, 3 young (3072K), 3 survivors (3072K)
 Metaspace       used 38250K, committed 38848K, reserved 1114112K
  class space    used 4919K, committed 5184K, reserved 1048576K
}
Event: 10.203 GC heap before
{Heap before GC invocations=11 (full 0):
 garbage-first heap   total 45056K, used 20359K [0x0000000084200000, 0x0000000100000000)
  region size 1024K, 4 young (4096K), 3 survivors (3072K)
 Metaspace       used 38542K, committed 39168K, reserved 1114112K
  class space    used 4958K, committed 5248K, reserved 1048576K
}
Event: 10.210 GC heap after
{Heap after GC invocations=12 (full 0):
 garbage-first heap   total 45056K, used 20239K [0x0000000084200000, 0x0000000100000000)
  region size 1024K, 1 young (1024K), 1 survivors (1024K)
 Metaspace       used 38542K, committed 39168K, reserved 1114112K
  class space    used 4958K, committed 5248K, reserved 1048576K
}
Event: 108.525 GC heap before
{Heap before GC invocations=12 (full 0):
 garbage-first heap   total 45056K, used 32527K [0x0000000084200000, 0x0000000100000000)
  region size 1024K, 14 young (14336K), 1 survivors (1024K)
 Metaspace       used 41685K, committed 42304K, reserved 1114112K
  class space    used 5353K, committed 5632K, reserved 1048576K
}
Event: 108.532 GC heap after
{Heap after GC invocations=13 (full 0):
 garbage-first heap   total 45056K, used 20711K [0x0000000084200000, 0x0000000100000000)
  region size 1024K, 1 young (1024K), 1 survivors (1024K)
 Metaspace       used 41685K, committed 42304K, reserved 1114112K
  class space    used 5353K, committed 5632K, reserved 1048576K
}
Event: 377.467 GC heap before
{Heap before GC invocations=14 (full 0):
 garbage-first heap   total 45056K, used 34023K [0x0000000084200000, 0x0000000100000000)
  region size 1024K, 15 young (15360K), 1 survivors (1024K)
 Metaspace       used 42735K, committed 43328K, reserved 1114112K
  class space    used 5409K, committed 5696K, reserved 1048576K
}
Event: 377.496 GC heap after
{Heap after GC invocations=15 (full 0):
 garbage-first heap   total 45056K, used 20987K [0x0000000084200000, 0x0000000100000000)
  region size 1024K, 2 young (2048K), 2 survivors (2048K)
 Metaspace       used 42735K, committed 43328K, reserved 1114112K
  class space    used 5409K, committed 5696K, reserved 1048576K
}
Event: 377.662 GC heap before
{Heap before GC invocations=15 (full 0):
 garbage-first heap   total 45056K, used 22011K [0x0000000084200000, 0x0000000100000000)
  region size 1024K, 3 young (3072K), 2 survivors (2048K)
 Metaspace       used 42789K, committed 43392K, reserved 1114112K
  class space    used 5409K, committed 5696K, reserved 1048576K
}
Event: 377.687 GC heap after
{Heap after GC invocations=16 (full 0):
 garbage-first heap   total 45056K, used 20798K [0x0000000084200000, 0x0000000100000000)
  region size 1024K, 1 young (1024K), 1 survivors (1024K)
 Metaspace       used 42789K, committed 43392K, reserved 1114112K
  class space    used 5409K, committed 5696K, reserved 1048576K
}
Event: 380.103 GC heap before
{Heap before GC invocations=16 (full 0):
 garbage-first heap   total 45056K, used 35134K [0x0000000084200000, 0x0000000100000000)
  region size 1024K, 15 young (15360K), 1 survivors (1024K)
 Metaspace       used 43355K, committed 43968K, reserved 1114112K
  class space    used 5410K, committed 5696K, reserved 1048576K
}
Event: 380.108 GC heap after
{Heap after GC invocations=17 (full 0):
 garbage-first heap   total 45056K, used 20745K [0x0000000084200000, 0x0000000100000000)
  region size 1024K, 1 young (1024K), 1 survivors (1024K)
 Metaspace       used 43355K, committed 43968K, reserved 1114112K
  class space    used 5410K, committed 5696K, reserved 1048576K
}
Event: 382.803 GC heap before
{Heap before GC invocations=18 (full 0):
 garbage-first heap   total 45056K, used 36105K [0x0000000084200000, 0x0000000100000000)
  region size 1024K, 16 young (16384K), 1 survivors (1024K)
 Metaspace       used 43941K, committed 44544K, reserved 1114112K
  class space    used 5410K, committed 5696K, reserved 1048576K
}
Event: 382.812 GC heap after
{Heap after GC invocations=19 (full 0):
 garbage-first heap   total 83968K, used 20762K [0x0000000084200000, 0x0000000100000000)
  region size 1024K, 1 young (1024K), 1 survivors (1024K)
 Metaspace       used 43941K, committed 44544K, reserved 1114112K
  class space    used 5410K, committed 5696K, reserved 1048576K
}
Event: 383.266 GC heap before
{Heap before GC invocations=19 (full 0):
 garbage-first heap   total 83968K, used 23834K [0x0000000084200000, 0x0000000100000000)
  region size 1024K, 4 young (4096K), 1 survivors (1024K)
 Metaspace       used 43982K, committed 44608K, reserved 1114112K
  class space    used 5410K, committed 5696K, reserved 1048576K
}
Event: 383.275 GC heap after
{Heap after GC invocations=20 (full 0):
 garbage-first heap   total 83968K, used 20556K [0x0000000084200000, 0x0000000100000000)
  region size 1024K, 1 young (1024K), 1 survivors (1024K)
 Metaspace       used 43982K, committed 44608K, reserved 1114112K
  class space    used 5410K, committed 5696K, reserved 1048576K
}

