# JRE version: OpenJDK Runtime Environment Corretto-19.0.2.7.1 (19.0.2+7) (build 19.0.2+7-FR)
# Java VM: OpenJDK 64-Bit Server VM Corretto-19.0.2.7.1 (19.0.2+7-FR, mixed mode, sharing, tiered, compressed oops, compressed class ptrs, g1 gc, windows-amd64)
GC Precious Log:
 CardTable entry size: 512
 Card Set container configuration: InlinePtr #cards 5 size 8 Array Of Cards #cards 12 size 40 Howl #buckets 4 coarsen threshold 1843 Howl Bitmap #cards 512 size 80 coarsen threshold 460 Card regions per heap region 1 cards per card region 2048
 CPUs: 8 total, 8 available
 Memory: 7926M
 Large Page Support: Disabled
 NUMA Support: Disabled
 Compressed Oops: Enabled (32-bit)
 Heap Region Size: 1M
 Heap Min Capacity: 8M
 Heap Initial Capacity: 124M
 Heap Max Capacity: 1982M
 Pre-touch: Disabled
 Parallel Workers: 8
 Concurrent Workers: 2
 Concurrent Refinement Workers: 8
 Periodic GC: Disabled
Heap:
 garbage-first heap   total 76800K, used 43718K [0x0000000084200000, 0x0000000100000000)
  region size 1024K, 23 young (23552K), 3 survivors (3072K)
 Metaspace       used 46534K, committed 47168K, reserved 1114112K
  class space    used 5956K, committed 6272K, reserved 1048576K
GC Heap History (20 events):
Event: 1.212 GC heap before
{Heap before GC invocations=1 (full 0):
 garbage-first heap   total 126976K, used 35656K [0x0000000084200000, 0x0000000100000000)
  region size 1024K, 32 young (32768K), 3 survivors (3072K)
 Metaspace       used 13232K, committed 13568K, reserved 1114112K
  class space    used 1559K, committed 1728K, reserved 1048576K
}
Event: 1.215 GC heap after
{Heap after GC invocations=2 (full 0):
 garbage-first heap   total 126976K, used 9523K [0x0000000084200000, 0x0000000100000000)
  region size 1024K, 3 young (3072K), 3 survivors (3072K)
 Metaspace       used 13232K, committed 13568K, reserved 1114112K
  class space    used 1559K, committed 1728K, reserved 1048576K
}
Event: 2.092 GC heap before
{Heap before GC invocations=2 (full 0):
 garbage-first heap   total 126976K, used 56627K [0x0000000084200000, 0x0000000100000000)
  region size 1024K, 50 young (51200K), 3 survivors (3072K)
 Metaspace       used 21116K, committed 21504K, reserved 1114112K
  class space    used 2553K, committed 2752K, reserved 1048576K
}
Event: 2.097 GC heap after
{Heap after GC invocations=3 (full 0):
 garbage-first heap   total 126976K, used 13289K [0x0000000084200000, 0x0000000100000000)
  region size 1024K, 7 young (7168K), 7 survivors (7168K)
 Metaspace       used 21116K, committed 21504K, reserved 1114112K
  class space    used 2553K, committed 2752K, reserved 1048576K
}
Event: 2.632 GC heap before
{Heap before GC invocations=4 (full 0):
 garbage-first heap   total 51200K, used 36841K [0x0000000084200000, 0x0000000100000000)
  region size 1024K, 30 young (30720K), 7 survivors (7168K)
 Metaspace       used 25405K, committed 25792K, reserved 1114112K
  class space    used 3120K, committed 3264K, reserved 1048576K
}
Event: 2.638 GC heap after
{Heap after GC invocations=5 (full 0):
 garbage-first heap   total 51200K, used 15468K [0x0000000084200000, 0x0000000100000000)
  region size 1024K, 3 young (3072K), 3 survivors (3072K)
 Metaspace       used 25405K, committed 25792K, reserved 1114112K
  class space    used 3120K, committed 3264K, reserved 1048576K
}
Event: 2.656 GC heap before
{Heap before GC invocations=5 (full 0):
 garbage-first heap   total 51200K, used 16492K [0x0000000084200000, 0x0000000100000000)
  region size 1024K, 4 young (4096K), 3 survivors (3072K)
 Metaspace       used 25532K, committed 26048K, reserved 1114112K
  class space    used 3151K, committed 3392K, reserved 1048576K
}
Event: 2.659 GC heap after
{Heap after GC invocations=6 (full 0):
 garbage-first heap   total 51200K, used 15838K [0x0000000084200000, 0x0000000100000000)
  region size 1024K, 1 young (1024K), 1 survivors (1024K)
 Metaspace       used 25532K, committed 26048K, reserved 1114112K
  class space    used 3151K, committed 3392K, reserved 1048576K
}
Event: 3.115 GC heap before
{Heap before GC invocations=6 (full 0):
 garbage-first heap   total 51200K, used 34270K [0x0000000084200000, 0x0000000100000000)
  region size 1024K, 20 young (20480K), 1 survivors (1024K)
 Metaspace       used 29757K, committed 30272K, reserved 1114112K
  class space    used 3678K, committed 3904K, reserved 1048576K
}
Event: 3.118 GC heap after
{Heap after GC invocations=7 (full 0):
 garbage-first heap   total 51200K, used 17307K [0x0000000084200000, 0x0000000100000000)
  region size 1024K, 2 young (2048K), 2 survivors (2048K)
 Metaspace       used 29757K, committed 30272K, reserved 1114112K
  class space    used 3678K, committed 3904K, reserved 1048576K
}
Event: 3.458 GC heap before
{Heap before GC invocations=7 (full 0):
 garbage-first heap   total 51200K, used 36763K [0x0000000084200000, 0x0000000100000000)
  region size 1024K, 21 young (21504K), 2 survivors (2048K)
 Metaspace       used 34287K, committed 34880K, reserved 1114112K
  class space    used 4331K, committed 4608K, reserved 1048576K
}
Event: 3.462 GC heap after
{Heap after GC invocations=8 (full 0):
 garbage-first heap   total 51200K, used 19102K [0x0000000084200000, 0x0000000100000000)
  region size 1024K, 2 young (2048K), 2 survivors (2048K)
 Metaspace       used 34287K, committed 34880K, reserved 1114112K
  class space    used 4331K, committed 4608K, reserved 1048576K
}
Event: 3.586 GC heap before
{Heap before GC invocations=8 (full 0):
 garbage-first heap   total 51200K, used 24222K [0x0000000084200000, 0x0000000100000000)
  region size 1024K, 8 young (8192K), 2 survivors (2048K)
 Metaspace       used 35493K, committed 35968K, reserved 1114112K
  class space    used 4517K, committed 4736K, reserved 1048576K
}
Event: 3.588 GC heap after
{Heap after GC invocations=9 (full 0):
 garbage-first heap   total 51200K, used 19783K [0x0000000084200000, 0x0000000100000000)
  region size 1024K, 1 young (1024K), 1 survivors (1024K)
 Metaspace       used 35493K, committed 35968K, reserved 1114112K
  class space    used 4517K, committed 4736K, reserved 1048576K
}
Event: 4.020 GC heap before
{Heap before GC invocations=10 (full 0):
 garbage-first heap   total 51200K, used 37191K [0x0000000084200000, 0x0000000100000000)
  region size 1024K, 19 young (19456K), 1 survivors (1024K)
 Metaspace       used 38128K, committed 38656K, reserved 1114112K
  class space    used 4872K, committed 5120K, reserved 1048576K
}
Event: 4.023 GC heap after
{Heap after GC invocations=11 (full 0):
 garbage-first heap   total 76800K, used 21813K [0x0000000084200000, 0x0000000100000000)
  region size 1024K, 3 young (3072K), 3 survivors (3072K)
 Metaspace       used 38128K, committed 38656K, reserved 1114112K
  class space    used 4872K, committed 5120K, reserved 1048576K
}
Event: 4.032 GC heap before
{Heap before GC invocations=11 (full 0):
 garbage-first heap   total 76800K, used 22837K [0x0000000084200000, 0x0000000100000000)
  region size 1024K, 4 young (4096K), 3 survivors (3072K)
 Metaspace       used 38301K, committed 38848K, reserved 1114112K
  class space    used 4886K, committed 5120K, reserved 1048576K
}
Event: 4.035 GC heap after
{Heap after GC invocations=12 (full 0):
 garbage-first heap   total 76800K, used 21566K [0x0000000084200000, 0x0000000100000000)
  region size 1024K, 1 young (1024K), 1 survivors (1024K)
 Metaspace       used 38301K, committed 38848K, reserved 1114112K
  class space    used 4886K, committed 5120K, reserved 1048576K
}
Event: 13.339 GC heap before
{Heap before GC invocations=12 (full 0):
 garbage-first heap   total 76800K, used 54334K [0x0000000084200000, 0x0000000100000000)
  region size 1024K, 34 young (34816K), 1 survivors (1024K)
 Metaspace       used 44996K, committed 45632K, reserved 1114112K
  class space    used 5835K, committed 6080K, reserved 1048576K
}
Event: 13.345 GC heap after
{Heap after GC invocations=13 (full 0):
 garbage-first heap   total 76800K, used 24262K [0x0000000084200000, 0x0000000100000000)
  region size 1024K, 3 young (3072K), 3 survivors (3072K)
 Metaspace       used 44996K, committed 45632K, reserved 1114112K
  class space    used 5835K, committed 6080K, reserved 1048576K
}

