# JRE version: OpenJDK Runtime Environment Corretto-19.0.2.7.1 (19.0.2+7) (build 19.0.2+7-FR)
# Java VM: OpenJDK 64-Bit Server VM Corretto-19.0.2.7.1 (19.0.2+7-FR, mixed mode, sharing, tiered, compressed oops, compressed class ptrs, g1 gc, windows-amd64)
GC Precious Log:
 CardTable entry size: 512
 Card Set container configuration: InlinePtr #cards 5 size 8 Array Of Cards #cards 12 size 40 Howl #buckets 4 coarsen threshold 1843 Howl Bitmap #cards 512 size 80 coarsen threshold 460 Card regions per heap region 1 cards per card region 2048
 CPUs: 8 total, 8 available
 Memory: 7926M
 Large Page Support: Disabled
 NUMA Support: Disabled
 Compressed Oops: Enabled (32-bit)
 Heap Region Size: 1M
 Heap Min Capacity: 8M
 Heap Initial Capacity: 124M
 Heap Max Capacity: 1982M
 Pre-touch: Disabled
 Parallel Workers: 8
 Concurrent Workers: 2
 Concurrent Refinement Workers: 8
 Periodic GC: Disabled
Heap:
 garbage-first heap   total 102400K, used 24054K [0x0000000084200000, 0x0000000100000000)
  region size 1024K, 5 young (5120K), 2 survivors (2048K)
 Metaspace       used 42148K, committed 42688K, reserved 1114112K
  class space    used 5421K, committed 5696K, reserved 1048576K
GC Heap History (20 events):
Event: 1.481 GC heap before
{Heap before GC invocations=1 (full 0):
 garbage-first heap   total 126976K, used 35460K [0x0000000084200000, 0x0000000100000000)
  region size 1024K, 32 young (32768K), 3 survivors (3072K)
 Metaspace       used 13161K, committed 13504K, reserved 1114112K
  class space    used 1550K, committed 1728K, reserved 1048576K
}
Event: 1.486 GC heap after
{Heap after GC invocations=2 (full 0):
 garbage-first heap   total 126976K, used 9576K [0x0000000084200000, 0x0000000100000000)
  region size 1024K, 3 young (3072K), 3 survivors (3072K)
 Metaspace       used 13161K, committed 13504K, reserved 1114112K
  class space    used 1550K, committed 1728K, reserved 1048576K
}
Event: 2.536 GC heap before
{Heap before GC invocations=2 (full 0):
 garbage-first heap   total 126976K, used 55656K [0x0000000084200000, 0x0000000100000000)
  region size 1024K, 50 young (51200K), 3 survivors (3072K)
 Metaspace       used 21142K, committed 21504K, reserved 1114112K
  class space    used 2554K, committed 2752K, reserved 1048576K
}
Event: 2.544 GC heap after
{Heap after GC invocations=3 (full 0):
 garbage-first heap   total 126976K, used 13315K [0x0000000084200000, 0x0000000100000000)
  region size 1024K, 7 young (7168K), 7 survivors (7168K)
 Metaspace       used 21142K, committed 21504K, reserved 1114112K
  class space    used 2554K, committed 2752K, reserved 1048576K
}
Event: 3.191 GC heap before
{Heap before GC invocations=4 (full 0):
 garbage-first heap   total 51200K, used 36867K [0x0000000084200000, 0x0000000100000000)
  region size 1024K, 30 young (30720K), 7 survivors (7168K)
 Metaspace       used 25402K, committed 25792K, reserved 1114112K
  class space    used 3119K, committed 3264K, reserved 1048576K
}
Event: 3.199 GC heap after
{Heap after GC invocations=5 (full 0):
 garbage-first heap   total 51200K, used 15442K [0x0000000084200000, 0x0000000100000000)
  region size 1024K, 3 young (3072K), 3 survivors (3072K)
 Metaspace       used 25402K, committed 25792K, reserved 1114112K
  class space    used 3119K, committed 3264K, reserved 1048576K
}
Event: 3.218 GC heap before
{Heap before GC invocations=5 (full 0):
 garbage-first heap   total 51200K, used 16466K [0x0000000084200000, 0x0000000100000000)
  region size 1024K, 4 young (4096K), 3 survivors (3072K)
 Metaspace       used 25540K, committed 26048K, reserved 1114112K
  class space    used 3150K, committed 3392K, reserved 1048576K
}
Event: 3.222 GC heap after
{Heap after GC invocations=6 (full 0):
 garbage-first heap   total 51200K, used 15841K [0x0000000084200000, 0x0000000100000000)
  region size 1024K, 1 young (1024K), 1 survivors (1024K)
 Metaspace       used 25540K, committed 26048K, reserved 1114112K
  class space    used 3150K, committed 3392K, reserved 1048576K
}
Event: 3.797 GC heap before
{Heap before GC invocations=6 (full 0):
 garbage-first heap   total 51200K, used 34273K [0x0000000084200000, 0x0000000100000000)
  region size 1024K, 20 young (20480K), 1 survivors (1024K)
 Metaspace       used 29754K, committed 30208K, reserved 1114112K
  class space    used 3678K, committed 3904K, reserved 1048576K
}
Event: 3.801 GC heap after
{Heap after GC invocations=7 (full 0):
 garbage-first heap   total 51200K, used 17305K [0x0000000084200000, 0x0000000100000000)
  region size 1024K, 2 young (2048K), 2 survivors (2048K)
 Metaspace       used 29754K, committed 30208K, reserved 1114112K
  class space    used 3678K, committed 3904K, reserved 1048576K
}
Event: 4.214 GC heap before
{Heap before GC invocations=7 (full 0):
 garbage-first heap   total 51200K, used 35737K [0x0000000084200000, 0x0000000100000000)
  region size 1024K, 21 young (21504K), 2 survivors (2048K)
 Metaspace       used 34304K, committed 34816K, reserved 1114112K
  class space    used 4328K, committed 4608K, reserved 1048576K
}
Event: 4.218 GC heap after
{Heap after GC invocations=8 (full 0):
 garbage-first heap   total 51200K, used 19113K [0x0000000084200000, 0x0000000100000000)
  region size 1024K, 2 young (2048K), 2 survivors (2048K)
 Metaspace       used 34304K, committed 34816K, reserved 1114112K
  class space    used 4328K, committed 4608K, reserved 1048576K
}
Event: 4.329 GC heap before
{Heap before GC invocations=8 (full 0):
 garbage-first heap   total 51200K, used 24233K [0x0000000084200000, 0x0000000100000000)
  region size 1024K, 8 young (8192K), 2 survivors (2048K)
 Metaspace       used 35521K, committed 35968K, reserved 1114112K
  class space    used 4515K, committed 4736K, reserved 1048576K
}
Event: 4.332 GC heap after
{Heap after GC invocations=9 (full 0):
 garbage-first heap   total 51200K, used 19873K [0x0000000084200000, 0x0000000100000000)
  region size 1024K, 1 young (1024K), 1 survivors (1024K)
 Metaspace       used 35521K, committed 35968K, reserved 1114112K
  class space    used 4515K, committed 4736K, reserved 1048576K
}
Event: 4.801 GC heap before
{Heap before GC invocations=10 (full 0):
 garbage-first heap   total 51200K, used 38305K [0x0000000084200000, 0x0000000100000000)
  region size 1024K, 19 young (19456K), 1 survivors (1024K)
 Metaspace       used 38110K, committed 38656K, reserved 1114112K
  class space    used 4868K, committed 5120K, reserved 1048576K
}
Event: 4.804 GC heap after
{Heap after GC invocations=11 (full 0):
 garbage-first heap   total 51200K, used 21873K [0x0000000084200000, 0x0000000100000000)
  region size 1024K, 3 young (3072K), 3 survivors (3072K)
 Metaspace       used 38110K, committed 38656K, reserved 1114112K
  class space    used 4868K, committed 5120K, reserved 1048576K
}
Event: 4.825 GC heap before
{Heap before GC invocations=11 (full 0):
 garbage-first heap   total 51200K, used 22897K [0x0000000084200000, 0x0000000100000000)
  region size 1024K, 4 young (4096K), 3 survivors (3072K)
 Metaspace       used 38281K, committed 38848K, reserved 1114112K
  class space    used 4888K, committed 5120K, reserved 1048576K
}
Event: 4.830 GC heap after
{Heap after GC invocations=12 (full 0):
 garbage-first heap   total 51200K, used 21572K [0x0000000084200000, 0x0000000100000000)
  region size 1024K, 1 young (1024K), 1 survivors (1024K)
 Metaspace       used 38281K, committed 38848K, reserved 1114112K
  class space    used 4888K, committed 5120K, reserved 1048576K
}
Event: 13.216 GC heap before
{Heap before GC invocations=12 (full 0):
 garbage-first heap   total 51200K, used 37956K [0x0000000084200000, 0x0000000100000000)
  region size 1024K, 18 young (18432K), 1 survivors (1024K)
 Metaspace       used 41394K, committed 41984K, reserved 1114112K
  class space    used 5318K, committed 5568K, reserved 1048576K
}
Event: 13.219 GC heap after
{Heap after GC invocations=13 (full 0):
 garbage-first heap   total 102400K, used 23030K [0x0000000084200000, 0x0000000100000000)
  region size 1024K, 2 young (2048K), 2 survivors (2048K)
 Metaspace       used 41394K, committed 41984K, reserved 1114112K
  class space    used 5318K, committed 5568K, reserved 1048576K
}

