# JRE version: OpenJDK Runtime Environment Corretto-19.0.2.7.1 (19.0.2+7) (build 19.0.2+7-FR)
# Java VM: OpenJDK 64-Bit Server VM Corretto-19.0.2.7.1 (19.0.2+7-FR, mixed mode, sharing, tiered, compressed oops, compressed class ptrs, g1 gc, windows-amd64)
GC Precious Log:
 CardTable entry size: 512
 Card Set container configuration: InlinePtr #cards 5 size 8 Array Of Cards #cards 12 size 40 Howl #buckets 4 coarsen threshold 1843 Howl Bitmap #cards 512 size 80 coarsen threshold 460 Card regions per heap region 1 cards per card region 2048
 CPUs: 8 total, 8 available
 Memory: 7926M
 Large Page Support: Disabled
 NUMA Support: Disabled
 Compressed Oops: Enabled (32-bit)
 Heap Region Size: 1M
 Heap Min Capacity: 8M
 Heap Initial Capacity: 124M
 Heap Max Capacity: 1982M
 Pre-touch: Disabled
 Parallel Workers: 8
 Concurrent Workers: 2
 Concurrent Refinement Workers: 8
 Periodic GC: Disabled
Heap:
 garbage-first heap   total 102400K, used 62769K [0x0000000084200000, 0x0000000100000000)
  region size 1024K, 43 young (44032K), 2 survivors (2048K)
 Metaspace       used 46704K, committed 47360K, reserved 1114112K
  class space    used 5947K, committed 6272K, reserved 1048576K
GC Heap History (20 events):
Event: 1.086 GC heap before
{Heap before GC invocations=1 (full 0):
 garbage-first heap   total 126976K, used 35118K [0x0000000084200000, 0x0000000100000000)
  region size 1024K, 32 young (32768K), 3 survivors (3072K)
 Metaspace       used 13178K, committed 13568K, reserved 1114112K
  class space    used 1555K, committed 1728K, reserved 1048576K
}
Event: 1.091 GC heap after
{Heap after GC invocations=2 (full 0):
 garbage-first heap   total 126976K, used 9509K [0x0000000084200000, 0x0000000100000000)
  region size 1024K, 3 young (3072K), 3 survivors (3072K)
 Metaspace       used 13178K, committed 13568K, reserved 1114112K
  class space    used 1555K, committed 1728K, reserved 1048576K
}
Event: 1.878 GC heap before
{Heap before GC invocations=2 (full 0):
 garbage-first heap   total 126976K, used 57637K [0x0000000084200000, 0x0000000100000000)
  region size 1024K, 51 young (52224K), 3 survivors (3072K)
 Metaspace       used 21111K, committed 21504K, reserved 1114112K
  class space    used 2557K, committed 2752K, reserved 1048576K
}
Event: 1.884 GC heap after
{Heap after GC invocations=3 (full 0):
 garbage-first heap   total 126976K, used 13236K [0x0000000084200000, 0x0000000100000000)
  region size 1024K, 7 young (7168K), 7 survivors (7168K)
 Metaspace       used 21111K, committed 21504K, reserved 1114112K
  class space    used 2557K, committed 2752K, reserved 1048576K
}
Event: 2.424 GC heap before
{Heap before GC invocations=4 (full 0):
 garbage-first heap   total 51200K, used 36788K [0x0000000084200000, 0x0000000100000000)
  region size 1024K, 30 young (30720K), 7 survivors (7168K)
 Metaspace       used 25366K, committed 25728K, reserved 1114112K
  class space    used 3119K, committed 3264K, reserved 1048576K
}
Event: 2.431 GC heap after
{Heap after GC invocations=5 (full 0):
 garbage-first heap   total 51200K, used 15388K [0x0000000084200000, 0x0000000100000000)
  region size 1024K, 3 young (3072K), 3 survivors (3072K)
 Metaspace       used 25366K, committed 25728K, reserved 1114112K
  class space    used 3119K, committed 3264K, reserved 1048576K
}
Event: 2.451 GC heap before
{Heap before GC invocations=5 (full 0):
 garbage-first heap   total 51200K, used 16412K [0x0000000084200000, 0x0000000100000000)
  region size 1024K, 4 young (4096K), 3 survivors (3072K)
 Metaspace       used 25497K, committed 25984K, reserved 1114112K
  class space    used 3147K, committed 3392K, reserved 1048576K
}
Event: 2.454 GC heap after
{Heap after GC invocations=6 (full 0):
 garbage-first heap   total 51200K, used 15942K [0x0000000084200000, 0x0000000100000000)
  region size 1024K, 1 young (1024K), 1 survivors (1024K)
 Metaspace       used 25497K, committed 25984K, reserved 1114112K
  class space    used 3147K, committed 3392K, reserved 1048576K
}
Event: 2.877 GC heap before
{Heap before GC invocations=6 (full 0):
 garbage-first heap   total 51200K, used 34374K [0x0000000084200000, 0x0000000100000000)
  region size 1024K, 20 young (20480K), 1 survivors (1024K)
 Metaspace       used 29705K, committed 30208K, reserved 1114112K
  class space    used 3674K, committed 3904K, reserved 1048576K
}
Event: 2.879 GC heap after
{Heap after GC invocations=7 (full 0):
 garbage-first heap   total 51200K, used 17408K [0x0000000084200000, 0x0000000100000000)
  region size 1024K, 2 young (2048K), 2 survivors (2048K)
 Metaspace       used 29705K, committed 30208K, reserved 1114112K
  class space    used 3674K, committed 3904K, reserved 1048576K
}
Event: 3.190 GC heap before
{Heap before GC invocations=7 (full 0):
 garbage-first heap   total 51200K, used 35840K [0x0000000084200000, 0x0000000100000000)
  region size 1024K, 21 young (21504K), 2 survivors (2048K)
 Metaspace       used 34262K, committed 34816K, reserved 1114112K
  class space    used 4332K, committed 4608K, reserved 1048576K
}
Event: 3.192 GC heap after
{Heap after GC invocations=8 (full 0):
 garbage-first heap   total 51200K, used 19173K [0x0000000084200000, 0x0000000100000000)
  region size 1024K, 2 young (2048K), 2 survivors (2048K)
 Metaspace       used 34262K, committed 34816K, reserved 1114112K
  class space    used 4332K, committed 4608K, reserved 1048576K
}
Event: 3.291 GC heap before
{Heap before GC invocations=8 (full 0):
 garbage-first heap   total 51200K, used 24293K [0x0000000084200000, 0x0000000100000000)
  region size 1024K, 8 young (8192K), 2 survivors (2048K)
 Metaspace       used 35471K, committed 35968K, reserved 1114112K
  class space    used 4518K, committed 4736K, reserved 1048576K
}
Event: 3.294 GC heap after
{Heap after GC invocations=9 (full 0):
 garbage-first heap   total 51200K, used 19971K [0x0000000084200000, 0x0000000100000000)
  region size 1024K, 1 young (1024K), 1 survivors (1024K)
 Metaspace       used 35471K, committed 35968K, reserved 1114112K
  class space    used 4518K, committed 4736K, reserved 1048576K
}
Event: 3.670 GC heap before
{Heap before GC invocations=10 (full 0):
 garbage-first heap   total 51200K, used 37379K [0x0000000084200000, 0x0000000100000000)
  region size 1024K, 19 young (19456K), 1 survivors (1024K)
 Metaspace       used 38099K, committed 38656K, reserved 1114112K
  class space    used 4874K, committed 5120K, reserved 1048576K
}
Event: 3.672 GC heap after
{Heap after GC invocations=11 (full 0):
 garbage-first heap   total 51200K, used 21977K [0x0000000084200000, 0x0000000100000000)
  region size 1024K, 3 young (3072K), 3 survivors (3072K)
 Metaspace       used 38099K, committed 38656K, reserved 1114112K
  class space    used 4874K, committed 5120K, reserved 1048576K
}
Event: 3.680 GC heap before
{Heap before GC invocations=11 (full 0):
 garbage-first heap   total 51200K, used 23001K [0x0000000084200000, 0x0000000100000000)
  region size 1024K, 4 young (4096K), 3 survivors (3072K)
 Metaspace       used 38262K, committed 38784K, reserved 1114112K
  class space    used 4888K, committed 5120K, reserved 1048576K
}
Event: 3.682 GC heap after
{Heap after GC invocations=12 (full 0):
 garbage-first heap   total 51200K, used 21757K [0x0000000084200000, 0x0000000100000000)
  region size 1024K, 1 young (1024K), 1 survivors (1024K)
 Metaspace       used 38262K, committed 38784K, reserved 1114112K
  class space    used 4888K, committed 5120K, reserved 1048576K
}
Event: 16.346 GC heap before
{Heap before GC invocations=12 (full 0):
 garbage-first heap   total 51200K, used 37117K [0x0000000084200000, 0x0000000100000000)
  region size 1024K, 17 young (17408K), 1 survivors (1024K)
 Metaspace       used 41107K, committed 41728K, reserved 1114112K
  class space    used 5293K, committed 5568K, reserved 1048576K
}
Event: 16.350 GC heap after
{Heap after GC invocations=13 (full 0):
 garbage-first heap   total 102400K, used 22833K [0x0000000084200000, 0x0000000100000000)
  region size 1024K, 2 young (2048K), 2 survivors (2048K)
 Metaspace       used 41107K, committed 41728K, reserved 1114112K
  class space    used 5293K, committed 5568K, reserved 1048576K
}

