# JRE version: OpenJDK Runtime Environment Corretto-19.0.2.7.1 (19.0.2+7) (build 19.0.2+7-FR)
# Java VM: OpenJDK 64-Bit Server VM Corretto-19.0.2.7.1 (19.0.2+7-FR, mixed mode, sharing, tiered, compressed oops, compressed class ptrs, g1 gc, windows-amd64)
GC Precious Log:
 CardTable entry size: 512
 Card Set container configuration: InlinePtr #cards 5 size 8 Array Of Cards #cards 12 size 40 Howl #buckets 4 coarsen threshold 1843 Howl Bitmap #cards 512 size 80 coarsen threshold 460 Card regions per heap region 1 cards per card region 2048
 CPUs: 8 total, 8 available
 Memory: 7926M
 Large Page Support: Disabled
 NUMA Support: Disabled
 Compressed Oops: Enabled (32-bit)
 Heap Region Size: 1M
 Heap Min Capacity: 8M
 Heap Initial Capacity: 124M
 Heap Max Capacity: 1982M
 Pre-touch: Disabled
 Parallel Workers: 8
 Concurrent Workers: 2
 Concurrent Refinement Workers: 8
 Periodic GC: Disabled
Heap:
 garbage-first heap   total 89088K, used 38559K [0x0000000084200000, 0x0000000100000000)
  region size 1024K, 18 young (18432K), 2 survivors (2048K)
 Metaspace       used 43371K, committed 44032K, reserved 1114112K
  class space    used 5465K, committed 5760K, reserved 1048576K
GC Heap History (20 events):
Event: 2.375 GC heap before
{Heap before GC invocations=1 (full 0):
 garbage-first heap   total 126976K, used 35302K [0x0000000084200000, 0x0000000100000000)
  region size 1024K, 32 young (32768K), 3 survivors (3072K)
 Metaspace       used 13134K, committed 13504K, reserved 1114112K
  class space    used 1550K, committed 1728K, reserved 1048576K
}
Event: 2.385 GC heap after
{Heap after GC invocations=2 (full 0):
 garbage-first heap   total 126976K, used 9820K [0x0000000084200000, 0x0000000100000000)
  region size 1024K, 3 young (3072K), 3 survivors (3072K)
 Metaspace       used 13134K, committed 13504K, reserved 1114112K
  class space    used 1550K, committed 1728K, reserved 1048576K
}
Event: 3.990 GC heap before
{Heap before GC invocations=2 (full 0):
 garbage-first heap   total 126976K, used 53852K [0x0000000084200000, 0x0000000100000000)
  region size 1024K, 48 young (49152K), 3 survivors (3072K)
 Metaspace       used 21124K, committed 21504K, reserved 1114112K
  class space    used 2548K, committed 2752K, reserved 1048576K
}
Event: 4.002 GC heap after
{Heap after GC invocations=3 (full 0):
 garbage-first heap   total 126976K, used 13242K [0x0000000084200000, 0x0000000100000000)
  region size 1024K, 7 young (7168K), 7 survivors (7168K)
 Metaspace       used 21124K, committed 21504K, reserved 1114112K
  class space    used 2548K, committed 2752K, reserved 1048576K
}
Event: 5.036 GC heap before
{Heap before GC invocations=4 (full 0):
 garbage-first heap   total 51200K, used 36794K [0x0000000084200000, 0x0000000100000000)
  region size 1024K, 30 young (30720K), 7 survivors (7168K)
 Metaspace       used 25812K, committed 26240K, reserved 1114112K
  class space    used 3199K, committed 3392K, reserved 1048576K
}
Event: 5.046 GC heap after
{Heap after GC invocations=5 (full 0):
 garbage-first heap   total 51200K, used 15893K [0x0000000084200000, 0x0000000100000000)
  region size 1024K, 3 young (3072K), 3 survivors (3072K)
 Metaspace       used 25812K, committed 26240K, reserved 1114112K
  class space    used 3199K, committed 3392K, reserved 1048576K
}
Event: 5.077 GC heap before
{Heap before GC invocations=5 (full 0):
 garbage-first heap   total 51200K, used 16917K [0x0000000084200000, 0x0000000100000000)
  region size 1024K, 4 young (4096K), 3 survivors (3072K)
 Metaspace       used 25991K, committed 26368K, reserved 1114112K
  class space    used 3220K, committed 3392K, reserved 1048576K
}
Event: 5.082 GC heap after
{Heap after GC invocations=6 (full 0):
 garbage-first heap   total 51200K, used 16457K [0x0000000084200000, 0x0000000100000000)
  region size 1024K, 1 young (1024K), 1 survivors (1024K)
 Metaspace       used 25991K, committed 26368K, reserved 1114112K
  class space    used 3220K, committed 3392K, reserved 1048576K
}
Event: 5.866 GC heap before
{Heap before GC invocations=6 (full 0):
 garbage-first heap   total 51200K, used 33865K [0x0000000084200000, 0x0000000100000000)
  region size 1024K, 19 young (19456K), 1 survivors (1024K)
 Metaspace       used 30127K, committed 30656K, reserved 1114112K
  class space    used 3728K, committed 3968K, reserved 1048576K
}
Event: 5.871 GC heap after
{Heap after GC invocations=7 (full 0):
 garbage-first heap   total 51200K, used 17367K [0x0000000084200000, 0x0000000100000000)
  region size 1024K, 2 young (2048K), 2 survivors (2048K)
 Metaspace       used 30127K, committed 30656K, reserved 1114112K
  class space    used 3728K, committed 3968K, reserved 1048576K
}
Event: 6.537 GC heap before
{Heap before GC invocations=7 (full 0):
 garbage-first heap   total 51200K, used 34775K [0x0000000084200000, 0x0000000100000000)
  region size 1024K, 20 young (20480K), 2 survivors (2048K)
 Metaspace       used 34032K, committed 34560K, reserved 1114112K
  class space    used 4346K, committed 4608K, reserved 1048576K
}
Event: 6.540 GC heap after
{Heap after GC invocations=8 (full 0):
 garbage-first heap   total 51200K, used 19225K [0x0000000084200000, 0x0000000100000000)
  region size 1024K, 3 young (3072K), 3 survivors (3072K)
 Metaspace       used 34032K, committed 34560K, reserved 1114112K
  class space    used 4346K, committed 4608K, reserved 1048576K
}
Event: 6.994 GC heap before
{Heap before GC invocations=8 (full 0):
 garbage-first heap   total 51200K, used 27417K [0x0000000084200000, 0x0000000100000000)
  region size 1024K, 12 young (12288K), 3 survivors (3072K)
 Metaspace       used 35421K, committed 35968K, reserved 1114112K
  class space    used 4528K, committed 4800K, reserved 1048576K
}
Event: 7.000 GC heap after
{Heap after GC invocations=9 (full 0):
 garbage-first heap   total 51200K, used 20506K [0x0000000084200000, 0x0000000100000000)
  region size 1024K, 2 young (2048K), 2 survivors (2048K)
 Metaspace       used 35421K, committed 35968K, reserved 1114112K
  class space    used 4528K, committed 4800K, reserved 1048576K
}
Event: 10.258 GC heap before
{Heap before GC invocations=10 (full 0):
 garbage-first heap   total 51200K, used 36890K [0x0000000084200000, 0x0000000100000000)
  region size 1024K, 19 young (19456K), 2 survivors (2048K)
 Metaspace       used 38574K, committed 39232K, reserved 1114112K
  class space    used 4951K, committed 5248K, reserved 1048576K
}
Event: 10.262 GC heap after
{Heap after GC invocations=11 (full 0):
 garbage-first heap   total 51200K, used 22047K [0x0000000084200000, 0x0000000100000000)
  region size 1024K, 3 young (3072K), 3 survivors (3072K)
 Metaspace       used 38574K, committed 39232K, reserved 1114112K
  class space    used 4951K, committed 5248K, reserved 1048576K
}
Event: 10.301 GC heap before
{Heap before GC invocations=11 (full 0):
 garbage-first heap   total 51200K, used 23071K [0x0000000084200000, 0x0000000100000000)
  region size 1024K, 4 young (4096K), 3 survivors (3072K)
 Metaspace       used 38881K, committed 39488K, reserved 1114112K
  class space    used 4984K, committed 5248K, reserved 1048576K
}
Event: 10.305 GC heap after
{Heap after GC invocations=12 (full 0):
 garbage-first heap   total 51200K, used 21886K [0x0000000084200000, 0x0000000100000000)
  region size 1024K, 1 young (1024K), 1 survivors (1024K)
 Metaspace       used 38881K, committed 39488K, reserved 1114112K
  class space    used 4984K, committed 5248K, reserved 1048576K
}
Event: 10.972 GC heap before
{Heap before GC invocations=12 (full 0):
 garbage-first heap   total 51200K, used 38270K [0x0000000084200000, 0x0000000100000000)
  region size 1024K, 18 young (18432K), 1 survivors (1024K)
 Metaspace       used 42511K, committed 43200K, reserved 1114112K
  class space    used 5461K, committed 5760K, reserved 1048576K
}
Event: 10.976 GC heap after
{Heap after GC invocations=13 (full 0):
 garbage-first heap   total 89088K, used 23199K [0x0000000084200000, 0x0000000100000000)
  region size 1024K, 2 young (2048K), 2 survivors (2048K)
 Metaspace       used 42511K, committed 43200K, reserved 1114112K
  class space    used 5461K, committed 5760K, reserved 1048576K
}

