# JRE version: OpenJDK Runtime Environment Corretto-19.0.2.7.1 (19.0.2+7) (build 19.0.2+7-FR)
# Java VM: OpenJDK 64-Bit Server VM Corretto-19.0.2.7.1 (19.0.2+7-FR, mixed mode, sharing, tiered, compressed oops, compressed class ptrs, g1 gc, windows-amd64)
GC Precious Log:
 CardTable entry size: 512
 Card Set container configuration: InlinePtr #cards 5 size 8 Array Of Cards #cards 12 size 40 Howl #buckets 4 coarsen threshold 1843 Howl Bitmap #cards 512 size 80 coarsen threshold 460 Card regions per heap region 1 cards per card region 2048
 CPUs: 8 total, 8 available
 Memory: 7926M
 Large Page Support: Disabled
 NUMA Support: Disabled
 Compressed Oops: Enabled (32-bit)
 Heap Region Size: 1M
 Heap Min Capacity: 8M
 Heap Initial Capacity: 124M
 Heap Max Capacity: 1982M
 Pre-touch: Disabled
 Parallel Workers: 8
 Concurrent Workers: 2
 Concurrent Refinement Workers: 8
 Periodic GC: Disabled
Heap:
 garbage-first heap   total 51200K, used 29255K [0x0000000084200000, 0x0000000100000000)
  region size 1024K, 9 young (9216K), 2 survivors (2048K)
 Metaspace       used 43393K, committed 44032K, reserved 1114112K
  class space    used 5533K, committed 5824K, reserved 1048576K
GC Heap History (20 events):
Event: 3.841 GC heap before
{Heap before GC invocations=2 (full 0):
 garbage-first heap   total 126976K, used 54767K [0x0000000084200000, 0x0000000100000000)
  region size 1024K, 49 young (50176K), 3 survivors (3072K)
 Metaspace       used 21093K, committed 21504K, reserved 1114112K
  class space    used 2546K, committed 2752K, reserved 1048576K
}
Event: 3.850 GC heap after
{Heap after GC invocations=3 (full 0):
 garbage-first heap   total 126976K, used 13357K [0x0000000084200000, 0x0000000100000000)
  region size 1024K, 7 young (7168K), 7 survivors (7168K)
 Metaspace       used 21093K, committed 21504K, reserved 1114112K
  class space    used 2546K, committed 2752K, reserved 1048576K
}
Event: 4.727 GC heap before
{Heap before GC invocations=4 (full 0):
 garbage-first heap   total 51200K, used 36909K [0x0000000084200000, 0x0000000100000000)
  region size 1024K, 30 young (30720K), 7 survivors (7168K)
 Metaspace       used 25741K, committed 26240K, reserved 1114112K
  class space    used 3192K, committed 3392K, reserved 1048576K
}
Event: 4.741 GC heap after
{Heap after GC invocations=5 (full 0):
 garbage-first heap   total 51200K, used 15744K [0x0000000084200000, 0x0000000100000000)
  region size 1024K, 3 young (3072K), 3 survivors (3072K)
 Metaspace       used 25741K, committed 26240K, reserved 1114112K
  class space    used 3192K, committed 3392K, reserved 1048576K
}
Event: 4.780 GC heap before
{Heap before GC invocations=5 (full 0):
 garbage-first heap   total 51200K, used 16768K [0x0000000084200000, 0x0000000100000000)
  region size 1024K, 4 young (4096K), 3 survivors (3072K)
 Metaspace       used 25934K, committed 26368K, reserved 1114112K
  class space    used 3210K, committed 3392K, reserved 1048576K
}
Event: 4.787 GC heap after
{Heap after GC invocations=6 (full 0):
 garbage-first heap   total 51200K, used 16277K [0x0000000084200000, 0x0000000100000000)
  region size 1024K, 1 young (1024K), 1 survivors (1024K)
 Metaspace       used 25934K, committed 26368K, reserved 1114112K
  class space    used 3210K, committed 3392K, reserved 1048576K
}
Event: 5.560 GC heap before
{Heap before GC invocations=6 (full 0):
 garbage-first heap   total 51200K, used 33685K [0x0000000084200000, 0x0000000100000000)
  region size 1024K, 19 young (19456K), 1 survivors (1024K)
 Metaspace       used 30036K, committed 30592K, reserved 1114112K
  class space    used 3714K, committed 3968K, reserved 1048576K
}
Event: 5.565 GC heap after
{Heap after GC invocations=7 (full 0):
 garbage-first heap   total 51200K, used 17233K [0x0000000084200000, 0x0000000100000000)
  region size 1024K, 2 young (2048K), 2 survivors (2048K)
 Metaspace       used 30036K, committed 30592K, reserved 1114112K
  class space    used 3714K, committed 3968K, reserved 1048576K
}
Event: 6.181 GC heap before
{Heap before GC invocations=7 (full 0):
 garbage-first heap   total 51200K, used 34641K [0x0000000084200000, 0x0000000100000000)
  region size 1024K, 20 young (20480K), 2 survivors (2048K)
 Metaspace       used 34019K, committed 34560K, reserved 1114112K
  class space    used 4349K, committed 4608K, reserved 1048576K
}
Event: 6.185 GC heap after
{Heap after GC invocations=8 (full 0):
 garbage-first heap   total 51200K, used 19097K [0x0000000084200000, 0x0000000100000000)
  region size 1024K, 3 young (3072K), 3 survivors (3072K)
 Metaspace       used 34019K, committed 34560K, reserved 1114112K
  class space    used 4349K, committed 4608K, reserved 1048576K
}
Event: 6.462 GC heap before
{Heap before GC invocations=8 (full 0):
 garbage-first heap   total 51200K, used 28313K [0x0000000084200000, 0x0000000100000000)
  region size 1024K, 13 young (13312K), 3 survivors (3072K)
 Metaspace       used 35442K, committed 35968K, reserved 1114112K
  class space    used 4526K, committed 4800K, reserved 1048576K
}
Event: 6.467 GC heap after
{Heap after GC invocations=9 (full 0):
 garbage-first heap   total 51200K, used 20571K [0x0000000084200000, 0x0000000100000000)
  region size 1024K, 2 young (2048K), 2 survivors (2048K)
 Metaspace       used 35442K, committed 35968K, reserved 1114112K
  class space    used 4526K, committed 4800K, reserved 1048576K
}
Event: 28.498 GC heap before
{Heap before GC invocations=10 (full 0):
 garbage-first heap   total 51200K, used 36955K [0x0000000084200000, 0x0000000100000000)
  region size 1024K, 19 young (19456K), 2 survivors (2048K)
 Metaspace       used 38847K, committed 39424K, reserved 1114112K
  class space    used 4991K, committed 5312K, reserved 1048576K
}
Event: 28.503 GC heap after
{Heap after GC invocations=11 (full 0):
 garbage-first heap   total 51200K, used 21924K [0x0000000084200000, 0x0000000100000000)
  region size 1024K, 3 young (3072K), 3 survivors (3072K)
 Metaspace       used 38847K, committed 39424K, reserved 1114112K
  class space    used 4991K, committed 5312K, reserved 1048576K
}
Event: 28.538 GC heap before
{Heap before GC invocations=11 (full 0):
 garbage-first heap   total 51200K, used 22948K [0x0000000084200000, 0x0000000100000000)
  region size 1024K, 4 young (4096K), 3 survivors (3072K)
 Metaspace       used 39097K, committed 39680K, reserved 1114112K
  class space    used 5032K, committed 5312K, reserved 1048576K
}
Event: 28.543 GC heap after
{Heap after GC invocations=12 (full 0):
 garbage-first heap   total 51200K, used 21768K [0x0000000084200000, 0x0000000100000000)
  region size 1024K, 1 young (1024K), 1 survivors (1024K)
 Metaspace       used 39097K, committed 39680K, reserved 1114112K
  class space    used 5032K, committed 5312K, reserved 1048576K
}
Event: 211.076 GC heap before
{Heap before GC invocations=12 (full 0):
 garbage-first heap   total 51200K, used 38152K [0x0000000084200000, 0x0000000100000000)
  region size 1024K, 18 young (18432K), 1 survivors (1024K)
 Metaspace       used 41133K, committed 41792K, reserved 1114112K
  class space    used 5256K, committed 5568K, reserved 1048576K
}
Event: 211.087 GC heap after
{Heap after GC invocations=13 (full 0):
 garbage-first heap   total 51200K, used 22168K [0x0000000084200000, 0x0000000100000000)
  region size 1024K, 1 young (1024K), 1 survivors (1024K)
 Metaspace       used 41133K, committed 41792K, reserved 1114112K
  class space    used 5256K, committed 5568K, reserved 1048576K
}
Event: 584.214 GC heap before
{Heap before GC invocations=13 (full 0):
 garbage-first heap   total 51200K, used 38552K [0x0000000084200000, 0x0000000100000000)
  region size 1024K, 18 young (18432K), 1 survivors (1024K)
 Metaspace       used 43139K, committed 43776K, reserved 1114112K
  class space    used 5519K, committed 5824K, reserved 1048576K
}
Event: 584.230 GC heap after
{Heap after GC invocations=14 (full 0):
 garbage-first heap   total 51200K, used 23111K [0x0000000084200000, 0x0000000100000000)
  region size 1024K, 2 young (2048K), 2 survivors (2048K)
 Metaspace       used 43139K, committed 43776K, reserved 1114112K
  class space    used 5519K, committed 5824K, reserved 1048576K
}

