# JRE version: OpenJDK Runtime Environment Corretto-19.0.2.7.1 (19.0.2+7) (build 19.0.2+7-FR)
# Java VM: OpenJDK 64-Bit Server VM Corretto-19.0.2.7.1 (19.0.2+7-FR, mixed mode, sharing, tiered, compressed oops, compressed class ptrs, g1 gc, windows-amd64)
GC Precious Log:
 CardTable entry size: 512
 Card Set container configuration: InlinePtr #cards 5 size 8 Array Of Cards #cards 12 size 40 Howl #buckets 4 coarsen threshold 1843 Howl Bitmap #cards 512 size 80 coarsen threshold 460 Card regions per heap region 1 cards per card region 2048
 CPUs: 8 total, 8 available
 Memory: 7926M
 Large Page Support: Disabled
 NUMA Support: Disabled
 Compressed Oops: Enabled (32-bit)
 Heap Region Size: 1M
 Heap Min Capacity: 8M
 Heap Initial Capacity: 124M
 Heap Max Capacity: 1982M
 Pre-touch: Disabled
 Parallel Workers: 8
 Concurrent Workers: 2
 Concurrent Refinement Workers: 8
 Periodic GC: Disabled
Heap:
 garbage-first heap   total 51200K, used 33158K [0x0000000084200000, 0x0000000100000000)
  region size 1024K, 12 young (12288K), 1 survivors (1024K)
 Metaspace       used 43761K, committed 44352K, reserved 1114112K
  class space    used 5424K, committed 5696K, reserved 1048576K
GC Heap History (20 events):
Event: 19.149 GC heap before
{Heap before GC invocations=2 (full 0):
 garbage-first heap   total 126976K, used 55727K [0x0000000084200000, 0x0000000100000000)
  region size 1024K, 50 young (51200K), 3 survivors (3072K)
 Metaspace       used 21139K, committed 21504K, reserved 1114112K
  class space    used 2549K, committed 2752K, reserved 1048576K
}
Event: 19.157 GC heap after
{Heap after GC invocations=3 (full 0):
 garbage-first heap   total 126976K, used 13263K [0x0000000084200000, 0x0000000100000000)
  region size 1024K, 7 young (7168K), 7 survivors (7168K)
 Metaspace       used 21139K, committed 21504K, reserved 1114112K
  class space    used 2549K, committed 2752K, reserved 1048576K
}
Event: 21.402 GC heap before
{Heap before GC invocations=4 (full 0):
 garbage-first heap   total 51200K, used 36815K [0x0000000084200000, 0x0000000100000000)
  region size 1024K, 30 young (30720K), 7 survivors (7168K)
 Metaspace       used 25833K, committed 26240K, reserved 1114112K
  class space    used 3198K, committed 3392K, reserved 1048576K
}
Event: 21.412 GC heap after
{Heap after GC invocations=5 (full 0):
 garbage-first heap   total 51200K, used 15638K [0x0000000084200000, 0x0000000100000000)
  region size 1024K, 3 young (3072K), 3 survivors (3072K)
 Metaspace       used 25833K, committed 26240K, reserved 1114112K
  class space    used 3198K, committed 3392K, reserved 1048576K
}
Event: 21.555 GC heap before
{Heap before GC invocations=5 (full 0):
 garbage-first heap   total 51200K, used 16662K [0x0000000084200000, 0x0000000100000000)
  region size 1024K, 4 young (4096K), 3 survivors (3072K)
 Metaspace       used 26071K, committed 26496K, reserved 1114112K
  class space    used 3225K, committed 3392K, reserved 1048576K
}
Event: 21.561 GC heap after
{Heap after GC invocations=6 (full 0):
 garbage-first heap   total 51200K, used 15877K [0x0000000084200000, 0x0000000100000000)
  region size 1024K, 1 young (1024K), 1 survivors (1024K)
 Metaspace       used 26071K, committed 26496K, reserved 1114112K
  class space    used 3225K, committed 3392K, reserved 1048576K
}
Event: 23.120 GC heap before
{Heap before GC invocations=6 (full 0):
 garbage-first heap   total 51200K, used 33285K [0x0000000084200000, 0x0000000100000000)
  region size 1024K, 19 young (19456K), 1 survivors (1024K)
 Metaspace       used 30170K, committed 30720K, reserved 1114112K
  class space    used 3727K, committed 3968K, reserved 1048576K
}
Event: 23.125 GC heap after
{Heap after GC invocations=7 (full 0):
 garbage-first heap   total 51200K, used 16831K [0x0000000084200000, 0x0000000100000000)
  region size 1024K, 2 young (2048K), 2 survivors (2048K)
 Metaspace       used 30170K, committed 30720K, reserved 1114112K
  class space    used 3727K, committed 3968K, reserved 1048576K
}
Event: 25.405 GC heap before
{Heap before GC invocations=7 (full 0):
 garbage-first heap   total 51200K, used 35263K [0x0000000084200000, 0x0000000100000000)
  region size 1024K, 21 young (21504K), 2 survivors (2048K)
 Metaspace       used 34388K, committed 34880K, reserved 1114112K
  class space    used 4394K, committed 4608K, reserved 1048576K
}
Event: 25.410 GC heap after
{Heap after GC invocations=8 (full 0):
 garbage-first heap   total 51200K, used 18840K [0x0000000084200000, 0x0000000100000000)
  region size 1024K, 3 young (3072K), 3 survivors (3072K)
 Metaspace       used 34388K, committed 34880K, reserved 1114112K
  class space    used 4394K, committed 4608K, reserved 1048576K
}
Event: 25.982 GC heap before
{Heap before GC invocations=8 (full 0):
 garbage-first heap   total 51200K, used 26008K [0x0000000084200000, 0x0000000100000000)
  region size 1024K, 11 young (11264K), 3 survivors (3072K)
 Metaspace       used 35575K, committed 36096K, reserved 1114112K
  class space    used 4544K, committed 4800K, reserved 1048576K
}
Event: 25.990 GC heap after
{Heap after GC invocations=9 (full 0):
 garbage-first heap   total 51200K, used 20027K [0x0000000084200000, 0x0000000100000000)
  region size 1024K, 2 young (2048K), 2 survivors (2048K)
 Metaspace       used 35575K, committed 36096K, reserved 1114112K
  class space    used 4544K, committed 4800K, reserved 1048576K
}
Event: 38.567 GC heap before
{Heap before GC invocations=10 (full 0):
 garbage-first heap   total 51200K, used 36411K [0x0000000084200000, 0x0000000100000000)
  region size 1024K, 19 young (19456K), 2 survivors (2048K)
 Metaspace       used 38876K, committed 39488K, reserved 1114112K
  class space    used 4978K, committed 5248K, reserved 1048576K
}
Event: 38.575 GC heap after
{Heap after GC invocations=11 (full 0):
 garbage-first heap   total 51200K, used 21578K [0x0000000084200000, 0x0000000100000000)
  region size 1024K, 3 young (3072K), 3 survivors (3072K)
 Metaspace       used 38876K, committed 39488K, reserved 1114112K
  class space    used 4978K, committed 5248K, reserved 1048576K
}
Event: 38.760 GC heap before
{Heap before GC invocations=11 (full 0):
 garbage-first heap   total 51200K, used 22602K [0x0000000084200000, 0x0000000100000000)
  region size 1024K, 4 young (4096K), 3 survivors (3072K)
 Metaspace       used 39145K, committed 39744K, reserved 1114112K
  class space    used 5014K, committed 5312K, reserved 1048576K
}
Event: 38.766 GC heap after
{Heap after GC invocations=12 (full 0):
 garbage-first heap   total 51200K, used 21523K [0x0000000084200000, 0x0000000100000000)
  region size 1024K, 1 young (1024K), 1 survivors (1024K)
 Metaspace       used 39145K, committed 39744K, reserved 1114112K
  class space    used 5014K, committed 5312K, reserved 1048576K
}
Event: 40.756 GC heap before
{Heap before GC invocations=12 (full 0):
 garbage-first heap   total 51200K, used 36883K [0x0000000084200000, 0x0000000100000000)
  region size 1024K, 17 young (17408K), 1 survivors (1024K)
 Metaspace       used 42600K, committed 43264K, reserved 1114112K
  class space    used 5417K, committed 5696K, reserved 1048576K
}
Event: 40.761 GC heap after
{Heap after GC invocations=13 (full 0):
 garbage-first heap   total 51200K, used 22812K [0x0000000084200000, 0x0000000100000000)
  region size 1024K, 2 young (2048K), 2 survivors (2048K)
 Metaspace       used 42600K, committed 43264K, reserved 1114112K
  class space    used 5417K, committed 5696K, reserved 1048576K
}
Event: 90.642 GC heap before
{Heap before GC invocations=13 (full 0):
 garbage-first heap   total 51200K, used 39196K [0x0000000084200000, 0x0000000100000000)
  region size 1024K, 18 young (18432K), 2 survivors (2048K)
 Metaspace       used 43346K, committed 43968K, reserved 1114112K
  class space    used 5424K, committed 5696K, reserved 1048576K
}
Event: 90.648 GC heap after
{Heap after GC invocations=14 (full 0):
 garbage-first heap   total 51200K, used 22918K [0x0000000084200000, 0x0000000100000000)
  region size 1024K, 1 young (1024K), 1 survivors (1024K)
 Metaspace       used 43346K, committed 43968K, reserved 1114112K
  class space    used 5424K, committed 5696K, reserved 1048576K
}

