# JRE version: OpenJDK Runtime Environment Corretto-19.0.2.7.1 (19.0.2+7) (build 19.0.2+7-FR)
# Java VM: OpenJDK 64-Bit Server VM Corretto-19.0.2.7.1 (19.0.2+7-FR, mixed mode, sharing, tiered, compressed oops, compressed class ptrs, g1 gc, windows-amd64)
GC Precious Log:
 CardTable entry size: 512
 Card Set container configuration: InlinePtr #cards 5 size 8 Array Of Cards #cards 12 size 40 Howl #buckets 4 coarsen threshold 1843 Howl Bitmap #cards 512 size 80 coarsen threshold 460 Card regions per heap region 1 cards per card region 2048
 CPUs: 8 total, 8 available
 Memory: 7926M
 Large Page Support: Disabled
 NUMA Support: Disabled
 Compressed Oops: Enabled (32-bit)
 Heap Region Size: 1M
 Heap Min Capacity: 8M
 Heap Initial Capacity: 124M
 Heap Max Capacity: 1982M
 Pre-touch: Disabled
 Parallel Workers: 8
 Concurrent Workers: 2
 Concurrent Refinement Workers: 8
 Periodic GC: Disabled
Heap:
 garbage-first heap   total 93184K, used 35206K [0x0000000084200000, 0x0000000100000000)
  region size 1024K, 15 young (15360K), 3 survivors (3072K)
 Metaspace       used 46867K, committed 47488K, reserved 1114112K
  class space    used 5669K, committed 5952K, reserved 1048576K
GC Heap History (20 events):
Event: 17.890 GC heap before
{Heap before GC invocations=12 (full 0):
 garbage-first heap   total 51200K, used 38059K [0x0000000084200000, 0x0000000100000000)
  region size 1024K, 18 young (18432K), 1 survivors (1024K)
 Metaspace       used 42496K, committed 43136K, reserved 1114112K
  class space    used 5471K, committed 5760K, reserved 1048576K
}
Event: 17.896 GC heap after
{Heap after GC invocations=13 (full 0):
 garbage-first heap   total 93184K, used 23216K [0x0000000084200000, 0x0000000100000000)
  region size 1024K, 2 young (2048K), 2 survivors (2048K)
 Metaspace       used 42496K, committed 43136K, reserved 1114112K
  class space    used 5471K, committed 5760K, reserved 1048576K
}
Event: 103.669 GC heap before
{Heap before GC invocations=13 (full 0):
 garbage-first heap   total 93184K, used 69296K [0x0000000084200000, 0x0000000100000000)
  region size 1024K, 48 young (49152K), 2 survivors (2048K)
 Metaspace       used 45283K, committed 45888K, reserved 1114112K
  class space    used 5649K, committed 5952K, reserved 1048576K
}
Event: 103.675 GC heap after
{Heap after GC invocations=14 (full 0):
 garbage-first heap   total 93184K, used 23609K [0x0000000084200000, 0x0000000100000000)
  region size 1024K, 3 young (3072K), 3 survivors (3072K)
 Metaspace       used 45283K, committed 45888K, reserved 1114112K
  class space    used 5649K, committed 5952K, reserved 1048576K
}
Event: 236.552 GC heap before
{Heap before GC invocations=14 (full 0):
 garbage-first heap   total 93184K, used 71737K [0x0000000084200000, 0x0000000100000000)
  region size 1024K, 50 young (51200K), 3 survivors (3072K)
 Metaspace       used 46554K, committed 47168K, reserved 1114112K
  class space    used 5665K, committed 5952K, reserved 1048576K
}
Event: 236.560 GC heap after
{Heap after GC invocations=15 (full 0):
 garbage-first heap   total 93184K, used 23800K [0x0000000084200000, 0x0000000100000000)
  region size 1024K, 3 young (3072K), 3 survivors (3072K)
 Metaspace       used 46554K, committed 47168K, reserved 1114112K
  class space    used 5665K, committed 5952K, reserved 1048576K
}
Event: 362.342 GC heap before
{Heap before GC invocations=15 (full 0):
 garbage-first heap   total 93184K, used 73976K [0x0000000084200000, 0x0000000100000000)
  region size 1024K, 52 young (53248K), 3 survivors (3072K)
 Metaspace       used 46739K, committed 47360K, reserved 1114112K
  class space    used 5667K, committed 5952K, reserved 1048576K
}
Event: 362.351 GC heap after
{Heap after GC invocations=16 (full 0):
 garbage-first heap   total 93184K, used 23802K [0x0000000084200000, 0x0000000100000000)
  region size 1024K, 3 young (3072K), 3 survivors (3072K)
 Metaspace       used 46739K, committed 47360K, reserved 1114112K
  class space    used 5667K, committed 5952K, reserved 1048576K
}
Event: 716.174 GC heap before
{Heap before GC invocations=16 (full 0):
 garbage-first heap   total 93184K, used 76026K [0x0000000084200000, 0x0000000100000000)
  region size 1024K, 54 young (55296K), 3 survivors (3072K)
 Metaspace       used 46802K, committed 47488K, reserved 1114112K
  class space    used 5667K, committed 5952K, reserved 1048576K
}
Event: 716.220 GC heap after
{Heap after GC invocations=17 (full 0):
 garbage-first heap   total 93184K, used 23987K [0x0000000084200000, 0x0000000100000000)
  region size 1024K, 3 young (3072K), 3 survivors (3072K)
 Metaspace       used 46802K, committed 47488K, reserved 1114112K
  class space    used 5667K, committed 5952K, reserved 1048576K
}
Event: 924.378 GC heap before
{Heap before GC invocations=17 (full 0):
 garbage-first heap   total 93184K, used 75187K [0x0000000084200000, 0x0000000100000000)
  region size 1024K, 54 young (55296K), 3 survivors (3072K)
 Metaspace       used 46814K, committed 47488K, reserved 1114112K
  class space    used 5668K, committed 5952K, reserved 1048576K
}
Event: 924.486 GC heap after
{Heap after GC invocations=18 (full 0):
 garbage-first heap   total 93184K, used 23869K [0x0000000084200000, 0x0000000100000000)
  region size 1024K, 3 young (3072K), 3 survivors (3072K)
 Metaspace       used 46814K, committed 47488K, reserved 1114112K
  class space    used 5668K, committed 5952K, reserved 1048576K
}
Event: 1065.621 GC heap before
{Heap before GC invocations=18 (full 0):
 garbage-first heap   total 93184K, used 76093K [0x0000000084200000, 0x0000000100000000)
  region size 1024K, 54 young (55296K), 3 survivors (3072K)
 Metaspace       used 46837K, committed 47488K, reserved 1114112K
  class space    used 5668K, committed 5952K, reserved 1048576K
}
Event: 1065.770 GC heap after
{Heap after GC invocations=19 (full 0):
 garbage-first heap   total 93184K, used 23923K [0x0000000084200000, 0x0000000100000000)
  region size 1024K, 3 young (3072K), 3 survivors (3072K)
 Metaspace       used 46837K, committed 47488K, reserved 1114112K
  class space    used 5668K, committed 5952K, reserved 1048576K
}
Event: 1187.753 GC heap before
{Heap before GC invocations=19 (full 0):
 garbage-first heap   total 93184K, used 76147K [0x0000000084200000, 0x0000000100000000)
  region size 1024K, 54 young (55296K), 3 survivors (3072K)
 Metaspace       used 46842K, committed 47488K, reserved 1114112K
  class space    used 5668K, committed 5952K, reserved 1048576K
}
Event: 1187.837 GC heap after
{Heap after GC invocations=20 (full 0):
 garbage-first heap   total 93184K, used 23894K [0x0000000084200000, 0x0000000100000000)
  region size 1024K, 3 young (3072K), 3 survivors (3072K)
 Metaspace       used 46842K, committed 47488K, reserved 1114112K
  class space    used 5668K, committed 5952K, reserved 1048576K
}
Event: 1710.009 GC heap before
{Heap before GC invocations=20 (full 0):
 garbage-first heap   total 93184K, used 76118K [0x0000000084200000, 0x0000000100000000)
  region size 1024K, 54 young (55296K), 3 survivors (3072K)
 Metaspace       used 46851K, committed 47488K, reserved 1114112K
  class space    used 5669K, committed 5952K, reserved 1048576K
}
Event: 1710.143 GC heap after
{Heap after GC invocations=21 (full 0):
 garbage-first heap   total 93184K, used 23881K [0x0000000084200000, 0x0000000100000000)
  region size 1024K, 3 young (3072K), 3 survivors (3072K)
 Metaspace       used 46851K, committed 47488K, reserved 1114112K
  class space    used 5669K, committed 5952K, reserved 1048576K
}
Event: 2236.694 GC heap before
{Heap before GC invocations=21 (full 0):
 garbage-first heap   total 93184K, used 75081K [0x0000000084200000, 0x0000000100000000)
  region size 1024K, 54 young (55296K), 3 survivors (3072K)
 Metaspace       used 46865K, committed 47488K, reserved 1114112K
  class space    used 5669K, committed 5952K, reserved 1048576K
}
Event: 2236.817 GC heap after
{Heap after GC invocations=22 (full 0):
 garbage-first heap   total 93184K, used 23942K [0x0000000084200000, 0x0000000100000000)
  region size 1024K, 3 young (3072K), 3 survivors (3072K)
 Metaspace       used 46865K, committed 47488K, reserved 1114112K
  class space    used 5669K, committed 5952K, reserved 1048576K
}

