# JRE version: OpenJDK Runtime Environment Corretto-19.0.2.7.1 (19.0.2+7) (build 19.0.2+7-FR)
# Java VM: OpenJDK 64-Bit Server VM Corretto-19.0.2.7.1 (19.0.2+7-FR, mixed mode, sharing, tiered, compressed oops, compressed class ptrs, g1 gc, windows-amd64)
GC Precious Log:
 CardTable entry size: 512
 Card Set container configuration: InlinePtr #cards 5 size 8 Array Of Cards #cards 12 size 40 Howl #buckets 4 coarsen threshold 1843 Howl Bitmap #cards 512 size 80 coarsen threshold 460 Card regions per heap region 1 cards per card region 2048
 CPUs: 8 total, 8 available
 Memory: 7926M
 Large Page Support: Disabled
 NUMA Support: Disabled
 Compressed Oops: Enabled (32-bit)
 Heap Region Size: 1M
 Heap Min Capacity: 8M
 Heap Initial Capacity: 124M
 Heap Max Capacity: 1982M
 Pre-touch: Disabled
 Parallel Workers: 8
 Concurrent Workers: 2
 Concurrent Refinement Workers: 8
 Periodic GC: Disabled
Heap:
 garbage-first heap   total 93184K, used 29250K [0x0000000084200000, 0x0000000100000000)
  region size 1024K, 9 young (9216K), 2 survivors (2048K)
 Metaspace       used 43033K, committed 43648K, reserved 1114112K
  class space    used 5469K, committed 5760K, reserved 1048576K
GC Heap History (20 events):
Event: 2.011 GC heap before
{Heap before GC invocations=1 (full 0):
 garbage-first heap   total 126976K, used 35403K [0x0000000084200000, 0x0000000100000000)
  region size 1024K, 32 young (32768K), 3 survivors (3072K)
 Metaspace       used 13136K, committed 13504K, reserved 1114112K
  class space    used 1549K, committed 1728K, reserved 1048576K
}
Event: 2.018 GC heap after
{Heap after GC invocations=2 (full 0):
 garbage-first heap   total 126976K, used 9569K [0x0000000084200000, 0x0000000100000000)
  region size 1024K, 3 young (3072K), 3 survivors (3072K)
 Metaspace       used 13136K, committed 13504K, reserved 1114112K
  class space    used 1549K, committed 1728K, reserved 1048576K
}
Event: 3.097 GC heap before
{Heap before GC invocations=2 (full 0):
 garbage-first heap   total 126976K, used 54625K [0x0000000084200000, 0x0000000100000000)
  region size 1024K, 49 young (50176K), 3 survivors (3072K)
 Metaspace       used 21124K, committed 21504K, reserved 1114112K
  class space    used 2548K, committed 2752K, reserved 1048576K
}
Event: 3.105 GC heap after
{Heap after GC invocations=3 (full 0):
 garbage-first heap   total 126976K, used 13297K [0x0000000084200000, 0x0000000100000000)
  region size 1024K, 7 young (7168K), 7 survivors (7168K)
 Metaspace       used 21124K, committed 21504K, reserved 1114112K
  class space    used 2548K, committed 2752K, reserved 1048576K
}
Event: 3.802 GC heap before
{Heap before GC invocations=4 (full 0):
 garbage-first heap   total 51200K, used 36849K [0x0000000084200000, 0x0000000100000000)
  region size 1024K, 30 young (30720K), 7 survivors (7168K)
 Metaspace       used 25754K, committed 26240K, reserved 1114112K
  class space    used 3194K, committed 3392K, reserved 1048576K
}
Event: 3.810 GC heap after
{Heap after GC invocations=5 (full 0):
 garbage-first heap   total 51200K, used 15698K [0x0000000084200000, 0x0000000100000000)
  region size 1024K, 3 young (3072K), 3 survivors (3072K)
 Metaspace       used 25754K, committed 26240K, reserved 1114112K
  class space    used 3194K, committed 3392K, reserved 1048576K
}
Event: 3.838 GC heap before
{Heap before GC invocations=5 (full 0):
 garbage-first heap   total 51200K, used 16722K [0x0000000084200000, 0x0000000100000000)
  region size 1024K, 4 young (4096K), 3 survivors (3072K)
 Metaspace       used 25969K, committed 26368K, reserved 1114112K
  class space    used 3217K, committed 3392K, reserved 1048576K
}
Event: 3.841 GC heap after
{Heap after GC invocations=6 (full 0):
 garbage-first heap   total 51200K, used 16293K [0x0000000084200000, 0x0000000100000000)
  region size 1024K, 1 young (1024K), 1 survivors (1024K)
 Metaspace       used 25969K, committed 26368K, reserved 1114112K
  class space    used 3217K, committed 3392K, reserved 1048576K
}
Event: 4.360 GC heap before
{Heap before GC invocations=6 (full 0):
 garbage-first heap   total 51200K, used 33701K [0x0000000084200000, 0x0000000100000000)
  region size 1024K, 19 young (19456K), 1 survivors (1024K)
 Metaspace       used 30126K, committed 30656K, reserved 1114112K
  class space    used 3721K, committed 3968K, reserved 1048576K
}
Event: 4.364 GC heap after
{Heap after GC invocations=7 (full 0):
 garbage-first heap   total 51200K, used 17180K [0x0000000084200000, 0x0000000100000000)
  region size 1024K, 2 young (2048K), 2 survivors (2048K)
 Metaspace       used 30126K, committed 30656K, reserved 1114112K
  class space    used 3721K, committed 3968K, reserved 1048576K
}
Event: 4.847 GC heap before
{Heap before GC invocations=7 (full 0):
 garbage-first heap   total 51200K, used 34588K [0x0000000084200000, 0x0000000100000000)
  region size 1024K, 20 young (20480K), 2 survivors (2048K)
 Metaspace       used 34144K, committed 34688K, reserved 1114112K
  class space    used 4357K, committed 4608K, reserved 1048576K
}
Event: 4.850 GC heap after
{Heap after GC invocations=8 (full 0):
 garbage-first heap   total 51200K, used 19035K [0x0000000084200000, 0x0000000100000000)
  region size 1024K, 3 young (3072K), 3 survivors (3072K)
 Metaspace       used 34144K, committed 34688K, reserved 1114112K
  class space    used 4357K, committed 4608K, reserved 1048576K
}
Event: 5.043 GC heap before
{Heap before GC invocations=8 (full 0):
 garbage-first heap   total 51200K, used 26203K [0x0000000084200000, 0x0000000100000000)
  region size 1024K, 11 young (11264K), 3 survivors (3072K)
 Metaspace       used 35431K, committed 35968K, reserved 1114112K
  class space    used 4526K, committed 4800K, reserved 1048576K
}
Event: 5.047 GC heap after
{Heap after GC invocations=9 (full 0):
 garbage-first heap   total 51200K, used 20168K [0x0000000084200000, 0x0000000100000000)
  region size 1024K, 2 young (2048K), 2 survivors (2048K)
 Metaspace       used 35431K, committed 35968K, reserved 1114112K
  class space    used 4526K, committed 4800K, reserved 1048576K
}
Event: 17.986 GC heap before
{Heap before GC invocations=10 (full 0):
 garbage-first heap   total 51200K, used 36552K [0x0000000084200000, 0x0000000100000000)
  region size 1024K, 19 young (19456K), 2 survivors (2048K)
 Metaspace       used 38482K, committed 39104K, reserved 1114112K
  class space    used 4943K, committed 5248K, reserved 1048576K
}
Event: 17.989 GC heap after
{Heap after GC invocations=11 (full 0):
 garbage-first heap   total 51200K, used 21748K [0x0000000084200000, 0x0000000100000000)
  region size 1024K, 3 young (3072K), 3 survivors (3072K)
 Metaspace       used 38482K, committed 39104K, reserved 1114112K
  class space    used 4943K, committed 5248K, reserved 1048576K
}
Event: 18.010 GC heap before
{Heap before GC invocations=11 (full 0):
 garbage-first heap   total 51200K, used 22772K [0x0000000084200000, 0x0000000100000000)
  region size 1024K, 4 young (4096K), 3 survivors (3072K)
 Metaspace       used 38815K, committed 39424K, reserved 1114112K
  class space    used 4973K, committed 5248K, reserved 1048576K
}
Event: 18.014 GC heap after
{Heap after GC invocations=12 (full 0):
 garbage-first heap   total 51200K, used 21734K [0x0000000084200000, 0x0000000100000000)
  region size 1024K, 1 young (1024K), 1 survivors (1024K)
 Metaspace       used 38815K, committed 39424K, reserved 1114112K
  class space    used 4973K, committed 5248K, reserved 1048576K
}
Event: 18.564 GC heap before
{Heap before GC invocations=12 (full 0):
 garbage-first heap   total 51200K, used 38118K [0x0000000084200000, 0x0000000100000000)
  region size 1024K, 18 young (18432K), 1 survivors (1024K)
 Metaspace       used 42541K, committed 43200K, reserved 1114112K
  class space    used 5469K, committed 5760K, reserved 1048576K
}
Event: 18.567 GC heap after
{Heap after GC invocations=13 (full 0):
 garbage-first heap   total 93184K, used 23106K [0x0000000084200000, 0x0000000100000000)
  region size 1024K, 2 young (2048K), 2 survivors (2048K)
 Metaspace       used 42541K, committed 43200K, reserved 1114112K
  class space    used 5469K, committed 5760K, reserved 1048576K
}

