# JRE version: OpenJDK Runtime Environment Corretto-19.0.2.7.1 (19.0.2+7) (build 19.0.2+7-FR)
# Java VM: OpenJDK 64-Bit Server VM Corretto-19.0.2.7.1 (19.0.2+7-FR, mixed mode, sharing, tiered, compressed oops, compressed class ptrs, g1 gc, windows-amd64)
GC Precious Log:
 CardTable entry size: 512
 Card Set container configuration: InlinePtr #cards 5 size 8 Array Of Cards #cards 12 size 40 Howl #buckets 4 coarsen threshold 1843 Howl Bitmap #cards 512 size 80 coarsen threshold 460 Card regions per heap region 1 cards per card region 2048
 CPUs: 8 total, 8 available
 Memory: 7926M
 Large Page Support: Disabled
 NUMA Support: Disabled
 Compressed Oops: Enabled (32-bit)
 Heap Region Size: 1M
 Heap Min Capacity: 8M
 Heap Initial Capacity: 124M
 Heap Max Capacity: 1982M
 Pre-touch: Disabled
 Parallel Workers: 8
 Concurrent Workers: 2
 Concurrent Refinement Workers: 8
 Periodic GC: Disabled
Heap:
 garbage-first heap   total 54272K, used 34693K [0x0000000084200000, 0x0000000100000000)
  region size 1024K, 16 young (16384K), 1 survivors (1024K)
 Metaspace       used 44907K, committed 45504K, reserved 1114112K
  class space    used 5402K, committed 5696K, reserved 1048576K
GC Heap History (20 events):
Event: 16.565 GC heap before
{Heap before GC invocations=16 (full 0):
 garbage-first heap   total 45056K, used 34929K [0x0000000084200000, 0x0000000100000000)
  region size 1024K, 15 young (15360K), 1 survivors (1024K)
 Metaspace       used 43446K, committed 44096K, reserved 1114112K
  class space    used 5395K, committed 5696K, reserved 1048576K
}
Event: 16.567 GC heap after
{Heap after GC invocations=17 (full 0):
 garbage-first heap   total 54272K, used 20523K [0x0000000084200000, 0x0000000100000000)
  region size 1024K, 1 young (1024K), 1 survivors (1024K)
 Metaspace       used 43446K, committed 44096K, reserved 1114112K
  class space    used 5395K, committed 5696K, reserved 1048576K
}
Event: 18.692 GC heap before
{Heap before GC invocations=18 (full 0):
 garbage-first heap   total 54272K, used 42027K [0x0000000084200000, 0x0000000100000000)
  region size 1024K, 22 young (22528K), 1 survivors (1024K)
 Metaspace       used 44494K, committed 45120K, reserved 1114112K
  class space    used 5398K, committed 5696K, reserved 1048576K
}
Event: 18.694 GC heap after
{Heap after GC invocations=19 (full 0):
 garbage-first heap   total 54272K, used 20514K [0x0000000084200000, 0x0000000100000000)
  region size 1024K, 1 young (1024K), 1 survivors (1024K)
 Metaspace       used 44494K, committed 45120K, reserved 1114112K
  class space    used 5398K, committed 5696K, reserved 1048576K
}
Event: 18.758 GC heap before
{Heap before GC invocations=19 (full 0):
 garbage-first heap   total 54272K, used 21538K [0x0000000084200000, 0x0000000100000000)
  region size 1024K, 2 young (2048K), 1 survivors (1024K)
 Metaspace       used 44494K, committed 45120K, reserved 1114112K
  class space    used 5398K, committed 5696K, reserved 1048576K
}
Event: 18.762 GC heap after
{Heap after GC invocations=20 (full 0):
 garbage-first heap   total 54272K, used 20293K [0x0000000084200000, 0x0000000100000000)
  region size 1024K, 1 young (1024K), 1 survivors (1024K)
 Metaspace       used 44494K, committed 45120K, reserved 1114112K
  class space    used 5398K, committed 5696K, reserved 1048576K
}
Event: 20.408 GC heap before
{Heap before GC invocations=20 (full 0):
 garbage-first heap   total 54272K, used 41797K [0x0000000084200000, 0x0000000100000000)
  region size 1024K, 23 young (23552K), 1 survivors (1024K)
 Metaspace       used 44546K, committed 45184K, reserved 1114112K
  class space    used 5399K, committed 5696K, reserved 1048576K
}
Event: 20.412 GC heap after
{Heap after GC invocations=21 (full 0):
 garbage-first heap   total 54272K, used 20292K [0x0000000084200000, 0x0000000100000000)
  region size 1024K, 1 young (1024K), 1 survivors (1024K)
 Metaspace       used 44546K, committed 45184K, reserved 1114112K
  class space    used 5399K, committed 5696K, reserved 1048576K
}
Event: 48.057 GC heap before
{Heap before GC invocations=21 (full 0):
 garbage-first heap   total 54272K, used 43844K [0x0000000084200000, 0x0000000100000000)
  region size 1024K, 24 young (24576K), 1 survivors (1024K)
 Metaspace       used 44614K, committed 45248K, reserved 1114112K
  class space    used 5400K, committed 5696K, reserved 1048576K
}
Event: 48.061 GC heap after
{Heap after GC invocations=22 (full 0):
 garbage-first heap   total 54272K, used 20296K [0x0000000084200000, 0x0000000100000000)
  region size 1024K, 1 young (1024K), 1 survivors (1024K)
 Metaspace       used 44614K, committed 45248K, reserved 1114112K
  class space    used 5400K, committed 5696K, reserved 1048576K
}
Event: 55.212 GC heap before
{Heap before GC invocations=22 (full 0):
 garbage-first heap   total 54272K, used 43848K [0x0000000084200000, 0x0000000100000000)
  region size 1024K, 24 young (24576K), 1 survivors (1024K)
 Metaspace       used 44786K, committed 45440K, reserved 1114112K
  class space    used 5400K, committed 5696K, reserved 1048576K
}
Event: 55.215 GC heap after
{Heap after GC invocations=23 (full 0):
 garbage-first heap   total 54272K, used 20328K [0x0000000084200000, 0x0000000100000000)
  region size 1024K, 1 young (1024K), 1 survivors (1024K)
 Metaspace       used 44786K, committed 45440K, reserved 1114112K
  class space    used 5400K, committed 5696K, reserved 1048576K
}
Event: 57.287 GC heap before
{Heap before GC invocations=23 (full 0):
 garbage-first heap   total 54272K, used 44904K [0x0000000084200000, 0x0000000100000000)
  region size 1024K, 25 young (25600K), 1 survivors (1024K)
 Metaspace       used 44835K, committed 45504K, reserved 1114112K
  class space    used 5401K, committed 5696K, reserved 1048576K
}
Event: 57.291 GC heap after
{Heap after GC invocations=24 (full 0):
 garbage-first heap   total 54272K, used 20336K [0x0000000084200000, 0x0000000100000000)
  region size 1024K, 1 young (1024K), 1 survivors (1024K)
 Metaspace       used 44835K, committed 45504K, reserved 1114112K
  class space    used 5401K, committed 5696K, reserved 1048576K
}
Event: 59.267 GC heap before
{Heap before GC invocations=24 (full 0):
 garbage-first heap   total 54272K, used 44912K [0x0000000084200000, 0x0000000100000000)
  region size 1024K, 25 young (25600K), 1 survivors (1024K)
 Metaspace       used 44878K, committed 45504K, reserved 1114112K
  class space    used 5402K, committed 5696K, reserved 1048576K
}
Event: 59.270 GC heap after
{Heap after GC invocations=25 (full 0):
 garbage-first heap   total 54272K, used 20351K [0x0000000084200000, 0x0000000100000000)
  region size 1024K, 1 young (1024K), 1 survivors (1024K)
 Metaspace       used 44878K, committed 45504K, reserved 1114112K
  class space    used 5402K, committed 5696K, reserved 1048576K
}
Event: 61.259 GC heap before
{Heap before GC invocations=25 (full 0):
 garbage-first heap   total 54272K, used 44927K [0x0000000084200000, 0x0000000100000000)
  region size 1024K, 25 young (25600K), 1 survivors (1024K)
 Metaspace       used 44905K, committed 45504K, reserved 1114112K
  class space    used 5402K, committed 5696K, reserved 1048576K
}
Event: 61.264 GC heap after
{Heap after GC invocations=26 (full 0):
 garbage-first heap   total 54272K, used 20346K [0x0000000084200000, 0x0000000100000000)
  region size 1024K, 1 young (1024K), 1 survivors (1024K)
 Metaspace       used 44905K, committed 45504K, reserved 1114112K
  class space    used 5402K, committed 5696K, reserved 1048576K
}
Event: 63.196 GC heap before
{Heap before GC invocations=26 (full 0):
 garbage-first heap   total 54272K, used 44922K [0x0000000084200000, 0x0000000100000000)
  region size 1024K, 25 young (25600K), 1 survivors (1024K)
 Metaspace       used 44907K, committed 45504K, reserved 1114112K
  class space    used 5402K, committed 5696K, reserved 1048576K
}
Event: 63.202 GC heap after
{Heap after GC invocations=27 (full 0):
 garbage-first heap   total 54272K, used 20357K [0x0000000084200000, 0x0000000100000000)
  region size 1024K, 1 young (1024K), 1 survivors (1024K)
 Metaspace       used 44907K, committed 45504K, reserved 1114112K
  class space    used 5402K, committed 5696K, reserved 1048576K
}

