# JRE version: OpenJDK Runtime Environment Corretto-19.0.2.7.1 (19.0.2+7) (build 19.0.2+7-FR)
# Java VM: OpenJDK 64-Bit Server VM Corretto-19.0.2.7.1 (19.0.2+7-FR, mixed mode, sharing, tiered, compressed oops, compressed class ptrs, g1 gc, windows-amd64)
GC Precious Log:
 CardTable entry size: 512
 Card Set container configuration: InlinePtr #cards 5 size 8 Array Of Cards #cards 12 size 40 Howl #buckets 4 coarsen threshold 1843 Howl Bitmap #cards 512 size 80 coarsen threshold 460 Card regions per heap region 1 cards per card region 2048
 CPUs: 8 total, 8 available
 Memory: 7926M
 Large Page Support: Disabled
 NUMA Support: Disabled
 Compressed Oops: Enabled (32-bit)
 Heap Region Size: 1M
 Heap Min Capacity: 8M
 Heap Initial Capacity: 124M
 Heap Max Capacity: 1982M
 Pre-touch: Disabled
 Parallel Workers: 8
 Concurrent Workers: 2
 Concurrent Refinement Workers: 8
 Periodic GC: Disabled
Heap:
 garbage-first heap   total 72704K, used 44713K [0x0000000084200000, 0x0000000100000000)
  region size 1024K, 22 young (22528K), 2 survivors (2048K)
 Metaspace       used 47319K, committed 48000K, reserved 1114112K
  class space    used 5963K, committed 6272K, reserved 1048576K
GC Heap History (20 events):
Event: 3.736 GC heap before
{Heap before GC invocations=2 (full 0):
 garbage-first heap   total 126976K, used 56855K [0x0000000084200000, 0x0000000100000000)
  region size 1024K, 51 young (52224K), 3 survivors (3072K)
 Metaspace       used 21120K, committed 21504K, reserved 1114112K
  class space    used 2551K, committed 2752K, reserved 1048576K
}
Event: 3.744 GC heap after
{Heap after GC invocations=3 (full 0):
 garbage-first heap   total 126976K, used 13629K [0x0000000084200000, 0x0000000100000000)
  region size 1024K, 7 young (7168K), 7 survivors (7168K)
 Metaspace       used 21120K, committed 21504K, reserved 1114112K
  class space    used 2551K, committed 2752K, reserved 1048576K
}
Event: 4.548 GC heap before
{Heap before GC invocations=4 (full 0):
 garbage-first heap   total 51200K, used 37181K [0x0000000084200000, 0x0000000100000000)
  region size 1024K, 30 young (30720K), 7 survivors (7168K)
 Metaspace       used 25445K, committed 25920K, reserved 1114112K
  class space    used 3120K, committed 3328K, reserved 1048576K
}
Event: 4.556 GC heap after
{Heap after GC invocations=5 (full 0):
 garbage-first heap   total 51200K, used 15860K [0x0000000084200000, 0x0000000100000000)
  region size 1024K, 3 young (3072K), 3 survivors (3072K)
 Metaspace       used 25445K, committed 25920K, reserved 1114112K
  class space    used 3120K, committed 3328K, reserved 1048576K
}
Event: 4.577 GC heap before
{Heap before GC invocations=5 (full 0):
 garbage-first heap   total 51200K, used 16884K [0x0000000084200000, 0x0000000100000000)
  region size 1024K, 4 young (4096K), 3 survivors (3072K)
 Metaspace       used 25579K, committed 26048K, reserved 1114112K
  class space    used 3155K, committed 3392K, reserved 1048576K
}
Event: 4.581 GC heap after
{Heap after GC invocations=6 (full 0):
 garbage-first heap   total 51200K, used 15933K [0x0000000084200000, 0x0000000100000000)
  region size 1024K, 1 young (1024K), 1 survivors (1024K)
 Metaspace       used 25579K, committed 26048K, reserved 1114112K
  class space    used 3155K, committed 3392K, reserved 1048576K
}
Event: 5.294 GC heap before
{Heap before GC invocations=6 (full 0):
 garbage-first heap   total 51200K, used 34365K [0x0000000084200000, 0x0000000100000000)
  region size 1024K, 20 young (20480K), 1 survivors (1024K)
 Metaspace       used 29802K, committed 30272K, reserved 1114112K
  class space    used 3682K, committed 3904K, reserved 1048576K
}
Event: 5.296 GC heap after
{Heap after GC invocations=7 (full 0):
 garbage-first heap   total 51200K, used 17384K [0x0000000084200000, 0x0000000100000000)
  region size 1024K, 2 young (2048K), 2 survivors (2048K)
 Metaspace       used 29802K, committed 30272K, reserved 1114112K
  class space    used 3682K, committed 3904K, reserved 1048576K
}
Event: 5.865 GC heap before
{Heap before GC invocations=7 (full 0):
 garbage-first heap   total 51200K, used 36840K [0x0000000084200000, 0x0000000100000000)
  region size 1024K, 21 young (21504K), 2 survivors (2048K)
 Metaspace       used 34315K, committed 34880K, reserved 1114112K
  class space    used 4333K, committed 4608K, reserved 1048576K
}
Event: 5.869 GC heap after
{Heap after GC invocations=8 (full 0):
 garbage-first heap   total 51200K, used 19227K [0x0000000084200000, 0x0000000100000000)
  region size 1024K, 2 young (2048K), 2 survivors (2048K)
 Metaspace       used 34315K, committed 34880K, reserved 1114112K
  class space    used 4333K, committed 4608K, reserved 1048576K
}
Event: 6.018 GC heap before
{Heap before GC invocations=8 (full 0):
 garbage-first heap   total 51200K, used 24347K [0x0000000084200000, 0x0000000100000000)
  region size 1024K, 8 young (8192K), 2 survivors (2048K)
 Metaspace       used 35483K, committed 35968K, reserved 1114112K
  class space    used 4515K, committed 4736K, reserved 1048576K
}
Event: 6.021 GC heap after
{Heap after GC invocations=9 (full 0):
 garbage-first heap   total 51200K, used 19872K [0x0000000084200000, 0x0000000100000000)
  region size 1024K, 1 young (1024K), 1 survivors (1024K)
 Metaspace       used 35483K, committed 35968K, reserved 1114112K
  class space    used 4515K, committed 4736K, reserved 1048576K
}
Event: 6.530 GC heap before
{Heap before GC invocations=10 (full 0):
 garbage-first heap   total 51200K, used 37280K [0x0000000084200000, 0x0000000100000000)
  region size 1024K, 19 young (19456K), 1 survivors (1024K)
 Metaspace       used 38101K, committed 38656K, reserved 1114112K
  class space    used 4866K, committed 5120K, reserved 1048576K
}
Event: 6.534 GC heap after
{Heap after GC invocations=11 (full 0):
 garbage-first heap   total 72704K, used 21912K [0x0000000084200000, 0x0000000100000000)
  region size 1024K, 3 young (3072K), 3 survivors (3072K)
 Metaspace       used 38101K, committed 38656K, reserved 1114112K
  class space    used 4866K, committed 5120K, reserved 1048576K
}
Event: 6.555 GC heap before
{Heap before GC invocations=11 (full 0):
 garbage-first heap   total 72704K, used 22936K [0x0000000084200000, 0x0000000100000000)
  region size 1024K, 4 young (4096K), 3 survivors (3072K)
 Metaspace       used 38278K, committed 38784K, reserved 1114112K
  class space    used 4884K, committed 5120K, reserved 1048576K
}
Event: 6.558 GC heap after
{Heap after GC invocations=12 (full 0):
 garbage-first heap   total 72704K, used 21947K [0x0000000084200000, 0x0000000100000000)
  region size 1024K, 1 young (1024K), 1 survivors (1024K)
 Metaspace       used 38278K, committed 38784K, reserved 1114112K
  class space    used 4884K, committed 5120K, reserved 1048576K
}
Event: 20.233 GC heap before
{Heap before GC invocations=12 (full 0):
 garbage-first heap   total 72704K, used 51643K [0x0000000084200000, 0x0000000100000000)
  region size 1024K, 31 young (31744K), 1 survivors (1024K)
 Metaspace       used 44082K, committed 44672K, reserved 1114112K
  class space    used 5732K, committed 6016K, reserved 1048576K
}
Event: 20.238 GC heap after
{Heap after GC invocations=13 (full 0):
 garbage-first heap   total 72704K, used 24444K [0x0000000084200000, 0x0000000100000000)
  region size 1024K, 3 young (3072K), 3 survivors (3072K)
 Metaspace       used 44082K, committed 44672K, reserved 1114112K
  class space    used 5732K, committed 6016K, reserved 1048576K
}
Event: 23.579 GC heap before
{Heap before GC invocations=13 (full 0):
 garbage-first heap   total 72704K, used 54140K [0x0000000084200000, 0x0000000100000000)
  region size 1024K, 32 young (32768K), 3 survivors (3072K)
 Metaspace       used 46645K, committed 47360K, reserved 1114112K
  class space    used 5962K, committed 6272K, reserved 1048576K
}
Event: 23.583 GC heap after
{Heap after GC invocations=14 (full 0):
 garbage-first heap   total 72704K, used 25257K [0x0000000084200000, 0x0000000100000000)
  region size 1024K, 2 young (2048K), 2 survivors (2048K)
 Metaspace       used 46645K, committed 47360K, reserved 1114112K
  class space    used 5962K, committed 6272K, reserved 1048576K
}

