# JRE version: OpenJDK Runtime Environment Corretto-19.0.2.7.1 (19.0.2+7) (build 19.0.2+7-FR)
# Java VM: OpenJDK 64-Bit Server VM Corretto-19.0.2.7.1 (19.0.2+7-FR, mixed mode, sharing, tiered, compressed oops, compressed class ptrs, g1 gc, windows-amd64)
GC Precious Log:
 CardTable entry size: 512
 Card Set container configuration: InlinePtr #cards 5 size 8 Array Of Cards #cards 12 size 40 Howl #buckets 4 coarsen threshold 1843 Howl Bitmap #cards 512 size 80 coarsen threshold 460 Card regions per heap region 1 cards per card region 2048
 CPUs: 8 total, 8 available
 Memory: 7926M
 Large Page Support: Disabled
 NUMA Support: Disabled
 Compressed Oops: Enabled (32-bit)
 Heap Region Size: 1M
 Heap Min Capacity: 8M
 Heap Initial Capacity: 124M
 Heap Max Capacity: 1982M
 Pre-touch: Disabled
 Parallel Workers: 8
 Concurrent Workers: 2
 Concurrent Refinement Workers: 8
 Periodic GC: Disabled
Heap:
 garbage-first heap   total 82944K, used 58657K [0x0000000084200000, 0x0000000100000000)
  region size 1024K, 38 young (38912K), 2 survivors (2048K)
 Metaspace       used 46494K, committed 47168K, reserved 1114112K
  class space    used 5956K, committed 6272K, reserved 1048576K
GC Heap History (20 events):
Event: 2.335 GC heap before
{Heap before GC invocations=1 (full 0):
 garbage-first heap   total 126976K, used 35259K [0x0000000084200000, 0x0000000100000000)
  region size 1024K, 32 young (32768K), 3 survivors (3072K)
 Metaspace       used 13178K, committed 13504K, reserved 1114112K
  class space    used 1555K, committed 1728K, reserved 1048576K
}
Event: 2.342 GC heap after
{Heap after GC invocations=2 (full 0):
 garbage-first heap   total 126976K, used 9582K [0x0000000084200000, 0x0000000100000000)
  region size 1024K, 3 young (3072K), 3 survivors (3072K)
 Metaspace       used 13178K, committed 13504K, reserved 1114112K
  class space    used 1555K, committed 1728K, reserved 1048576K
}
Event: 3.563 GC heap before
{Heap before GC invocations=2 (full 0):
 garbage-first heap   total 126976K, used 55662K [0x0000000084200000, 0x0000000100000000)
  region size 1024K, 49 young (50176K), 3 survivors (3072K)
 Metaspace       used 21036K, committed 21440K, reserved 1114112K
  class space    used 2542K, committed 2752K, reserved 1048576K
}
Event: 3.570 GC heap after
{Heap after GC invocations=3 (full 0):
 garbage-first heap   total 126976K, used 13197K [0x0000000084200000, 0x0000000100000000)
  region size 1024K, 7 young (7168K), 7 survivors (7168K)
 Metaspace       used 21036K, committed 21440K, reserved 1114112K
  class space    used 2542K, committed 2752K, reserved 1048576K
}
Event: 3.601 GC heap before
{Heap before GC invocations=3 (full 0):
 garbage-first heap   total 126976K, used 14221K [0x0000000084200000, 0x0000000100000000)
  region size 1024K, 9 young (9216K), 7 survivors (7168K)
 Metaspace       used 21123K, committed 21504K, reserved 1114112K
  class space    used 2556K, committed 2752K, reserved 1048576K
}
Event: 3.607 GC heap after
{Heap after GC invocations=4 (full 0):
 garbage-first heap   total 126976K, used 13655K [0x0000000084200000, 0x0000000100000000)
  region size 1024K, 5 young (5120K), 5 survivors (5120K)
 Metaspace       used 21123K, committed 21504K, reserved 1114112K
  class space    used 2556K, committed 2752K, reserved 1048576K
}
Event: 4.644 GC heap before
{Heap before GC invocations=5 (full 0):
 garbage-first heap   total 55296K, used 41303K [0x0000000084200000, 0x0000000100000000)
  region size 1024K, 32 young (32768K), 5 survivors (5120K)
 Metaspace       used 26263K, committed 26752K, reserved 1114112K
  class space    used 3271K, committed 3520K, reserved 1048576K
}
Event: 4.653 GC heap after
{Heap after GC invocations=6 (full 0):
 garbage-first heap   total 55296K, used 16059K [0x0000000084200000, 0x0000000100000000)
  region size 1024K, 3 young (3072K), 3 survivors (3072K)
 Metaspace       used 26263K, committed 26752K, reserved 1114112K
  class space    used 3271K, committed 3520K, reserved 1048576K
}
Event: 4.790 GC heap before
{Heap before GC invocations=6 (full 0):
 garbage-first heap   total 55296K, used 17083K [0x0000000084200000, 0x0000000100000000)
  region size 1024K, 4 young (4096K), 3 survivors (3072K)
 Metaspace       used 26648K, committed 27072K, reserved 1114112K
  class space    used 3313K, committed 3520K, reserved 1048576K
}
Event: 4.794 GC heap after
{Heap after GC invocations=7 (full 0):
 garbage-first heap   total 55296K, used 16479K [0x0000000084200000, 0x0000000100000000)
  region size 1024K, 1 young (1024K), 1 survivors (1024K)
 Metaspace       used 26648K, committed 27072K, reserved 1114112K
  class space    used 3313K, committed 3520K, reserved 1048576K
}
Event: 5.641 GC heap before
{Heap before GC invocations=7 (full 0):
 garbage-first heap   total 55296K, used 36959K [0x0000000084200000, 0x0000000100000000)
  region size 1024K, 22 young (22528K), 1 survivors (1024K)
 Metaspace       used 31321K, committed 31808K, reserved 1114112K
  class space    used 3872K, committed 4096K, reserved 1048576K
}
Event: 5.646 GC heap after
{Heap after GC invocations=8 (full 0):
 garbage-first heap   total 55296K, used 17680K [0x0000000084200000, 0x0000000100000000)
  region size 1024K, 2 young (2048K), 2 survivors (2048K)
 Metaspace       used 31321K, committed 31808K, reserved 1114112K
  class space    used 3872K, committed 4096K, reserved 1048576K
}
Event: 6.462 GC heap before
{Heap before GC invocations=8 (full 0):
 garbage-first heap   total 55296K, used 37136K [0x0000000084200000, 0x0000000100000000)
  region size 1024K, 22 young (22528K), 2 survivors (2048K)
 Metaspace       used 35500K, committed 35968K, reserved 1114112K
  class space    used 4521K, committed 4736K, reserved 1048576K
}
Event: 6.467 GC heap after
{Heap after GC invocations=9 (full 0):
 garbage-first heap   total 55296K, used 19862K [0x0000000084200000, 0x0000000100000000)
  region size 1024K, 3 young (3072K), 3 survivors (3072K)
 Metaspace       used 35500K, committed 35968K, reserved 1114112K
  class space    used 4521K, committed 4736K, reserved 1048576K
}
Event: 7.067 GC heap before
{Heap before GC invocations=10 (full 0):
 garbage-first heap   total 55296K, used 39318K [0x0000000084200000, 0x0000000100000000)
  region size 1024K, 22 young (22528K), 3 survivors (3072K)
 Metaspace       used 38303K, committed 38848K, reserved 1114112K
  class space    used 4895K, committed 5120K, reserved 1048576K
}
Event: 7.072 GC heap after
{Heap after GC invocations=11 (full 0):
 garbage-first heap   total 55296K, used 22056K [0x0000000084200000, 0x0000000100000000)
  region size 1024K, 3 young (3072K), 3 survivors (3072K)
 Metaspace       used 38303K, committed 38848K, reserved 1114112K
  class space    used 4895K, committed 5120K, reserved 1048576K
}
Event: 7.108 GC heap before
{Heap before GC invocations=11 (full 0):
 garbage-first heap   total 55296K, used 23080K [0x0000000084200000, 0x0000000100000000)
  region size 1024K, 4 young (4096K), 3 survivors (3072K)
 Metaspace       used 38517K, committed 39104K, reserved 1114112K
  class space    used 4927K, committed 5184K, reserved 1048576K
}
Event: 7.112 GC heap after
{Heap after GC invocations=12 (full 0):
 garbage-first heap   total 55296K, used 22170K [0x0000000084200000, 0x0000000100000000)
  region size 1024K, 1 young (1024K), 1 survivors (1024K)
 Metaspace       used 38517K, committed 39104K, reserved 1114112K
  class space    used 4927K, committed 5184K, reserved 1048576K
}
Event: 8.916 GC heap before
{Heap before GC invocations=12 (full 0):
 garbage-first heap   total 55296K, used 39578K [0x0000000084200000, 0x0000000100000000)
  region size 1024K, 19 young (19456K), 1 survivors (1024K)
 Metaspace       used 42050K, committed 42688K, reserved 1114112K
  class space    used 5416K, committed 5696K, reserved 1048576K
}
Event: 8.922 GC heap after
{Heap after GC invocations=13 (full 0):
 garbage-first heap   total 82944K, used 23841K [0x0000000084200000, 0x0000000100000000)
  region size 1024K, 2 young (2048K), 2 survivors (2048K)
 Metaspace       used 42050K, committed 42688K, reserved 1114112K
  class space    used 5416K, committed 5696K, reserved 1048576K
}

