# JRE version: OpenJDK Runtime Environment Corretto-19.0.2.7.1 (19.0.2+7) (build 19.0.2+7-FR)
# Java VM: OpenJDK 64-Bit Server VM Corretto-19.0.2.7.1 (19.0.2+7-FR, mixed mode, sharing, tiered, compressed oops, compressed class ptrs, g1 gc, windows-amd64)
GC Precious Log:
 CardTable entry size: 512
 Card Set container configuration: InlinePtr #cards 5 size 8 Array Of Cards #cards 12 size 40 Howl #buckets 4 coarsen threshold 1843 Howl Bitmap #cards 512 size 80 coarsen threshold 460 Card regions per heap region 1 cards per card region 2048
 CPUs: 8 total, 8 available
 Memory: 7926M
 Large Page Support: Disabled
 NUMA Support: Disabled
 Compressed Oops: Enabled (32-bit)
 Heap Region Size: 1M
 Heap Min Capacity: 8M
 Heap Initial Capacity: 124M
 Heap Max Capacity: 1982M
 Pre-touch: Disabled
 Parallel Workers: 8
 Concurrent Workers: 2
 Concurrent Refinement Workers: 8
 Periodic GC: Disabled
Heap:
 garbage-first heap   total 51200K, used 35287K [0x0000000084200000, 0x0000000100000000)
  region size 1024K, 12 young (12288K), 1 survivors (1024K)
 Metaspace       used 49805K, committed 50432K, reserved 1114112K
  class space    used 6189K, committed 6464K, reserved 1048576K
GC Heap History (20 events):
Event: 30.610 GC heap before
{Heap before GC invocations=11 (full 0):
 garbage-first heap   total 51200K, used 22786K [0x0000000084200000, 0x0000000100000000)
  region size 1024K, 4 young (4096K), 3 survivors (3072K)
 Metaspace       used 38253K, committed 38784K, reserved 1114112K
  class space    used 4892K, committed 5120K, reserved 1048576K
}
Event: 30.618 GC heap after
{Heap after GC invocations=12 (full 0):
 garbage-first heap   total 51200K, used 21789K [0x0000000084200000, 0x0000000100000000)
  region size 1024K, 1 young (1024K), 1 survivors (1024K)
 Metaspace       used 38253K, committed 38784K, reserved 1114112K
  class space    used 4892K, committed 5120K, reserved 1048576K
}
Event: 87.334 GC heap before
{Heap before GC invocations=12 (full 0):
 garbage-first heap   total 51200K, used 39197K [0x0000000084200000, 0x0000000100000000)
  region size 1024K, 18 young (18432K), 1 survivors (1024K)
 Metaspace       used 41045K, committed 41664K, reserved 1114112K
  class space    used 5271K, committed 5568K, reserved 1048576K
}
Event: 87.342 GC heap after
{Heap after GC invocations=13 (full 0):
 garbage-first heap   total 51200K, used 23018K [0x0000000084200000, 0x0000000100000000)
  region size 1024K, 2 young (2048K), 2 survivors (2048K)
 Metaspace       used 41045K, committed 41664K, reserved 1114112K
  class space    used 5271K, committed 5568K, reserved 1048576K
}
Event: 118.100 GC heap before
{Heap before GC invocations=13 (full 0):
 garbage-first heap   total 51200K, used 38378K [0x0000000084200000, 0x0000000100000000)
  region size 1024K, 18 young (18432K), 2 survivors (2048K)
 Metaspace       used 43688K, committed 44288K, reserved 1114112K
  class space    used 5678K, committed 5952K, reserved 1048576K
}
Event: 118.109 GC heap after
{Heap after GC invocations=14 (full 0):
 garbage-first heap   total 51200K, used 24130K [0x0000000084200000, 0x0000000100000000)
  region size 1024K, 3 young (3072K), 3 survivors (3072K)
 Metaspace       used 43688K, committed 44288K, reserved 1114112K
  class space    used 5678K, committed 5952K, reserved 1048576K
}
Event: 150.674 GC heap before
{Heap before GC invocations=14 (full 0):
 garbage-first heap   total 51200K, used 40514K [0x0000000084200000, 0x0000000100000000)
  region size 1024K, 19 young (19456K), 3 survivors (3072K)
 Metaspace       used 46373K, committed 46976K, reserved 1114112K
  class space    used 6049K, committed 6336K, reserved 1048576K
}
Event: 150.682 GC heap after
{Heap after GC invocations=15 (full 0):
 garbage-first heap   total 51200K, used 25320K [0x0000000084200000, 0x0000000100000000)
  region size 1024K, 3 young (3072K), 3 survivors (3072K)
 Metaspace       used 46373K, committed 46976K, reserved 1114112K
  class space    used 6049K, committed 6336K, reserved 1048576K
}
Event: 151.738 GC heap before
{Heap before GC invocations=15 (full 0):
 garbage-first heap   total 51200K, used 40680K [0x0000000084200000, 0x0000000100000000)
  region size 1024K, 18 young (18432K), 3 survivors (3072K)
 Metaspace       used 47046K, committed 47680K, reserved 1114112K
  class space    used 6053K, committed 6336K, reserved 1048576K
}
Event: 151.743 GC heap after
{Heap after GC invocations=16 (full 0):
 garbage-first heap   total 51200K, used 25423K [0x0000000084200000, 0x0000000100000000)
  region size 1024K, 2 young (2048K), 2 survivors (2048K)
 Metaspace       used 47046K, committed 47680K, reserved 1114112K
  class space    used 6053K, committed 6336K, reserved 1048576K
}
Event: 168.191 GC heap before
{Heap before GC invocations=17 (full 0):
 garbage-first heap   total 51200K, used 39759K [0x0000000084200000, 0x0000000100000000)
  region size 1024K, 17 young (17408K), 2 survivors (2048K)
 Metaspace       used 48510K, committed 49152K, reserved 1114112K
  class space    used 6185K, committed 6464K, reserved 1048576K
}
Event: 168.196 GC heap after
{Heap after GC invocations=18 (full 0):
 garbage-first heap   total 51200K, used 25604K [0x0000000084200000, 0x0000000100000000)
  region size 1024K, 2 young (2048K), 2 survivors (2048K)
 Metaspace       used 48510K, committed 49152K, reserved 1114112K
  class space    used 6185K, committed 6464K, reserved 1048576K
}
Event: 168.228 GC heap before
{Heap before GC invocations=18 (full 0):
 garbage-first heap   total 51200K, used 26628K [0x0000000084200000, 0x0000000100000000)
  region size 1024K, 3 young (3072K), 2 survivors (2048K)
 Metaspace       used 48537K, committed 49216K, reserved 1114112K
  class space    used 6185K, committed 6464K, reserved 1048576K
}
Event: 168.233 GC heap after
{Heap after GC invocations=19 (full 0):
 garbage-first heap   total 51200K, used 25241K [0x0000000084200000, 0x0000000100000000)
  region size 1024K, 1 young (1024K), 1 survivors (1024K)
 Metaspace       used 48537K, committed 49216K, reserved 1114112K
  class space    used 6185K, committed 6464K, reserved 1048576K
}
Event: 169.143 GC heap before
{Heap before GC invocations=19 (full 0):
 garbage-first heap   total 51200K, used 40601K [0x0000000084200000, 0x0000000100000000)
  region size 1024K, 16 young (16384K), 1 survivors (1024K)
 Metaspace       used 48894K, committed 49536K, reserved 1114112K
  class space    used 6185K, committed 6464K, reserved 1048576K
}
Event: 169.146 GC heap after
{Heap after GC invocations=20 (full 0):
 garbage-first heap   total 51200K, used 25193K [0x0000000084200000, 0x0000000100000000)
  region size 1024K, 1 young (1024K), 1 survivors (1024K)
 Metaspace       used 48894K, committed 49536K, reserved 1114112K
  class space    used 6185K, committed 6464K, reserved 1048576K
}
Event: 178.436 GC heap before
{Heap before GC invocations=21 (full 0):
 garbage-first heap   total 51200K, used 41577K [0x0000000084200000, 0x0000000100000000)
  region size 1024K, 17 young (17408K), 1 survivors (1024K)
 Metaspace       used 49741K, committed 50368K, reserved 1114112K
  class space    used 6189K, committed 6464K, reserved 1048576K
}
Event: 178.440 GC heap after
{Heap after GC invocations=22 (full 0):
 garbage-first heap   total 51200K, used 25255K [0x0000000084200000, 0x0000000100000000)
  region size 1024K, 1 young (1024K), 1 survivors (1024K)
 Metaspace       used 49741K, committed 50368K, reserved 1114112K
  class space    used 6189K, committed 6464K, reserved 1048576K
}
Event: 178.487 GC heap before
{Heap before GC invocations=22 (full 0):
 garbage-first heap   total 51200K, used 26279K [0x0000000084200000, 0x0000000100000000)
  region size 1024K, 2 young (2048K), 1 survivors (1024K)
 Metaspace       used 49741K, committed 50368K, reserved 1114112K
  class space    used 6189K, committed 6464K, reserved 1048576K
}
Event: 178.492 GC heap after
{Heap after GC invocations=23 (full 0):
 garbage-first heap   total 51200K, used 25047K [0x0000000084200000, 0x0000000100000000)
  region size 1024K, 1 young (1024K), 1 survivors (1024K)
 Metaspace       used 49741K, committed 50368K, reserved 1114112K
  class space    used 6189K, committed 6464K, reserved 1048576K
}

