# JRE version: OpenJDK Runtime Environment Corretto-19.0.2.7.1 (19.0.2+7) (build 19.0.2+7-FR)
# Java VM: OpenJDK 64-Bit Server VM Corretto-19.0.2.7.1 (19.0.2+7-FR, mixed mode, sharing, tiered, compressed oops, compressed class ptrs, g1 gc, windows-amd64)
GC Precious Log:
 CardTable entry size: 512
 Card Set container configuration: InlinePtr #cards 5 size 8 Array Of Cards #cards 12 size 40 Howl #buckets 4 coarsen threshold 1843 Howl Bitmap #cards 512 size 80 coarsen threshold 460 Card regions per heap region 1 cards per card region 2048
 CPUs: 8 total, 8 available
 Memory: 7926M
 Large Page Support: Disabled
 NUMA Support: Disabled
 Compressed Oops: Enabled (32-bit)
 Heap Region Size: 1M
 Heap Min Capacity: 8M
 Heap Initial Capacity: 124M
 Heap Max Capacity: 1982M
 Pre-touch: Disabled
 Parallel Workers: 8
 Concurrent Workers: 2
 Concurrent Refinement Workers: 8
 Periodic GC: Disabled
Heap:
 garbage-first heap   total 88064K, used 53810K [0x0000000084200000, 0x0000000100000000)
  region size 1024K, 34 young (34816K), 2 survivors (2048K)
 Metaspace       used 46281K, committed 46912K, reserved 1114112K
  class space    used 5984K, committed 6272K, reserved 1048576K
GC Heap History (20 events):
Event: 1.480 GC heap before
{Heap before GC invocations=1 (full 0):
 garbage-first heap   total 126976K, used 35628K [0x0000000084200000, 0x0000000100000000)
  region size 1024K, 32 young (32768K), 3 survivors (3072K)
 Metaspace       used 13221K, committed 13568K, reserved 1114112K
  class space    used 1555K, committed 1728K, reserved 1048576K
}
Event: 1.484 GC heap after
{Heap after GC invocations=2 (full 0):
 garbage-first heap   total 126976K, used 9452K [0x0000000084200000, 0x0000000100000000)
  region size 1024K, 3 young (3072K), 3 survivors (3072K)
 Metaspace       used 13221K, committed 13568K, reserved 1114112K
  class space    used 1555K, committed 1728K, reserved 1048576K
}
Event: 2.583 GC heap before
{Heap before GC invocations=2 (full 0):
 garbage-first heap   total 126976K, used 55532K [0x0000000084200000, 0x0000000100000000)
  region size 1024K, 50 young (51200K), 3 survivors (3072K)
 Metaspace       used 21136K, committed 21504K, reserved 1114112K
  class space    used 2556K, committed 2752K, reserved 1048576K
}
Event: 2.590 GC heap after
{Heap after GC invocations=3 (full 0):
 garbage-first heap   total 126976K, used 13109K [0x0000000084200000, 0x0000000100000000)
  region size 1024K, 7 young (7168K), 7 survivors (7168K)
 Metaspace       used 21136K, committed 21504K, reserved 1114112K
  class space    used 2556K, committed 2752K, reserved 1048576K
}
Event: 3.266 GC heap before
{Heap before GC invocations=4 (full 0):
 garbage-first heap   total 51200K, used 36661K [0x0000000084200000, 0x0000000100000000)
  region size 1024K, 30 young (30720K), 7 survivors (7168K)
 Metaspace       used 25449K, committed 25984K, reserved 1114112K
  class space    used 3123K, committed 3392K, reserved 1048576K
}
Event: 3.274 GC heap after
{Heap after GC invocations=5 (full 0):
 garbage-first heap   total 51200K, used 15568K [0x0000000084200000, 0x0000000100000000)
  region size 1024K, 3 young (3072K), 3 survivors (3072K)
 Metaspace       used 25449K, committed 25984K, reserved 1114112K
  class space    used 3123K, committed 3392K, reserved 1048576K
}
Event: 3.296 GC heap before
{Heap before GC invocations=5 (full 0):
 garbage-first heap   total 51200K, used 16592K [0x0000000084200000, 0x0000000100000000)
  region size 1024K, 4 young (4096K), 3 survivors (3072K)
 Metaspace       used 25590K, committed 26048K, reserved 1114112K
  class space    used 3163K, committed 3392K, reserved 1048576K
}
Event: 3.298 GC heap after
{Heap after GC invocations=6 (full 0):
 garbage-first heap   total 51200K, used 15758K [0x0000000084200000, 0x0000000100000000)
  region size 1024K, 1 young (1024K), 1 survivors (1024K)
 Metaspace       used 25590K, committed 26048K, reserved 1114112K
  class space    used 3163K, committed 3392K, reserved 1048576K
}
Event: 3.868 GC heap before
{Heap before GC invocations=6 (full 0):
 garbage-first heap   total 51200K, used 34190K [0x0000000084200000, 0x0000000100000000)
  region size 1024K, 20 young (20480K), 1 survivors (1024K)
 Metaspace       used 29760K, committed 30272K, reserved 1114112K
  class space    used 3677K, committed 3904K, reserved 1048576K
}
Event: 3.874 GC heap after
{Heap after GC invocations=7 (full 0):
 garbage-first heap   total 51200K, used 17160K [0x0000000084200000, 0x0000000100000000)
  region size 1024K, 2 young (2048K), 2 survivors (2048K)
 Metaspace       used 29760K, committed 30272K, reserved 1114112K
  class space    used 3677K, committed 3904K, reserved 1048576K
}
Event: 4.545 GC heap before
{Heap before GC invocations=7 (full 0):
 garbage-first heap   total 51200K, used 36616K [0x0000000084200000, 0x0000000100000000)
  region size 1024K, 21 young (21504K), 2 survivors (2048K)
 Metaspace       used 34187K, committed 34752K, reserved 1114112K
  class space    used 4325K, committed 4544K, reserved 1048576K
}
Event: 4.547 GC heap after
{Heap after GC invocations=8 (full 0):
 garbage-first heap   total 51200K, used 19017K [0x0000000084200000, 0x0000000100000000)
  region size 1024K, 2 young (2048K), 2 survivors (2048K)
 Metaspace       used 34187K, committed 34752K, reserved 1114112K
  class space    used 4325K, committed 4544K, reserved 1048576K
}
Event: 4.677 GC heap before
{Heap before GC invocations=8 (full 0):
 garbage-first heap   total 51200K, used 24137K [0x0000000084200000, 0x0000000100000000)
  region size 1024K, 8 young (8192K), 2 survivors (2048K)
 Metaspace       used 35464K, committed 35968K, reserved 1114112K
  class space    used 4517K, committed 4736K, reserved 1048576K
}
Event: 4.679 GC heap after
{Heap after GC invocations=9 (full 0):
 garbage-first heap   total 51200K, used 19720K [0x0000000084200000, 0x0000000100000000)
  region size 1024K, 1 young (1024K), 1 survivors (1024K)
 Metaspace       used 35464K, committed 35968K, reserved 1114112K
  class space    used 4517K, committed 4736K, reserved 1048576K
}
Event: 5.150 GC heap before
{Heap before GC invocations=10 (full 0):
 garbage-first heap   total 51200K, used 38152K [0x0000000084200000, 0x0000000100000000)
  region size 1024K, 19 young (19456K), 1 survivors (1024K)
 Metaspace       used 37956K, committed 38464K, reserved 1114112K
  class space    used 4844K, committed 5056K, reserved 1048576K
}
Event: 5.154 GC heap after
{Heap after GC invocations=11 (full 0):
 garbage-first heap   total 51200K, used 21758K [0x0000000084200000, 0x0000000100000000)
  region size 1024K, 3 young (3072K), 3 survivors (3072K)
 Metaspace       used 37956K, committed 38464K, reserved 1114112K
  class space    used 4844K, committed 5056K, reserved 1048576K
}
Event: 5.173 GC heap before
{Heap before GC invocations=11 (full 0):
 garbage-first heap   total 51200K, used 22782K [0x0000000084200000, 0x0000000100000000)
  region size 1024K, 4 young (4096K), 3 survivors (3072K)
 Metaspace       used 38099K, committed 38656K, reserved 1114112K
  class space    used 4864K, committed 5120K, reserved 1048576K
}
Event: 5.176 GC heap after
{Heap after GC invocations=12 (full 0):
 garbage-first heap   total 51200K, used 21708K [0x0000000084200000, 0x0000000100000000)
  region size 1024K, 1 young (1024K), 1 survivors (1024K)
 Metaspace       used 38099K, committed 38656K, reserved 1114112K
  class space    used 4864K, committed 5120K, reserved 1048576K
}
Event: 16.359 GC heap before
{Heap before GC invocations=12 (full 0):
 garbage-first heap   total 51200K, used 38092K [0x0000000084200000, 0x0000000100000000)
  region size 1024K, 18 young (18432K), 1 survivors (1024K)
 Metaspace       used 41173K, committed 41728K, reserved 1114112K
  class space    used 5296K, committed 5568K, reserved 1048576K
}
Event: 16.363 GC heap after
{Heap after GC invocations=13 (full 0):
 garbage-first heap   total 88064K, used 23090K [0x0000000084200000, 0x0000000100000000)
  region size 1024K, 2 young (2048K), 2 survivors (2048K)
 Metaspace       used 41173K, committed 41728K, reserved 1114112K
  class space    used 5296K, committed 5568K, reserved 1048576K
}

