# JRE version: OpenJDK Runtime Environment Corretto-19.0.2.7.1 (19.0.2+7) (build 19.0.2+7-FR)
# Java VM: OpenJDK 64-Bit Server VM Corretto-19.0.2.7.1 (19.0.2+7-FR, mixed mode, sharing, tiered, compressed oops, compressed class ptrs, g1 gc, windows-amd64)
GC Precious Log:
 CardTable entry size: 512
 Card Set container configuration: InlinePtr #cards 5 size 8 Array Of Cards #cards 12 size 40 Howl #buckets 4 coarsen threshold 1843 Howl Bitmap #cards 512 size 80 coarsen threshold 460 Card regions per heap region 1 cards per card region 2048
 CPUs: 8 total, 8 available
 Memory: 7926M
 Large Page Support: Disabled
 NUMA Support: Disabled
 Compressed Oops: Enabled (32-bit)
 Heap Region Size: 1M
 Heap Min Capacity: 8M
 Heap Initial Capacity: 124M
 Heap Max Capacity: 1982M
 Pre-touch: Disabled
 Parallel Workers: 8
 Concurrent Workers: 2
 Concurrent Refinement Workers: 8
 Periodic GC: Disabled
Heap:
 garbage-first heap   total 71680K, used 45464K [0x0000000084200000, 0x0000000100000000)
  region size 1024K, 24 young (24576K), 3 survivors (3072K)
 Metaspace       used 46516K, committed 47232K, reserved 1114112K
  class space    used 5951K, committed 6272K, reserved 1048576K
GC Heap History (20 events):
Event: 1.171 GC heap before
{Heap before GC invocations=1 (full 0):
 garbage-first heap   total 126976K, used 36495K [0x0000000084200000, 0x0000000100000000)
  region size 1024K, 32 young (32768K), 3 survivors (3072K)
 Metaspace       used 13247K, committed 13632K, reserved 1114112K
  class space    used 1555K, committed 1728K, reserved 1048576K
}
Event: 1.175 GC heap after
{Heap after GC invocations=2 (full 0):
 garbage-first heap   total 126976K, used 10184K [0x0000000084200000, 0x0000000100000000)
  region size 1024K, 3 young (3072K), 3 survivors (3072K)
 Metaspace       used 13247K, committed 13632K, reserved 1114112K
  class space    used 1555K, committed 1728K, reserved 1048576K
}
Event: 1.995 GC heap before
{Heap before GC invocations=2 (full 0):
 garbage-first heap   total 126976K, used 56264K [0x0000000084200000, 0x0000000100000000)
  region size 1024K, 50 young (51200K), 3 survivors (3072K)
 Metaspace       used 21126K, committed 21504K, reserved 1114112K
  class space    used 2556K, committed 2752K, reserved 1048576K
}
Event: 2.001 GC heap after
{Heap after GC invocations=3 (full 0):
 garbage-first heap   total 126976K, used 14071K [0x0000000084200000, 0x0000000100000000)
  region size 1024K, 7 young (7168K), 7 survivors (7168K)
 Metaspace       used 21126K, committed 21504K, reserved 1114112K
  class space    used 2556K, committed 2752K, reserved 1048576K
}
Event: 2.536 GC heap before
{Heap before GC invocations=4 (full 0):
 garbage-first heap   total 55296K, used 39671K [0x0000000084200000, 0x0000000100000000)
  region size 1024K, 32 young (32768K), 7 survivors (7168K)
 Metaspace       used 25754K, committed 26240K, reserved 1114112K
  class space    used 3209K, committed 3456K, reserved 1048576K
}
Event: 2.543 GC heap after
{Heap after GC invocations=5 (full 0):
 garbage-first heap   total 55296K, used 16421K [0x0000000084200000, 0x0000000100000000)
  region size 1024K, 3 young (3072K), 3 survivors (3072K)
 Metaspace       used 25754K, committed 26240K, reserved 1114112K
  class space    used 3209K, committed 3456K, reserved 1048576K
}
Event: 2.564 GC heap before
{Heap before GC invocations=5 (full 0):
 garbage-first heap   total 55296K, used 17445K [0x0000000084200000, 0x0000000100000000)
  region size 1024K, 4 young (4096K), 3 survivors (3072K)
 Metaspace       used 25913K, committed 26368K, reserved 1114112K
  class space    used 3236K, committed 3456K, reserved 1048576K
}
Event: 2.566 GC heap after
{Heap after GC invocations=6 (full 0):
 garbage-first heap   total 55296K, used 16770K [0x0000000084200000, 0x0000000100000000)
  region size 1024K, 1 young (1024K), 1 survivors (1024K)
 Metaspace       used 25913K, committed 26368K, reserved 1114112K
  class space    used 3236K, committed 3456K, reserved 1048576K
}
Event: 3.053 GC heap before
{Heap before GC invocations=6 (full 0):
 garbage-first heap   total 55296K, used 36226K [0x0000000084200000, 0x0000000100000000)
  region size 1024K, 21 young (21504K), 1 survivors (1024K)
 Metaspace       used 30609K, committed 31104K, reserved 1114112K
  class space    used 3781K, committed 4032K, reserved 1048576K
}
Event: 3.055 GC heap after
{Heap after GC invocations=7 (full 0):
 garbage-first heap   total 55296K, used 18169K [0x0000000084200000, 0x0000000100000000)
  region size 1024K, 2 young (2048K), 2 survivors (2048K)
 Metaspace       used 30609K, committed 31104K, reserved 1114112K
  class space    used 3781K, committed 4032K, reserved 1048576K
}
Event: 3.388 GC heap before
{Heap before GC invocations=7 (full 0):
 garbage-first heap   total 55296K, used 38649K [0x0000000084200000, 0x0000000100000000)
  region size 1024K, 22 young (22528K), 2 survivors (2048K)
 Metaspace       used 35117K, committed 35584K, reserved 1114112K
  class space    used 4461K, committed 4672K, reserved 1048576K
}
Event: 3.392 GC heap after
{Heap after GC invocations=8 (full 0):
 garbage-first heap   total 55296K, used 20407K [0x0000000084200000, 0x0000000100000000)
  region size 1024K, 3 young (3072K), 3 survivors (3072K)
 Metaspace       used 35117K, committed 35584K, reserved 1114112K
  class space    used 4461K, committed 4672K, reserved 1048576K
}
Event: 3.423 GC heap before
{Heap before GC invocations=8 (full 0):
 garbage-first heap   total 55296K, used 21431K [0x0000000084200000, 0x0000000100000000)
  region size 1024K, 5 young (5120K), 3 survivors (3072K)
 Metaspace       used 35461K, committed 35968K, reserved 1114112K
  class space    used 4517K, committed 4736K, reserved 1048576K
}
Event: 3.425 GC heap after
{Heap after GC invocations=9 (full 0):
 garbage-first heap   total 55296K, used 20668K [0x0000000084200000, 0x0000000100000000)
  region size 1024K, 1 young (1024K), 1 survivors (1024K)
 Metaspace       used 35461K, committed 35968K, reserved 1114112K
  class space    used 4517K, committed 4736K, reserved 1048576K
}
Event: 3.804 GC heap before
{Heap before GC invocations=10 (full 0):
 garbage-first heap   total 55296K, used 40124K [0x0000000084200000, 0x0000000100000000)
  region size 1024K, 20 young (20480K), 1 survivors (1024K)
 Metaspace       used 38202K, committed 38720K, reserved 1114112K
  class space    used 4879K, committed 5120K, reserved 1048576K
}
Event: 3.806 GC heap after
{Heap after GC invocations=11 (full 0):
 garbage-first heap   total 71680K, used 22504K [0x0000000084200000, 0x0000000100000000)
  region size 1024K, 3 young (3072K), 3 survivors (3072K)
 Metaspace       used 38202K, committed 38720K, reserved 1114112K
  class space    used 4879K, committed 5120K, reserved 1048576K
}
Event: 3.822 GC heap before
{Heap before GC invocations=11 (full 0):
 garbage-first heap   total 71680K, used 23528K [0x0000000084200000, 0x0000000100000000)
  region size 1024K, 4 young (4096K), 3 survivors (3072K)
 Metaspace       used 38407K, committed 38912K, reserved 1114112K
  class space    used 4907K, committed 5120K, reserved 1048576K
}
Event: 3.826 GC heap after
{Heap after GC invocations=12 (full 0):
 garbage-first heap   total 71680K, used 22279K [0x0000000084200000, 0x0000000100000000)
  region size 1024K, 1 young (1024K), 1 survivors (1024K)
 Metaspace       used 38407K, committed 38912K, reserved 1114112K
  class space    used 4907K, committed 5120K, reserved 1048576K
}
Event: 12.896 GC heap before
{Heap before GC invocations=12 (full 0):
 garbage-first heap   total 71680K, used 52999K [0x0000000084200000, 0x0000000100000000)
  region size 1024K, 31 young (31744K), 1 survivors (1024K)
 Metaspace       used 44450K, committed 45120K, reserved 1114112K
  class space    used 5776K, committed 6080K, reserved 1048576K
}
Event: 12.902 GC heap after
{Heap after GC invocations=13 (full 0):
 garbage-first heap   total 71680K, used 24984K [0x0000000084200000, 0x0000000100000000)
  region size 1024K, 3 young (3072K), 3 survivors (3072K)
 Metaspace       used 44450K, committed 45120K, reserved 1114112K
  class space    used 5776K, committed 6080K, reserved 1048576K
}

